CRITICAL - 2021-12-21 10:28:05 --> Undefined variable $data
#0 C:\xampp\htdocs\CodeIgniter\app\Views\pages\Login.php(28): CodeIgniter\Debug\Exceptions->errorHandler(2, 'Undefined varia...', 'C:\\xampp\\htdocs...', 28)
#1 C:\xampp\htdocs\CodeIgniter\system\View\View.php(214): include('C:\\xampp\\htdocs...')
#2 C:\xampp\htdocs\CodeIgniter\system\View\View.php(217): CodeIgniter\View\View->CodeIgniter\View\{closure}()
#3 C:\xampp\htdocs\CodeIgniter\system\Common.php(1097): CodeIgniter\View\View->render('pages/Login', Array, true)
#4 C:\xampp\htdocs\CodeIgniter\app\Controllers\Login.php(9): view('pages/Login', Array)
#5 C:\xampp\htdocs\CodeIgniter\system\CodeIgniter.php(824): App\Controllers\Login->index()
#6 C:\xampp\htdocs\CodeIgniter\system\CodeIgniter.php(410): CodeIgniter\CodeIgniter->runController(Object(App\Controllers\Login))
#7 C:\xampp\htdocs\CodeIgniter\system\CodeIgniter.php(318): CodeIgniter\CodeIgniter->handleRequest(NULL, Object(Config\Cache), false)
#8 C:\xampp\htdocs\CodeIgniter\public\index.php(37): CodeIgniter\CodeIgniter->run()
#9 {main}
CRITICAL - 2021-12-21 10:28:16 --> Undefined variable $data
#0 C:\xampp\htdocs\CodeIgniter\app\Views\pages\Login.php(28): CodeIgniter\Debug\Exceptions->errorHandler(2, 'Undefined varia...', 'C:\\xampp\\htdocs...', 28)
#1 C:\xampp\htdocs\CodeIgniter\system\View\View.php(214): include('C:\\xampp\\htdocs...')
#2 C:\xampp\htdocs\CodeIgniter\system\View\View.php(217): CodeIgniter\View\View->CodeIgniter\View\{closure}()
#3 C:\xampp\htdocs\CodeIgniter\system\Common.php(1097): CodeIgniter\View\View->render('pages/Login', Array, true)
#4 C:\xampp\htdocs\CodeIgniter\app\Controllers\Login.php(9): view('pages/Login', Array)
#5 C:\xampp\htdocs\CodeIgniter\system\CodeIgniter.php(824): App\Controllers\Login->index()
#6 C:\xampp\htdocs\CodeIgniter\system\CodeIgniter.php(410): CodeIgniter\CodeIgniter->runController(Object(App\Controllers\Login))
#7 C:\xampp\htdocs\CodeIgniter\system\CodeIgniter.php(318): CodeIgniter\CodeIgniter->handleRequest(NULL, Object(Config\Cache), false)
#8 C:\xampp\htdocs\CodeIgniter\public\index.php(37): CodeIgniter\CodeIgniter->run()
#9 {main}
CRITICAL - 2021-12-21 10:29:26 --> Undefined array key "MitgliedID"
#0 C:\xampp\htdocs\CodeIgniter\app\Views\pages\table_dyn.php(4): CodeIgniter\Debug\Exceptions->errorHandler(2, 'Undefined array...', 'C:\\xampp\\htdocs...', 4)
#1 C:\xampp\htdocs\CodeIgniter\system\View\View.php(214): include('C:\\xampp\\htdocs...')
#2 C:\xampp\htdocs\CodeIgniter\system\View\View.php(217): CodeIgniter\View\View->CodeIgniter\View\{closure}()
#3 C:\xampp\htdocs\CodeIgniter\system\Common.php(1097): CodeIgniter\View\View->render('pages/table_dyn', Array, true)
#4 C:\xampp\htdocs\CodeIgniter\app\Controllers\First.php(27): view('pages/table_dyn', Array)
#5 C:\xampp\htdocs\CodeIgniter\system\CodeIgniter.php(824): App\Controllers\First->table_dyn()
#6 C:\xampp\htdocs\CodeIgniter\system\CodeIgniter.php(410): CodeIgniter\CodeIgniter->runController(Object(App\Controllers\First))
#7 C:\xampp\htdocs\CodeIgniter\system\CodeIgniter.php(318): CodeIgniter\CodeIgniter->handleRequest(NULL, Object(Config\Cache), false)
#8 C:\xampp\htdocs\CodeIgniter\public\index.php(37): CodeIgniter\CodeIgniter->run()
#9 {main}
CRITICAL - 2021-12-21 10:29:46 --> Undefined array key "MitgliedID"
#0 C:\xampp\htdocs\CodeIgniter\app\Views\pages\table_dyn.php(4): CodeIgniter\Debug\Exceptions->errorHandler(2, 'Undefined array...', 'C:\\xampp\\htdocs...', 4)
#1 C:\xampp\htdocs\CodeIgniter\system\View\View.php(214): include('C:\\xampp\\htdocs...')
#2 C:\xampp\htdocs\CodeIgniter\system\View\View.php(217): CodeIgniter\View\View->CodeIgniter\View\{closure}()
#3 C:\xampp\htdocs\CodeIgniter\system\Common.php(1097): CodeIgniter\View\View->render('pages/table_dyn', Array, true)
#4 C:\xampp\htdocs\CodeIgniter\app\Controllers\First.php(27): view('pages/table_dyn', Array)
#5 C:\xampp\htdocs\CodeIgniter\system\CodeIgniter.php(824): App\Controllers\First->table_dyn()
#6 C:\xampp\htdocs\CodeIgniter\system\CodeIgniter.php(410): CodeIgniter\CodeIgniter->runController(Object(App\Controllers\First))
#7 C:\xampp\htdocs\CodeIgniter\system\CodeIgniter.php(318): CodeIgniter\CodeIgniter->handleRequest(NULL, Object(Config\Cache), false)
#8 C:\xampp\htdocs\CodeIgniter\public\index.php(37): CodeIgniter\CodeIgniter->run()
#9 {main}
CRITICAL - 2021-12-21 10:29:50 --> Undefined array key "MitgliedID"
#0 C:\xampp\htdocs\CodeIgniter\app\Views\pages\table_dyn.php(4): CodeIgniter\Debug\Exceptions->errorHandler(2, 'Undefined array...', 'C:\\xampp\\htdocs...', 4)
#1 C:\xampp\htdocs\CodeIgniter\system\View\View.php(214): include('C:\\xampp\\htdocs...')
#2 C:\xampp\htdocs\CodeIgniter\system\View\View.php(217): CodeIgniter\View\View->CodeIgniter\View\{closure}()
#3 C:\xampp\htdocs\CodeIgniter\system\Common.php(1097): CodeIgniter\View\View->render('pages/table_dyn', Array, true)
#4 C:\xampp\htdocs\CodeIgniter\app\Controllers\First.php(27): view('pages/table_dyn', Array)
#5 C:\xampp\htdocs\CodeIgniter\system\CodeIgniter.php(824): App\Controllers\First->table_dyn()
#6 C:\xampp\htdocs\CodeIgniter\system\CodeIgniter.php(410): CodeIgniter\CodeIgniter->runController(Object(App\Controllers\First))
#7 C:\xampp\htdocs\CodeIgniter\system\CodeIgniter.php(318): CodeIgniter\CodeIgniter->handleRequest(NULL, Object(Config\Cache), false)
#8 C:\xampp\htdocs\CodeIgniter\public\index.php(37): CodeIgniter\CodeIgniter->run()
#9 {main}
CRITICAL - 2021-12-21 10:30:30 --> Undefined variable $data
#0 C:\xampp\htdocs\CodeIgniter\app\Views\pages\table_stat.php(4): CodeIgniter\Debug\Exceptions->errorHandler(2, 'Undefined varia...', 'C:\\xampp\\htdocs...', 4)
#1 C:\xampp\htdocs\CodeIgniter\system\View\View.php(214): include('C:\\xampp\\htdocs...')
#2 C:\xampp\htdocs\CodeIgniter\system\View\View.php(217): CodeIgniter\View\View->CodeIgniter\View\{closure}()
#3 C:\xampp\htdocs\CodeIgniter\system\Common.php(1097): CodeIgniter\View\View->render('pages/table_sta...', Array, true)
#4 C:\xampp\htdocs\CodeIgniter\app\Controllers\First.php(18): view('pages/table_sta...', Array)
#5 C:\xampp\htdocs\CodeIgniter\system\CodeIgniter.php(824): App\Controllers\First->table_stat()
#6 C:\xampp\htdocs\CodeIgniter\system\CodeIgniter.php(410): CodeIgniter\CodeIgniter->runController(Object(App\Controllers\First))
#7 C:\xampp\htdocs\CodeIgniter\system\CodeIgniter.php(318): CodeIgniter\CodeIgniter->handleRequest(NULL, Object(Config\Cache), false)
#8 C:\xampp\htdocs\CodeIgniter\public\index.php(37): CodeIgniter\CodeIgniter->run()
#9 {main}
CRITICAL - 2021-12-21 10:30:54 --> Undefined constant "title"
#0 C:\xampp\htdocs\CodeIgniter\system\View\View.php(214): include()
#1 C:\xampp\htdocs\CodeIgniter\system\View\View.php(217): CodeIgniter\View\View->CodeIgniter\View\{closure}()
#2 C:\xampp\htdocs\CodeIgniter\system\Common.php(1097): CodeIgniter\View\View->render('pages/table_sta...', Array, true)
#3 C:\xampp\htdocs\CodeIgniter\app\Controllers\First.php(18): view('pages/table_sta...', Array)
#4 C:\xampp\htdocs\CodeIgniter\system\CodeIgniter.php(824): App\Controllers\First->table_stat()
#5 C:\xampp\htdocs\CodeIgniter\system\CodeIgniter.php(410): CodeIgniter\CodeIgniter->runController(Object(App\Controllers\First))
#6 C:\xampp\htdocs\CodeIgniter\system\CodeIgniter.php(318): CodeIgniter\CodeIgniter->handleRequest(NULL, Object(Config\Cache), false)
#7 C:\xampp\htdocs\CodeIgniter\public\index.php(37): CodeIgniter\CodeIgniter->run()
#8 {main}
CRITICAL - 2021-12-21 10:31:12 --> Undefined variable $data
#0 C:\xampp\htdocs\CodeIgniter\app\Views\pages\table_stat.php(4): CodeIgniter\Debug\Exceptions->errorHandler(2, 'Undefined varia...', 'C:\\xampp\\htdocs...', 4)
#1 C:\xampp\htdocs\CodeIgniter\system\View\View.php(214): include('C:\\xampp\\htdocs...')
#2 C:\xampp\htdocs\CodeIgniter\system\View\View.php(217): CodeIgniter\View\View->CodeIgniter\View\{closure}()
#3 C:\xampp\htdocs\CodeIgniter\system\Common.php(1097): CodeIgniter\View\View->render('pages/table_sta...', Array, true)
#4 C:\xampp\htdocs\CodeIgniter\app\Controllers\First.php(18): view('pages/table_sta...', Array)
#5 C:\xampp\htdocs\CodeIgniter\system\CodeIgniter.php(824): App\Controllers\First->table_stat()
#6 C:\xampp\htdocs\CodeIgniter\system\CodeIgniter.php(410): CodeIgniter\CodeIgniter->runController(Object(App\Controllers\First))
#7 C:\xampp\htdocs\CodeIgniter\system\CodeIgniter.php(318): CodeIgniter\CodeIgniter->handleRequest(NULL, Object(Config\Cache), false)
#8 C:\xampp\htdocs\CodeIgniter\public\index.php(37): CodeIgniter\CodeIgniter->run()
#9 {main}
CRITICAL - 2021-12-21 10:33:10 --> Undefined variable $data
#0 C:\xampp\htdocs\CodeIgniter\app\Views\pages\table_stat.php(4): CodeIgniter\Debug\Exceptions->errorHandler(2, 'Undefined varia...', 'C:\\xampp\\htdocs...', 4)
#1 C:\xampp\htdocs\CodeIgniter\system\View\View.php(214): include('C:\\xampp\\htdocs...')
#2 C:\xampp\htdocs\CodeIgniter\system\View\View.php(217): CodeIgniter\View\View->CodeIgniter\View\{closure}()
#3 C:\xampp\htdocs\CodeIgniter\system\Common.php(1097): CodeIgniter\View\View->render('pages/table_sta...', Array, true)
#4 C:\xampp\htdocs\CodeIgniter\app\Controllers\First.php(18): view('pages/table_sta...', Array)
#5 C:\xampp\htdocs\CodeIgniter\system\CodeIgniter.php(824): App\Controllers\First->table_stat('S-T')
#6 C:\xampp\htdocs\CodeIgniter\system\CodeIgniter.php(410): CodeIgniter\CodeIgniter->runController(Object(App\Controllers\First))
#7 C:\xampp\htdocs\CodeIgniter\system\CodeIgniter.php(318): CodeIgniter\CodeIgniter->handleRequest(NULL, Object(Config\Cache), false)
#8 C:\xampp\htdocs\CodeIgniter\public\index.php(37): CodeIgniter\CodeIgniter->run()
#9 {main}
CRITICAL - 2021-12-21 10:39:38 --> Undefined variable $data
#0 C:\xampp\htdocs\CodeIgniter\app\Views\pages\Login.php(28): CodeIgniter\Debug\Exceptions->errorHandler(2, 'Undefined varia...', 'C:\\xampp\\htdocs...', 28)
#1 C:\xampp\htdocs\CodeIgniter\system\View\View.php(214): include('C:\\xampp\\htdocs...')
#2 C:\xampp\htdocs\CodeIgniter\system\View\View.php(217): CodeIgniter\View\View->CodeIgniter\View\{closure}()
#3 C:\xampp\htdocs\CodeIgniter\system\Common.php(1097): CodeIgniter\View\View->render('pages/Login', Array, true)
#4 C:\xampp\htdocs\CodeIgniter\app\Controllers\Login.php(9): view('pages/Login', Array)
#5 C:\xampp\htdocs\CodeIgniter\system\CodeIgniter.php(824): App\Controllers\Login->index()
#6 C:\xampp\htdocs\CodeIgniter\system\CodeIgniter.php(410): CodeIgniter\CodeIgniter->runController(Object(App\Controllers\Login))
#7 C:\xampp\htdocs\CodeIgniter\system\CodeIgniter.php(318): CodeIgniter\CodeIgniter->handleRequest(NULL, Object(Config\Cache), false)
#8 C:\xampp\htdocs\CodeIgniter\public\index.php(37): CodeIgniter\CodeIgniter->run()
#9 {main}
CRITICAL - 2021-12-21 10:39:43 --> Undefined property: App\Controllers\test::$load
#0 C:\xampp\htdocs\CodeIgniter\app\Controllers\test.php(7): CodeIgniter\Debug\Exceptions->errorHandler(2, 'Undefined prope...', 'C:\\xampp\\htdocs...', 7)
#1 C:\xampp\htdocs\CodeIgniter\system\CodeIgniter.php(824): App\Controllers\test->index()
#2 C:\xampp\htdocs\CodeIgniter\system\CodeIgniter.php(410): CodeIgniter\CodeIgniter->runController(Object(App\Controllers\test))
#3 C:\xampp\htdocs\CodeIgniter\system\CodeIgniter.php(318): CodeIgniter\CodeIgniter->handleRequest(NULL, Object(Config\Cache), false)
#4 C:\xampp\htdocs\CodeIgniter\public\index.php(37): CodeIgniter\CodeIgniter->run()
#5 {main}
CRITICAL - 2021-12-21 10:40:07 --> Undefined property: App\Controllers\test::$load
#0 C:\xampp\htdocs\CodeIgniter\app\Controllers\test.php(7): CodeIgniter\Debug\Exceptions->errorHandler(2, 'Undefined prope...', 'C:\\xampp\\htdocs...', 7)
#1 C:\xampp\htdocs\CodeIgniter\system\CodeIgniter.php(824): App\Controllers\test->index()
#2 C:\xampp\htdocs\CodeIgniter\system\CodeIgniter.php(410): CodeIgniter\CodeIgniter->runController(Object(App\Controllers\test))
#3 C:\xampp\htdocs\CodeIgniter\system\CodeIgniter.php(318): CodeIgniter\CodeIgniter->handleRequest(NULL, Object(Config\Cache), false)
#4 C:\xampp\htdocs\CodeIgniter\public\index.php(37): CodeIgniter\CodeIgniter->run()
#5 {main}
CRITICAL - 2021-12-21 10:42:51 --> Undefined property: App\Controllers\test::$load
#0 C:\xampp\htdocs\CodeIgniter\app\Controllers\test.php(7): CodeIgniter\Debug\Exceptions->errorHandler(2, 'Undefined prope...', 'C:\\xampp\\htdocs...', 7)
#1 C:\xampp\htdocs\CodeIgniter\system\CodeIgniter.php(824): App\Controllers\test->index()
#2 C:\xampp\htdocs\CodeIgniter\system\CodeIgniter.php(410): CodeIgniter\CodeIgniter->runController(Object(App\Controllers\test))
#3 C:\xampp\htdocs\CodeIgniter\system\CodeIgniter.php(318): CodeIgniter\CodeIgniter->handleRequest(NULL, Object(Config\Cache), false)
#4 C:\xampp\htdocs\CodeIgniter\public\index.php(37): CodeIgniter\CodeIgniter->run()
#5 {main}
CRITICAL - 2021-12-21 10:43:01 --> Undefined constant "App\Controllers\App"
#0 C:\xampp\htdocs\CodeIgniter\system\CodeIgniter.php(824): App\Controllers\test->index()
#1 C:\xampp\htdocs\CodeIgniter\system\CodeIgniter.php(410): CodeIgniter\CodeIgniter->runController(Object(App\Controllers\test))
#2 C:\xampp\htdocs\CodeIgniter\system\CodeIgniter.php(318): CodeIgniter\CodeIgniter->handleRequest(NULL, Object(Config\Cache), false)
#3 C:\xampp\htdocs\CodeIgniter\public\index.php(37): CodeIgniter\CodeIgniter->run()
#4 {main}
CRITICAL - 2021-12-21 10:45:28 --> Undefined constant "data"
#0 C:\xampp\htdocs\CodeIgniter\system\View\View.php(214): include()
#1 C:\xampp\htdocs\CodeIgniter\system\View\View.php(217): CodeIgniter\View\View->CodeIgniter\View\{closure}()
#2 C:\xampp\htdocs\CodeIgniter\system\Common.php(1097): CodeIgniter\View\View->render('pages/test', Array, true)
#3 C:\xampp\htdocs\CodeIgniter\app\Controllers\test.php(8): view('pages/test', Array)
#4 C:\xampp\htdocs\CodeIgniter\system\CodeIgniter.php(824): App\Controllers\test->index()
#5 C:\xampp\htdocs\CodeIgniter\system\CodeIgniter.php(410): CodeIgniter\CodeIgniter->runController(Object(App\Controllers\test))
#6 C:\xampp\htdocs\CodeIgniter\system\CodeIgniter.php(318): CodeIgniter\CodeIgniter->handleRequest(NULL, Object(Config\Cache), false)
#7 C:\xampp\htdocs\CodeIgniter\public\index.php(37): CodeIgniter\CodeIgniter->run()
#8 {main}
CRITICAL - 2021-12-21 10:49:09 --> Undefined variable $data
#0 C:\xampp\htdocs\CodeIgniter\app\Controllers\test.php(10): CodeIgniter\Debug\Exceptions->errorHandler(2, 'Undefined varia...', 'C:\\xampp\\htdocs...', 10)
#1 C:\xampp\htdocs\CodeIgniter\system\CodeIgniter.php(824): App\Controllers\test->index()
#2 C:\xampp\htdocs\CodeIgniter\system\CodeIgniter.php(410): CodeIgniter\CodeIgniter->runController(Object(App\Controllers\test))
#3 C:\xampp\htdocs\CodeIgniter\system\CodeIgniter.php(318): CodeIgniter\CodeIgniter->handleRequest(NULL, Object(Config\Cache), false)
#4 C:\xampp\htdocs\CodeIgniter\public\index.php(37): CodeIgniter\CodeIgniter->run()
#5 {main}
CRITICAL - 2021-12-21 10:53:01 --> Undefined variable $title
#0 C:\xampp\htdocs\CodeIgniter\app\Views\templates\header.php(7): CodeIgniter\Debug\Exceptions->errorHandler(2, 'Undefined varia...', 'C:\\xampp\\htdocs...', 7)
#1 C:\xampp\htdocs\CodeIgniter\system\View\View.php(214): include('C:\\xampp\\htdocs...')
#2 C:\xampp\htdocs\CodeIgniter\system\View\View.php(217): CodeIgniter\View\View->CodeIgniter\View\{closure}()
#3 C:\xampp\htdocs\CodeIgniter\system\Common.php(1097): CodeIgniter\View\View->render('templates/heade...', Array, true)
#4 C:\xampp\htdocs\CodeIgniter\app\Controllers\test.php(9): view('templates/heade...', Array)
#5 C:\xampp\htdocs\CodeIgniter\system\CodeIgniter.php(824): App\Controllers\test->index()
#6 C:\xampp\htdocs\CodeIgniter\system\CodeIgniter.php(410): CodeIgniter\CodeIgniter->runController(Object(App\Controllers\test))
#7 C:\xampp\htdocs\CodeIgniter\system\CodeIgniter.php(318): CodeIgniter\CodeIgniter->handleRequest(NULL, Object(Config\Cache), false)
#8 C:\xampp\htdocs\CodeIgniter\public\index.php(37): CodeIgniter\CodeIgniter->run()
#9 {main}
CRITICAL - 2021-12-21 10:53:08 --> Undefined variable $title
#0 C:\xampp\htdocs\CodeIgniter\app\Views\templates\header.php(7): CodeIgniter\Debug\Exceptions->errorHandler(2, 'Undefined varia...', 'C:\\xampp\\htdocs...', 7)
#1 C:\xampp\htdocs\CodeIgniter\system\View\View.php(214): include('C:\\xampp\\htdocs...')
#2 C:\xampp\htdocs\CodeIgniter\system\View\View.php(217): CodeIgniter\View\View->CodeIgniter\View\{closure}()
#3 C:\xampp\htdocs\CodeIgniter\system\Common.php(1097): CodeIgniter\View\View->render('templates/heade...', Array, true)
#4 C:\xampp\htdocs\CodeIgniter\app\Controllers\Login.php(8): view('templates/heade...')
#5 C:\xampp\htdocs\CodeIgniter\system\CodeIgniter.php(824): App\Controllers\Login->index()
#6 C:\xampp\htdocs\CodeIgniter\system\CodeIgniter.php(410): CodeIgniter\CodeIgniter->runController(Object(App\Controllers\Login))
#7 C:\xampp\htdocs\CodeIgniter\system\CodeIgniter.php(318): CodeIgniter\CodeIgniter->handleRequest(NULL, Object(Config\Cache), false)
#8 C:\xampp\htdocs\CodeIgniter\public\index.php(37): CodeIgniter\CodeIgniter->run()
#9 {main}
CRITICAL - 2021-12-21 10:56:15 --> Undefined variable $data
#0 C:\xampp\htdocs\CodeIgniter\app\Views\pages\Login.php(28): CodeIgniter\Debug\Exceptions->errorHandler(2, 'Undefined varia...', 'C:\\xampp\\htdocs...', 28)
#1 C:\xampp\htdocs\CodeIgniter\system\View\View.php(214): include('C:\\xampp\\htdocs...')
#2 C:\xampp\htdocs\CodeIgniter\system\View\View.php(217): CodeIgniter\View\View->CodeIgniter\View\{closure}()
#3 C:\xampp\htdocs\CodeIgniter\system\Common.php(1097): CodeIgniter\View\View->render('pages/Login', Array, true)
#4 C:\xampp\htdocs\CodeIgniter\app\Controllers\Login.php(9): view('pages/Login', Array)
#5 C:\xampp\htdocs\CodeIgniter\system\CodeIgniter.php(824): App\Controllers\Login->index()
#6 C:\xampp\htdocs\CodeIgniter\system\CodeIgniter.php(410): CodeIgniter\CodeIgniter->runController(Object(App\Controllers\Login))
#7 C:\xampp\htdocs\CodeIgniter\system\CodeIgniter.php(318): CodeIgniter\CodeIgniter->handleRequest(NULL, Object(Config\Cache), false)
#8 C:\xampp\htdocs\CodeIgniter\public\index.php(37): CodeIgniter\CodeIgniter->run()
#9 {main}
CRITICAL - 2021-12-21 11:05:09 --> include(sidebar_fun.php): Failed to open stream: No such file or directory
#0 C:\xampp\htdocs\CodeIgniter\app\Views\templates\header.php(29): CodeIgniter\Debug\Exceptions->errorHandler(2, 'include(sidebar...', 'C:\\xampp\\htdocs...', 29)
#1 C:\xampp\htdocs\CodeIgniter\app\Views\templates\header.php(29): include()
#2 C:\xampp\htdocs\CodeIgniter\system\View\View.php(214): include('C:\\xampp\\htdocs...')
#3 C:\xampp\htdocs\CodeIgniter\system\View\View.php(217): CodeIgniter\View\View->CodeIgniter\View\{closure}()
#4 C:\xampp\htdocs\CodeIgniter\system\Common.php(1097): CodeIgniter\View\View->render('templates/heade...', Array, true)
#5 C:\xampp\htdocs\CodeIgniter\app\Controllers\Login.php(8): view('templates/heade...', Array)
#6 C:\xampp\htdocs\CodeIgniter\system\CodeIgniter.php(824): App\Controllers\Login->index()
#7 C:\xampp\htdocs\CodeIgniter\system\CodeIgniter.php(410): CodeIgniter\CodeIgniter->runController(Object(App\Controllers\Login))
#8 C:\xampp\htdocs\CodeIgniter\system\CodeIgniter.php(318): CodeIgniter\CodeIgniter->handleRequest(NULL, Object(Config\Cache), false)
#9 C:\xampp\htdocs\CodeIgniter\public\index.php(37): CodeIgniter\CodeIgniter->run()
#10 {main}
CRITICAL - 2021-12-21 11:05:26 --> include(sidebar_fun.php): Failed to open stream: No such file or directory
#0 C:\xampp\htdocs\CodeIgniter\app\Views\templates\header.php(29): CodeIgniter\Debug\Exceptions->errorHandler(2, 'include(sidebar...', 'C:\\xampp\\htdocs...', 29)
#1 C:\xampp\htdocs\CodeIgniter\app\Views\templates\header.php(29): include()
#2 C:\xampp\htdocs\CodeIgniter\system\View\View.php(214): include('C:\\xampp\\htdocs...')
#3 C:\xampp\htdocs\CodeIgniter\system\View\View.php(217): CodeIgniter\View\View->CodeIgniter\View\{closure}()
#4 C:\xampp\htdocs\CodeIgniter\system\Common.php(1097): CodeIgniter\View\View->render('templates/heade...', Array, true)
#5 C:\xampp\htdocs\CodeIgniter\app\Controllers\Login.php(8): view('templates/heade...', Array)
#6 C:\xampp\htdocs\CodeIgniter\system\CodeIgniter.php(824): App\Controllers\Login->index()
#7 C:\xampp\htdocs\CodeIgniter\system\CodeIgniter.php(410): CodeIgniter\CodeIgniter->runController(Object(App\Controllers\Login))
#8 C:\xampp\htdocs\CodeIgniter\system\CodeIgniter.php(318): CodeIgniter\CodeIgniter->handleRequest(NULL, Object(Config\Cache), false)
#9 C:\xampp\htdocs\CodeIgniter\public\index.php(37): CodeIgniter\CodeIgniter->run()
#10 {main}
CRITICAL - 2021-12-21 11:06:25 --> include(pages/sidebar_fun.php): Failed to open stream: No such file or directory
#0 C:\xampp\htdocs\CodeIgniter\app\Views\templates\header.php(29): CodeIgniter\Debug\Exceptions->errorHandler(2, 'include(pages/s...', 'C:\\xampp\\htdocs...', 29)
#1 C:\xampp\htdocs\CodeIgniter\app\Views\templates\header.php(29): include()
#2 C:\xampp\htdocs\CodeIgniter\system\View\View.php(214): include('C:\\xampp\\htdocs...')
#3 C:\xampp\htdocs\CodeIgniter\system\View\View.php(217): CodeIgniter\View\View->CodeIgniter\View\{closure}()
#4 C:\xampp\htdocs\CodeIgniter\system\Common.php(1097): CodeIgniter\View\View->render('templates/heade...', Array, true)
#5 C:\xampp\htdocs\CodeIgniter\app\Controllers\Login.php(8): view('templates/heade...', Array)
#6 C:\xampp\htdocs\CodeIgniter\system\CodeIgniter.php(824): App\Controllers\Login->index()
#7 C:\xampp\htdocs\CodeIgniter\system\CodeIgniter.php(410): CodeIgniter\CodeIgniter->runController(Object(App\Controllers\Login))
#8 C:\xampp\htdocs\CodeIgniter\system\CodeIgniter.php(318): CodeIgniter\CodeIgniter->handleRequest(NULL, Object(Config\Cache), false)
#9 C:\xampp\htdocs\CodeIgniter\public\index.php(37): CodeIgniter\CodeIgniter->run()
#10 {main}
CRITICAL - 2021-12-21 11:06:49 --> include(/pages/sidebar_fun.php): Failed to open stream: No such file or directory
#0 C:\xampp\htdocs\CodeIgniter\app\Views\templates\header.php(29): CodeIgniter\Debug\Exceptions->errorHandler(2, 'include(/pages/...', 'C:\\xampp\\htdocs...', 29)
#1 C:\xampp\htdocs\CodeIgniter\app\Views\templates\header.php(29): include()
#2 C:\xampp\htdocs\CodeIgniter\system\View\View.php(214): include('C:\\xampp\\htdocs...')
#3 C:\xampp\htdocs\CodeIgniter\system\View\View.php(217): CodeIgniter\View\View->CodeIgniter\View\{closure}()
#4 C:\xampp\htdocs\CodeIgniter\system\Common.php(1097): CodeIgniter\View\View->render('templates/heade...', Array, true)
#5 C:\xampp\htdocs\CodeIgniter\app\Controllers\Login.php(8): view('templates/heade...', Array)
#6 C:\xampp\htdocs\CodeIgniter\system\CodeIgniter.php(824): App\Controllers\Login->index()
#7 C:\xampp\htdocs\CodeIgniter\system\CodeIgniter.php(410): CodeIgniter\CodeIgniter->runController(Object(App\Controllers\Login))
#8 C:\xampp\htdocs\CodeIgniter\system\CodeIgniter.php(318): CodeIgniter\CodeIgniter->handleRequest(NULL, Object(Config\Cache), false)
#9 C:\xampp\htdocs\CodeIgniter\public\index.php(37): CodeIgniter\CodeIgniter->run()
#10 {main}
CRITICAL - 2021-12-21 11:07:21 --> include(/pages/sidebar_fun.php): Failed to open stream: No such file or directory
#0 C:\xampp\htdocs\CodeIgniter\app\Views\templates\header.php(29): CodeIgniter\Debug\Exceptions->errorHandler(2, 'include(/pages/...', 'C:\\xampp\\htdocs...', 29)
#1 C:\xampp\htdocs\CodeIgniter\app\Views\templates\header.php(29): include()
#2 C:\xampp\htdocs\CodeIgniter\system\View\View.php(214): include('C:\\xampp\\htdocs...')
#3 C:\xampp\htdocs\CodeIgniter\system\View\View.php(217): CodeIgniter\View\View->CodeIgniter\View\{closure}()
#4 C:\xampp\htdocs\CodeIgniter\system\Common.php(1097): CodeIgniter\View\View->render('templates/heade...', Array, true)
#5 C:\xampp\htdocs\CodeIgniter\app\Controllers\Login.php(8): view('templates/heade...', Array)
#6 C:\xampp\htdocs\CodeIgniter\system\CodeIgniter.php(824): App\Controllers\Login->index()
#7 C:\xampp\htdocs\CodeIgniter\system\CodeIgniter.php(410): CodeIgniter\CodeIgniter->runController(Object(App\Controllers\Login))
#8 C:\xampp\htdocs\CodeIgniter\system\CodeIgniter.php(318): CodeIgniter\CodeIgniter->handleRequest(NULL, Object(Config\Cache), false)
#9 C:\xampp\htdocs\CodeIgniter\public\index.php(37): CodeIgniter\CodeIgniter->run()
#10 {main}
CRITICAL - 2021-12-21 11:07:24 --> include(/pages/sidebar_fun.php): Failed to open stream: No such file or directory
#0 C:\xampp\htdocs\CodeIgniter\app\Views\templates\header.php(29): CodeIgniter\Debug\Exceptions->errorHandler(2, 'include(/pages/...', 'C:\\xampp\\htdocs...', 29)
#1 C:\xampp\htdocs\CodeIgniter\app\Views\templates\header.php(29): include()
#2 C:\xampp\htdocs\CodeIgniter\system\View\View.php(214): include('C:\\xampp\\htdocs...')
#3 C:\xampp\htdocs\CodeIgniter\system\View\View.php(217): CodeIgniter\View\View->CodeIgniter\View\{closure}()
#4 C:\xampp\htdocs\CodeIgniter\system\Common.php(1097): CodeIgniter\View\View->render('templates/heade...', Array, true)
#5 C:\xampp\htdocs\CodeIgniter\app\Controllers\Login.php(8): view('templates/heade...', Array)
#6 C:\xampp\htdocs\CodeIgniter\system\CodeIgniter.php(824): App\Controllers\Login->index()
#7 C:\xampp\htdocs\CodeIgniter\system\CodeIgniter.php(410): CodeIgniter\CodeIgniter->runController(Object(App\Controllers\Login))
#8 C:\xampp\htdocs\CodeIgniter\system\CodeIgniter.php(318): CodeIgniter\CodeIgniter->handleRequest(NULL, Object(Config\Cache), false)
#9 C:\xampp\htdocs\CodeIgniter\public\index.php(37): CodeIgniter\CodeIgniter->run()
#10 {main}
CRITICAL - 2021-12-21 11:12:07 --> include(sidebar_fun.php): Failed to open stream: No such file or directory
#0 C:\xampp\htdocs\CodeIgniter\app\Views\templates\header.php(27): CodeIgniter\Debug\Exceptions->errorHandler(2, 'include(sidebar...', 'C:\\xampp\\htdocs...', 27)
#1 C:\xampp\htdocs\CodeIgniter\app\Views\templates\header.php(27): include()
#2 C:\xampp\htdocs\CodeIgniter\system\View\View.php(214): include('C:\\xampp\\htdocs...')
#3 C:\xampp\htdocs\CodeIgniter\system\View\View.php(217): CodeIgniter\View\View->CodeIgniter\View\{closure}()
#4 C:\xampp\htdocs\CodeIgniter\system\Common.php(1097): CodeIgniter\View\View->render('templates/heade...', Array, true)
#5 C:\xampp\htdocs\CodeIgniter\app\Controllers\Login.php(8): view('templates/heade...', Array)
#6 C:\xampp\htdocs\CodeIgniter\system\CodeIgniter.php(824): App\Controllers\Login->index()
#7 C:\xampp\htdocs\CodeIgniter\system\CodeIgniter.php(410): CodeIgniter\CodeIgniter->runController(Object(App\Controllers\Login))
#8 C:\xampp\htdocs\CodeIgniter\system\CodeIgniter.php(318): CodeIgniter\CodeIgniter->handleRequest(NULL, Object(Config\Cache), false)
#9 C:\xampp\htdocs\CodeIgniter\public\index.php(37): CodeIgniter\CodeIgniter->run()
#10 {main}
CRITICAL - 2021-12-21 11:14:02 --> require(sidebar_fun.php): Failed to open stream: No such file or directory
#0 C:\xampp\htdocs\CodeIgniter\app\Views\templates\header.php(27): CodeIgniter\Debug\Exceptions->errorHandler(2, 'require(sidebar...', 'C:\\xampp\\htdocs...', 27)
#1 C:\xampp\htdocs\CodeIgniter\app\Views\templates\header.php(27): require()
#2 C:\xampp\htdocs\CodeIgniter\system\View\View.php(214): include('C:\\xampp\\htdocs...')
#3 C:\xampp\htdocs\CodeIgniter\system\View\View.php(217): CodeIgniter\View\View->CodeIgniter\View\{closure}()
#4 C:\xampp\htdocs\CodeIgniter\system\Common.php(1097): CodeIgniter\View\View->render('templates/heade...', Array, true)
#5 C:\xampp\htdocs\CodeIgniter\app\Controllers\Login.php(8): view('templates/heade...', Array)
#6 C:\xampp\htdocs\CodeIgniter\system\CodeIgniter.php(824): App\Controllers\Login->index()
#7 C:\xampp\htdocs\CodeIgniter\system\CodeIgniter.php(410): CodeIgniter\CodeIgniter->runController(Object(App\Controllers\Login))
#8 C:\xampp\htdocs\CodeIgniter\system\CodeIgniter.php(318): CodeIgniter\CodeIgniter->handleRequest(NULL, Object(Config\Cache), false)
#9 C:\xampp\htdocs\CodeIgniter\public\index.php(37): CodeIgniter\CodeIgniter->run()
#10 {main}
CRITICAL - 2021-12-21 11:14:16 --> require(/pages/sidebar_fun.php): Failed to open stream: No such file or directory
#0 C:\xampp\htdocs\CodeIgniter\app\Views\templates\header.php(27): CodeIgniter\Debug\Exceptions->errorHandler(2, 'require(/pages/...', 'C:\\xampp\\htdocs...', 27)
#1 C:\xampp\htdocs\CodeIgniter\app\Views\templates\header.php(27): require()
#2 C:\xampp\htdocs\CodeIgniter\system\View\View.php(214): include('C:\\xampp\\htdocs...')
#3 C:\xampp\htdocs\CodeIgniter\system\View\View.php(217): CodeIgniter\View\View->CodeIgniter\View\{closure}()
#4 C:\xampp\htdocs\CodeIgniter\system\Common.php(1097): CodeIgniter\View\View->render('templates/heade...', Array, true)
#5 C:\xampp\htdocs\CodeIgniter\app\Controllers\Login.php(8): view('templates/heade...', Array)
#6 C:\xampp\htdocs\CodeIgniter\system\CodeIgniter.php(824): App\Controllers\Login->index()
#7 C:\xampp\htdocs\CodeIgniter\system\CodeIgniter.php(410): CodeIgniter\CodeIgniter->runController(Object(App\Controllers\Login))
#8 C:\xampp\htdocs\CodeIgniter\system\CodeIgniter.php(318): CodeIgniter\CodeIgniter->handleRequest(NULL, Object(Config\Cache), false)
#9 C:\xampp\htdocs\CodeIgniter\public\index.php(37): CodeIgniter\CodeIgniter->run()
#10 {main}
CRITICAL - 2021-12-21 11:14:22 --> require(/pages/sidebar_fun): Failed to open stream: No such file or directory
#0 C:\xampp\htdocs\CodeIgniter\app\Views\templates\header.php(27): CodeIgniter\Debug\Exceptions->errorHandler(2, 'require(/pages/...', 'C:\\xampp\\htdocs...', 27)
#1 C:\xampp\htdocs\CodeIgniter\app\Views\templates\header.php(27): require()
#2 C:\xampp\htdocs\CodeIgniter\system\View\View.php(214): include('C:\\xampp\\htdocs...')
#3 C:\xampp\htdocs\CodeIgniter\system\View\View.php(217): CodeIgniter\View\View->CodeIgniter\View\{closure}()
#4 C:\xampp\htdocs\CodeIgniter\system\Common.php(1097): CodeIgniter\View\View->render('templates/heade...', Array, true)
#5 C:\xampp\htdocs\CodeIgniter\app\Controllers\Login.php(8): view('templates/heade...', Array)
#6 C:\xampp\htdocs\CodeIgniter\system\CodeIgniter.php(824): App\Controllers\Login->index()
#7 C:\xampp\htdocs\CodeIgniter\system\CodeIgniter.php(410): CodeIgniter\CodeIgniter->runController(Object(App\Controllers\Login))
#8 C:\xampp\htdocs\CodeIgniter\system\CodeIgniter.php(318): CodeIgniter\CodeIgniter->handleRequest(NULL, Object(Config\Cache), false)
#9 C:\xampp\htdocs\CodeIgniter\public\index.php(37): CodeIgniter\CodeIgniter->run()
#10 {main}
CRITICAL - 2021-12-21 11:14:44 --> require(/view/pages/sidebar_fun.php): Failed to open stream: No such file or directory
#0 C:\xampp\htdocs\CodeIgniter\app\Views\templates\header.php(27): CodeIgniter\Debug\Exceptions->errorHandler(2, 'require(/view/p...', 'C:\\xampp\\htdocs...', 27)
#1 C:\xampp\htdocs\CodeIgniter\app\Views\templates\header.php(27): require()
#2 C:\xampp\htdocs\CodeIgniter\system\View\View.php(214): include('C:\\xampp\\htdocs...')
#3 C:\xampp\htdocs\CodeIgniter\system\View\View.php(217): CodeIgniter\View\View->CodeIgniter\View\{closure}()
#4 C:\xampp\htdocs\CodeIgniter\system\Common.php(1097): CodeIgniter\View\View->render('templates/heade...', Array, true)
#5 C:\xampp\htdocs\CodeIgniter\app\Controllers\Login.php(8): view('templates/heade...', Array)
#6 C:\xampp\htdocs\CodeIgniter\system\CodeIgniter.php(824): App\Controllers\Login->index()
#7 C:\xampp\htdocs\CodeIgniter\system\CodeIgniter.php(410): CodeIgniter\CodeIgniter->runController(Object(App\Controllers\Login))
#8 C:\xampp\htdocs\CodeIgniter\system\CodeIgniter.php(318): CodeIgniter\CodeIgniter->handleRequest(NULL, Object(Config\Cache), false)
#9 C:\xampp\htdocs\CodeIgniter\public\index.php(37): CodeIgniter\CodeIgniter->run()
#10 {main}
CRITICAL - 2021-12-21 11:14:53 --> require(/views/pages/sidebar_fun.php): Failed to open stream: No such file or directory
#0 C:\xampp\htdocs\CodeIgniter\app\Views\templates\header.php(27): CodeIgniter\Debug\Exceptions->errorHandler(2, 'require(/views/...', 'C:\\xampp\\htdocs...', 27)
#1 C:\xampp\htdocs\CodeIgniter\app\Views\templates\header.php(27): require()
#2 C:\xampp\htdocs\CodeIgniter\system\View\View.php(214): include('C:\\xampp\\htdocs...')
#3 C:\xampp\htdocs\CodeIgniter\system\View\View.php(217): CodeIgniter\View\View->CodeIgniter\View\{closure}()
#4 C:\xampp\htdocs\CodeIgniter\system\Common.php(1097): CodeIgniter\View\View->render('templates/heade...', Array, true)
#5 C:\xampp\htdocs\CodeIgniter\app\Controllers\Login.php(8): view('templates/heade...', Array)
#6 C:\xampp\htdocs\CodeIgniter\system\CodeIgniter.php(824): App\Controllers\Login->index()
#7 C:\xampp\htdocs\CodeIgniter\system\CodeIgniter.php(410): CodeIgniter\CodeIgniter->runController(Object(App\Controllers\Login))
#8 C:\xampp\htdocs\CodeIgniter\system\CodeIgniter.php(318): CodeIgniter\CodeIgniter->handleRequest(NULL, Object(Config\Cache), false)
#9 C:\xampp\htdocs\CodeIgniter\public\index.php(37): CodeIgniter\CodeIgniter->run()
#10 {main}
CRITICAL - 2021-12-21 11:15:49 --> include(sidebar_fun.php): Failed to open stream: No such file or directory
#0 C:\xampp\htdocs\CodeIgniter\app\Views\pages\Login.php(5): CodeIgniter\Debug\Exceptions->errorHandler(2, 'include(sidebar...', 'C:\\xampp\\htdocs...', 5)
#1 C:\xampp\htdocs\CodeIgniter\app\Views\pages\Login.php(5): include()
#2 C:\xampp\htdocs\CodeIgniter\system\View\View.php(214): include('C:\\xampp\\htdocs...')
#3 C:\xampp\htdocs\CodeIgniter\system\View\View.php(217): CodeIgniter\View\View->CodeIgniter\View\{closure}()
#4 C:\xampp\htdocs\CodeIgniter\system\Common.php(1097): CodeIgniter\View\View->render('pages/Login', Array, true)
#5 C:\xampp\htdocs\CodeIgniter\app\Controllers\Login.php(9): view('pages/Login', Array)
#6 C:\xampp\htdocs\CodeIgniter\system\CodeIgniter.php(824): App\Controllers\Login->index()
#7 C:\xampp\htdocs\CodeIgniter\system\CodeIgniter.php(410): CodeIgniter\CodeIgniter->runController(Object(App\Controllers\Login))
#8 C:\xampp\htdocs\CodeIgniter\system\CodeIgniter.php(318): CodeIgniter\CodeIgniter->handleRequest(NULL, Object(Config\Cache), false)
#9 C:\xampp\htdocs\CodeIgniter\public\index.php(37): CodeIgniter\CodeIgniter->run()
#10 {main}
CRITICAL - 2021-12-21 11:16:44 --> include(sidebar_fun.php): Failed to open stream: No such file or directory
#0 C:\xampp\htdocs\CodeIgniter\app\Views\pages\Login.php(5): CodeIgniter\Debug\Exceptions->errorHandler(2, 'include(sidebar...', 'C:\\xampp\\htdocs...', 5)
#1 C:\xampp\htdocs\CodeIgniter\app\Views\pages\Login.php(5): include()
#2 C:\xampp\htdocs\CodeIgniter\system\View\View.php(214): include('C:\\xampp\\htdocs...')
#3 C:\xampp\htdocs\CodeIgniter\system\View\View.php(217): CodeIgniter\View\View->CodeIgniter\View\{closure}()
#4 C:\xampp\htdocs\CodeIgniter\system\Common.php(1097): CodeIgniter\View\View->render('pages/Login', Array, true)
#5 C:\xampp\htdocs\CodeIgniter\app\Controllers\Login.php(9): view('pages/Login', Array)
#6 C:\xampp\htdocs\CodeIgniter\system\CodeIgniter.php(824): App\Controllers\Login->index()
#7 C:\xampp\htdocs\CodeIgniter\system\CodeIgniter.php(410): CodeIgniter\CodeIgniter->runController(Object(App\Controllers\Login))
#8 C:\xampp\htdocs\CodeIgniter\system\CodeIgniter.php(318): CodeIgniter\CodeIgniter->handleRequest(NULL, Object(Config\Cache), false)
#9 C:\xampp\htdocs\CodeIgniter\public\index.php(37): CodeIgniter\CodeIgniter->run()
#10 {main}
CRITICAL - 2021-12-21 11:20:50 --> include(sidebar_fun.php): Failed to open stream: No such file or directory
#0 C:\xampp\htdocs\CodeIgniter\app\Views\pages\Projekte.php(10): CodeIgniter\Debug\Exceptions->errorHandler(2, 'include(sidebar...', 'C:\\xampp\\htdocs...', 10)
#1 C:\xampp\htdocs\CodeIgniter\app\Views\pages\Projekte.php(10): include()
#2 C:\xampp\htdocs\CodeIgniter\system\View\View.php(214): include('C:\\xampp\\htdocs...')
#3 C:\xampp\htdocs\CodeIgniter\system\View\View.php(217): CodeIgniter\View\View->CodeIgniter\View\{closure}()
#4 C:\xampp\htdocs\CodeIgniter\system\Common.php(1097): CodeIgniter\View\View->render('pages/Projekte', Array, true)
#5 C:\xampp\htdocs\CodeIgniter\app\Controllers\Projekte.php(9): view('pages/Projekte', Array)
#6 C:\xampp\htdocs\CodeIgniter\system\CodeIgniter.php(824): App\Controllers\Projekte->index()
#7 C:\xampp\htdocs\CodeIgniter\system\CodeIgniter.php(410): CodeIgniter\CodeIgniter->runController(Object(App\Controllers\Projekte))
#8 C:\xampp\htdocs\CodeIgniter\system\CodeIgniter.php(318): CodeIgniter\CodeIgniter->handleRequest(NULL, Object(Config\Cache), false)
#9 C:\xampp\htdocs\CodeIgniter\public\index.php(37): CodeIgniter\CodeIgniter->run()
#10 {main}
CRITICAL - 2021-12-21 11:21:30 --> Undefined variable $data
#0 C:\xampp\htdocs\CodeIgniter\app\Views\pages\Projekte.php(12): CodeIgniter\Debug\Exceptions->errorHandler(2, 'Undefined varia...', 'C:\\xampp\\htdocs...', 12)
#1 C:\xampp\htdocs\CodeIgniter\system\View\View.php(214): include('C:\\xampp\\htdocs...')
#2 C:\xampp\htdocs\CodeIgniter\system\View\View.php(217): CodeIgniter\View\View->CodeIgniter\View\{closure}()
#3 C:\xampp\htdocs\CodeIgniter\system\Common.php(1097): CodeIgniter\View\View->render('pages/Projekte', Array, true)
#4 C:\xampp\htdocs\CodeIgniter\app\Controllers\Projekte.php(9): view('pages/Projekte', Array)
#5 C:\xampp\htdocs\CodeIgniter\system\CodeIgniter.php(824): App\Controllers\Projekte->index()
#6 C:\xampp\htdocs\CodeIgniter\system\CodeIgniter.php(410): CodeIgniter\CodeIgniter->runController(Object(App\Controllers\Projekte))
#7 C:\xampp\htdocs\CodeIgniter\system\CodeIgniter.php(318): CodeIgniter\CodeIgniter->handleRequest(NULL, Object(Config\Cache), false)
#8 C:\xampp\htdocs\CodeIgniter\public\index.php(37): CodeIgniter\CodeIgniter->run()
#9 {main}
CRITICAL - 2021-12-21 11:25:16 --> include(sidebar_fun.php): Failed to open stream: No such file or directory
#0 C:\xampp\htdocs\CodeIgniter\app\Views\pages\Aufgaben.php(27): CodeIgniter\Debug\Exceptions->errorHandler(2, 'include(sidebar...', 'C:\\xampp\\htdocs...', 27)
#1 C:\xampp\htdocs\CodeIgniter\app\Views\pages\Aufgaben.php(27): include()
#2 C:\xampp\htdocs\CodeIgniter\system\View\View.php(214): include('C:\\xampp\\htdocs...')
#3 C:\xampp\htdocs\CodeIgniter\system\View\View.php(217): CodeIgniter\View\View->CodeIgniter\View\{closure}()
#4 C:\xampp\htdocs\CodeIgniter\system\Common.php(1097): CodeIgniter\View\View->render('pages/Aufgaben', Array, true)
#5 C:\xampp\htdocs\CodeIgniter\app\Controllers\Aufgaben.php(9): view('pages/Aufgaben', Array)
#6 C:\xampp\htdocs\CodeIgniter\system\CodeIgniter.php(824): App\Controllers\Aufgaben->index()
#7 C:\xampp\htdocs\CodeIgniter\system\CodeIgniter.php(410): CodeIgniter\CodeIgniter->runController(Object(App\Controllers\Aufgaben))
#8 C:\xampp\htdocs\CodeIgniter\system\CodeIgniter.php(318): CodeIgniter\CodeIgniter->handleRequest(NULL, Object(Config\Cache), false)
#9 C:\xampp\htdocs\CodeIgniter\public\index.php(37): CodeIgniter\CodeIgniter->run()
#10 {main}
CRITICAL - 2021-12-21 11:56:12 --> Undefined property: CodeIgniter\View\View::$load
#0 C:\xampp\htdocs\CodeIgniter\app\Views\templates\sidebar_fun.php(18): CodeIgniter\Debug\Exceptions->errorHandler(2, 'Undefined prope...', 'C:\\xampp\\htdocs...', 18)
#1 C:\xampp\htdocs\CodeIgniter\app\Views\templates\header.php(28): require('C:\\xampp\\htdocs...')
#2 C:\xampp\htdocs\CodeIgniter\system\View\View.php(214): include('C:\\xampp\\htdocs...')
#3 C:\xampp\htdocs\CodeIgniter\system\View\View.php(217): CodeIgniter\View\View->CodeIgniter\View\{closure}()
#4 C:\xampp\htdocs\CodeIgniter\system\Common.php(1097): CodeIgniter\View\View->render('templates/heade...', Array, true)
#5 C:\xampp\htdocs\CodeIgniter\app\Controllers\Reiter.php(8): view('templates/heade...', Array)
#6 C:\xampp\htdocs\CodeIgniter\system\CodeIgniter.php(824): App\Controllers\Reiter->index()
#7 C:\xampp\htdocs\CodeIgniter\system\CodeIgniter.php(410): CodeIgniter\CodeIgniter->runController(Object(App\Controllers\Reiter))
#8 C:\xampp\htdocs\CodeIgniter\system\CodeIgniter.php(318): CodeIgniter\CodeIgniter->handleRequest(NULL, Object(Config\Cache), false)
#9 C:\xampp\htdocs\CodeIgniter\public\index.php(37): CodeIgniter\CodeIgniter->run()
#10 {main}
