CRITICAL - 2022-01-07 05:43:27 --> Undefined array key "person_e_mail"
#0 C:\xampp\htdocs\CodeIgniter\app\Controllers\Personen.php(20): CodeIgniter\Debug\Exceptions->errorHandler(2, 'Undefined array...', 'C:\\xampp\\htdocs...', 20)
#1 C:\xampp\htdocs\CodeIgniter\system\CodeIgniter.php(824): App\Controllers\Personen->index()
#2 C:\xampp\htdocs\CodeIgniter\system\CodeIgniter.php(410): CodeIgniter\CodeIgniter->runController(Object(App\Controllers\Personen))
#3 C:\xampp\htdocs\CodeIgniter\system\CodeIgniter.php(318): CodeIgniter\CodeIgniter->handleRequest(NULL, Object(Config\Cache), false)
#4 C:\xampp\htdocs\CodeIgniter\public\index.php(39): CodeIgniter\CodeIgniter->run()
#5 {main}
CRITICAL - 2022-01-07 05:51:35 --> Undefined property: App\Controllers\Personen::$PersonenModel
#0 C:\xampp\htdocs\CodeIgniter\app\Controllers\Personen.php(25): CodeIgniter\Debug\Exceptions->errorHandler(2, 'Undefined prope...', 'C:\\xampp\\htdocs...', 25)
#1 C:\xampp\htdocs\CodeIgniter\system\CodeIgniter.php(824): App\Controllers\Personen->index()
#2 C:\xampp\htdocs\CodeIgniter\system\CodeIgniter.php(410): CodeIgniter\CodeIgniter->runController(Object(App\Controllers\Personen))
#3 C:\xampp\htdocs\CodeIgniter\system\CodeIgniter.php(318): CodeIgniter\CodeIgniter->handleRequest(NULL, Object(Config\Cache), false)
#4 C:\xampp\htdocs\CodeIgniter\public\index.php(39): CodeIgniter\CodeIgniter->run()
#5 {main}
CRITICAL - 2022-01-07 05:51:47 --> Undefined property: App\Controllers\Personen::$PersonenModel
#0 C:\xampp\htdocs\CodeIgniter\app\Controllers\Personen.php(25): CodeIgniter\Debug\Exceptions->errorHandler(2, 'Undefined prope...', 'C:\\xampp\\htdocs...', 25)
#1 C:\xampp\htdocs\CodeIgniter\system\CodeIgniter.php(824): App\Controllers\Personen->index()
#2 C:\xampp\htdocs\CodeIgniter\system\CodeIgniter.php(410): CodeIgniter\CodeIgniter->runController(Object(App\Controllers\Personen))
#3 C:\xampp\htdocs\CodeIgniter\system\CodeIgniter.php(318): CodeIgniter\CodeIgniter->handleRequest(NULL, Object(Config\Cache), false)
#4 C:\xampp\htdocs\CodeIgniter\public\index.php(39): CodeIgniter\CodeIgniter->run()
#5 {main}
CRITICAL - 2022-01-07 05:51:59 --> Undefined property: App\Controllers\Personen::$PersonenModel
#0 C:\xampp\htdocs\CodeIgniter\app\Controllers\Personen.php(25): CodeIgniter\Debug\Exceptions->errorHandler(2, 'Undefined prope...', 'C:\\xampp\\htdocs...', 25)
#1 C:\xampp\htdocs\CodeIgniter\system\CodeIgniter.php(824): App\Controllers\Personen->index()
#2 C:\xampp\htdocs\CodeIgniter\system\CodeIgniter.php(410): CodeIgniter\CodeIgniter->runController(Object(App\Controllers\Personen))
#3 C:\xampp\htdocs\CodeIgniter\system\CodeIgniter.php(318): CodeIgniter\CodeIgniter->handleRequest(NULL, Object(Config\Cache), false)
#4 C:\xampp\htdocs\CodeIgniter\public\index.php(39): CodeIgniter\CodeIgniter->run()
#5 {main}
CRITICAL - 2022-01-07 05:52:47 --> Undefined property: App\Controllers\Personen::$PersonenModel
#0 C:\xampp\htdocs\CodeIgniter\app\Controllers\Personen.php(25): CodeIgniter\Debug\Exceptions->errorHandler(2, 'Undefined prope...', 'C:\\xampp\\htdocs...', 25)
#1 C:\xampp\htdocs\CodeIgniter\system\CodeIgniter.php(824): App\Controllers\Personen->index()
#2 C:\xampp\htdocs\CodeIgniter\system\CodeIgniter.php(410): CodeIgniter\CodeIgniter->runController(Object(App\Controllers\Personen))
#3 C:\xampp\htdocs\CodeIgniter\system\CodeIgniter.php(318): CodeIgniter\CodeIgniter->handleRequest(NULL, Object(Config\Cache), false)
#4 C:\xampp\htdocs\CodeIgniter\public\index.php(39): CodeIgniter\CodeIgniter->run()
#5 {main}
CRITICAL - 2022-01-07 06:03:56 --> Class "1234" not found
#0 C:\xampp\htdocs\CodeIgniter\app\Models\PersonenModel.php(21): CodeIgniter\Database\BaseConnection->query('INSERT INTO mit...', 'Test', true, '1234', ')')
#1 C:\xampp\htdocs\CodeIgniter\app\Controllers\Personen.php(26): App\Models\PersonenModel->newEntry()
#2 C:\xampp\htdocs\CodeIgniter\system\CodeIgniter.php(824): App\Controllers\Personen->index()
#3 C:\xampp\htdocs\CodeIgniter\system\CodeIgniter.php(410): CodeIgniter\CodeIgniter->runController(Object(App\Controllers\Personen))
#4 C:\xampp\htdocs\CodeIgniter\system\CodeIgniter.php(318): CodeIgniter\CodeIgniter->handleRequest(NULL, Object(Config\Cache), false)
#5 C:\xampp\htdocs\CodeIgniter\public\index.php(39): CodeIgniter\CodeIgniter->run()
#6 {main}
CRITICAL - 2022-01-07 06:05:26 --> Class "1234" not found
#0 C:\xampp\htdocs\CodeIgniter\app\Models\PersonenModel.php(22): CodeIgniter\Database\BaseConnection->query('INSERT INTO mit...', 'Test', true, '1234', ')')
#1 C:\xampp\htdocs\CodeIgniter\app\Controllers\Personen.php(26): App\Models\PersonenModel->newEntry()
#2 C:\xampp\htdocs\CodeIgniter\system\CodeIgniter.php(824): App\Controllers\Personen->index()
#3 C:\xampp\htdocs\CodeIgniter\system\CodeIgniter.php(410): CodeIgniter\CodeIgniter->runController(Object(App\Controllers\Personen))
#4 C:\xampp\htdocs\CodeIgniter\system\CodeIgniter.php(318): CodeIgniter\CodeIgniter->handleRequest(NULL, Object(Config\Cache), false)
#5 C:\xampp\htdocs\CodeIgniter\public\index.php(39): CodeIgniter\CodeIgniter->run()
#6 {main}
CRITICAL - 2022-01-07 06:05:42 --> Class "1234" not found
#0 C:\xampp\htdocs\CodeIgniter\app\Models\PersonenModel.php(22): CodeIgniter\Database\BaseConnection->query('INSERT INTO mit...', 'Test', true, '1234', ')')
#1 C:\xampp\htdocs\CodeIgniter\app\Controllers\Personen.php(26): App\Models\PersonenModel->newEntry()
#2 C:\xampp\htdocs\CodeIgniter\system\CodeIgniter.php(824): App\Controllers\Personen->index()
#3 C:\xampp\htdocs\CodeIgniter\system\CodeIgniter.php(410): CodeIgniter\CodeIgniter->runController(Object(App\Controllers\Personen))
#4 C:\xampp\htdocs\CodeIgniter\system\CodeIgniter.php(318): CodeIgniter\CodeIgniter->handleRequest(NULL, Object(Config\Cache), false)
#5 C:\xampp\htdocs\CodeIgniter\public\index.php(39): CodeIgniter\CodeIgniter->run()
#6 {main}
CRITICAL - 2022-01-07 06:07:22 --> Class "TestMail" not found
#0 C:\xampp\htdocs\CodeIgniter\app\Models\PersonenModel.php(21): CodeIgniter\Database\BaseConnection->query('INSERT INTO mit...', 'Test', true, 'TestMail', ',', '1234', ')')
#1 C:\xampp\htdocs\CodeIgniter\app\Controllers\Personen.php(26): App\Models\PersonenModel->newEntry()
#2 C:\xampp\htdocs\CodeIgniter\system\CodeIgniter.php(824): App\Controllers\Personen->index()
#3 C:\xampp\htdocs\CodeIgniter\system\CodeIgniter.php(410): CodeIgniter\CodeIgniter->runController(Object(App\Controllers\Personen))
#4 C:\xampp\htdocs\CodeIgniter\system\CodeIgniter.php(318): CodeIgniter\CodeIgniter->handleRequest(NULL, Object(Config\Cache), false)
#5 C:\xampp\htdocs\CodeIgniter\public\index.php(39): CodeIgniter\CodeIgniter->run()
#6 {main}
CRITICAL - 2022-01-07 06:10:02 --> CodeIgniter\Database\BaseBuilder::insert(): Argument #1 ($set) must be of type ?array, string given, called in C:\xampp\htdocs\CodeIgniter\app\Models\PersonenModel.php on line 22
#0 C:\xampp\htdocs\CodeIgniter\app\Models\PersonenModel.php(22): CodeIgniter\Database\BaseBuilder->insert('Test', 'TestMail', '1234')
#1 C:\xampp\htdocs\CodeIgniter\app\Controllers\Personen.php(26): App\Models\PersonenModel->newEntry()
#2 C:\xampp\htdocs\CodeIgniter\system\CodeIgniter.php(824): App\Controllers\Personen->index()
#3 C:\xampp\htdocs\CodeIgniter\system\CodeIgniter.php(410): CodeIgniter\CodeIgniter->runController(Object(App\Controllers\Personen))
#4 C:\xampp\htdocs\CodeIgniter\system\CodeIgniter.php(318): CodeIgniter\CodeIgniter->handleRequest(NULL, Object(Config\Cache), false)
#5 C:\xampp\htdocs\CodeIgniter\public\index.php(39): CodeIgniter\CodeIgniter->run()
#6 {main}
ERROR - 2022-01-07 06:11:06 --> You have an error in your SQL syntax; check the manual that corresponds to your MariaDB server version for the right syntax to use near '0, 1, 2) VALUES ('', '', '')' at line 1
CRITICAL - 2022-01-07 06:11:06 --> You have an error in your SQL syntax; check the manual that corresponds to your MariaDB server version for the right syntax to use near '0, 1, 2) VALUES ('', '', '')' at line 1
#0 C:\xampp\htdocs\CodeIgniter\system\Database\MySQLi\Connection.php(292): mysqli->query('INSERT INTO `mi...', 0)
#1 C:\xampp\htdocs\CodeIgniter\system\Database\BaseConnection.php(670): CodeIgniter\Database\MySQLi\Connection->execute('INSERT INTO `mi...')
#2 C:\xampp\htdocs\CodeIgniter\system\Database\BaseConnection.php(598): CodeIgniter\Database\BaseConnection->simpleQuery('INSERT INTO `mi...')
#3 C:\xampp\htdocs\CodeIgniter\system\Database\BaseBuilder.php(1759): CodeIgniter\Database\BaseConnection->query('INSERT INTO `mi...', Array, false)
#4 C:\xampp\htdocs\CodeIgniter\app\Models\PersonenModel.php(22): CodeIgniter\Database\BaseBuilder->insert(Array)
#5 C:\xampp\htdocs\CodeIgniter\app\Controllers\Personen.php(26): App\Models\PersonenModel->newEntry()
#6 C:\xampp\htdocs\CodeIgniter\system\CodeIgniter.php(824): App\Controllers\Personen->index()
#7 C:\xampp\htdocs\CodeIgniter\system\CodeIgniter.php(410): CodeIgniter\CodeIgniter->runController(Object(App\Controllers\Personen))
#8 C:\xampp\htdocs\CodeIgniter\system\CodeIgniter.php(318): CodeIgniter\CodeIgniter->handleRequest(NULL, Object(Config\Cache), false)
#9 C:\xampp\htdocs\CodeIgniter\public\index.php(39): CodeIgniter\CodeIgniter->run()
#10 {main}
ERROR - 2022-01-07 06:11:32 --> You have an error in your SQL syntax; check the manual that corresponds to your MariaDB server version for the right syntax to use near '0, 1, 2) VALUES ('test', 'test', '1234')' at line 1
CRITICAL - 2022-01-07 06:11:32 --> You have an error in your SQL syntax; check the manual that corresponds to your MariaDB server version for the right syntax to use near '0, 1, 2) VALUES ('test', 'test', '1234')' at line 1
#0 C:\xampp\htdocs\CodeIgniter\system\Database\MySQLi\Connection.php(292): mysqli->query('INSERT INTO `mi...', 0)
#1 C:\xampp\htdocs\CodeIgniter\system\Database\BaseConnection.php(670): CodeIgniter\Database\MySQLi\Connection->execute('INSERT INTO `mi...')
#2 C:\xampp\htdocs\CodeIgniter\system\Database\BaseConnection.php(598): CodeIgniter\Database\BaseConnection->simpleQuery('INSERT INTO `mi...')
#3 C:\xampp\htdocs\CodeIgniter\system\Database\BaseBuilder.php(1759): CodeIgniter\Database\BaseConnection->query('INSERT INTO `mi...', Array, false)
#4 C:\xampp\htdocs\CodeIgniter\app\Models\PersonenModel.php(22): CodeIgniter\Database\BaseBuilder->insert(Array)
#5 C:\xampp\htdocs\CodeIgniter\app\Controllers\Personen.php(26): App\Models\PersonenModel->newEntry()
#6 C:\xampp\htdocs\CodeIgniter\system\CodeIgniter.php(824): App\Controllers\Personen->index()
#7 C:\xampp\htdocs\CodeIgniter\system\CodeIgniter.php(410): CodeIgniter\CodeIgniter->runController(Object(App\Controllers\Personen))
#8 C:\xampp\htdocs\CodeIgniter\system\CodeIgniter.php(318): CodeIgniter\CodeIgniter->handleRequest(NULL, Object(Config\Cache), false)
#9 C:\xampp\htdocs\CodeIgniter\public\index.php(39): CodeIgniter\CodeIgniter->run()
#10 {main}
CRITICAL - 2022-01-07 06:14:11 --> You must set the database table to be used with your query.
#0 C:\xampp\htdocs\CodeIgniter\system\Model.php(545): CodeIgniter\Database\BaseConnection->table(NULL)
#1 C:\xampp\htdocs\CodeIgniter\system\Model.php(688): CodeIgniter\Model->builder()
#2 C:\xampp\htdocs\CodeIgniter\app\Models\PersonenModel.php(24): CodeIgniter\Model->__get('input')
#3 C:\xampp\htdocs\CodeIgniter\app\Controllers\Personen.php(26): App\Models\PersonenModel->newEntry()
#4 C:\xampp\htdocs\CodeIgniter\system\CodeIgniter.php(824): App\Controllers\Personen->index()
#5 C:\xampp\htdocs\CodeIgniter\system\CodeIgniter.php(410): CodeIgniter\CodeIgniter->runController(Object(App\Controllers\Personen))
#6 C:\xampp\htdocs\CodeIgniter\system\CodeIgniter.php(318): CodeIgniter\CodeIgniter->handleRequest(NULL, Object(Config\Cache), false)
#7 C:\xampp\htdocs\CodeIgniter\public\index.php(39): CodeIgniter\CodeIgniter->run()
#8 {main}
CRITICAL - 2022-01-07 06:14:35 --> You must set the database table to be used with your query.
#0 C:\xampp\htdocs\CodeIgniter\system\Model.php(545): CodeIgniter\Database\BaseConnection->table(NULL)
#1 C:\xampp\htdocs\CodeIgniter\system\Model.php(688): CodeIgniter\Model->builder()
#2 C:\xampp\htdocs\CodeIgniter\app\Models\PersonenModel.php(25): CodeIgniter\Model->__get('input')
#3 C:\xampp\htdocs\CodeIgniter\app\Controllers\Personen.php(26): App\Models\PersonenModel->newEntry()
#4 C:\xampp\htdocs\CodeIgniter\system\CodeIgniter.php(824): App\Controllers\Personen->index()
#5 C:\xampp\htdocs\CodeIgniter\system\CodeIgniter.php(410): CodeIgniter\CodeIgniter->runController(Object(App\Controllers\Personen))
#6 C:\xampp\htdocs\CodeIgniter\system\CodeIgniter.php(318): CodeIgniter\CodeIgniter->handleRequest(NULL, Object(Config\Cache), false)
#7 C:\xampp\htdocs\CodeIgniter\public\index.php(39): CodeIgniter\CodeIgniter->run()
#8 {main}
CRITICAL - 2022-01-07 06:14:44 --> You must set the database table to be used with your query.
#0 C:\xampp\htdocs\CodeIgniter\system\Model.php(545): CodeIgniter\Database\BaseConnection->table(NULL)
#1 C:\xampp\htdocs\CodeIgniter\system\Model.php(688): CodeIgniter\Model->builder()
#2 C:\xampp\htdocs\CodeIgniter\app\Models\PersonenModel.php(25): CodeIgniter\Model->__get('input')
#3 C:\xampp\htdocs\CodeIgniter\app\Controllers\Personen.php(26): App\Models\PersonenModel->newEntry()
#4 C:\xampp\htdocs\CodeIgniter\system\CodeIgniter.php(824): App\Controllers\Personen->index()
#5 C:\xampp\htdocs\CodeIgniter\system\CodeIgniter.php(410): CodeIgniter\CodeIgniter->runController(Object(App\Controllers\Personen))
#6 C:\xampp\htdocs\CodeIgniter\system\CodeIgniter.php(318): CodeIgniter\CodeIgniter->handleRequest(NULL, Object(Config\Cache), false)
#7 C:\xampp\htdocs\CodeIgniter\public\index.php(39): CodeIgniter\CodeIgniter->run()
#8 {main}
CRITICAL - 2022-01-07 06:15:32 --> You must set the database table to be used with your query.
#0 C:\xampp\htdocs\CodeIgniter\system\Model.php(545): CodeIgniter\Database\BaseConnection->table(NULL)
#1 C:\xampp\htdocs\CodeIgniter\system\Model.php(688): CodeIgniter\Model->builder()
#2 C:\xampp\htdocs\CodeIgniter\app\Models\PersonenModel.php(25): CodeIgniter\Model->__get('input')
#3 C:\xampp\htdocs\CodeIgniter\app\Controllers\Personen.php(26): App\Models\PersonenModel->newEntry()
#4 C:\xampp\htdocs\CodeIgniter\system\CodeIgniter.php(824): App\Controllers\Personen->index()
#5 C:\xampp\htdocs\CodeIgniter\system\CodeIgniter.php(410): CodeIgniter\CodeIgniter->runController(Object(App\Controllers\Personen))
#6 C:\xampp\htdocs\CodeIgniter\system\CodeIgniter.php(318): CodeIgniter\CodeIgniter->handleRequest(NULL, Object(Config\Cache), false)
#7 C:\xampp\htdocs\CodeIgniter\public\index.php(39): CodeIgniter\CodeIgniter->run()
#8 {main}
CRITICAL - 2022-01-07 06:17:09 --> You must set the database table to be used with your query.
#0 C:\xampp\htdocs\CodeIgniter\system\Model.php(545): CodeIgniter\Database\BaseConnection->table(NULL)
#1 C:\xampp\htdocs\CodeIgniter\system\Model.php(688): CodeIgniter\Model->builder()
#2 C:\xampp\htdocs\CodeIgniter\app\Models\PersonenModel.php(22): CodeIgniter\Model->__get('input')
#3 C:\xampp\htdocs\CodeIgniter\app\Controllers\Personen.php(26): App\Models\PersonenModel->newEntry()
#4 C:\xampp\htdocs\CodeIgniter\system\CodeIgniter.php(824): App\Controllers\Personen->index()
#5 C:\xampp\htdocs\CodeIgniter\system\CodeIgniter.php(410): CodeIgniter\CodeIgniter->runController(Object(App\Controllers\Personen))
#6 C:\xampp\htdocs\CodeIgniter\system\CodeIgniter.php(318): CodeIgniter\CodeIgniter->handleRequest(NULL, Object(Config\Cache), false)
#7 C:\xampp\htdocs\CodeIgniter\public\index.php(39): CodeIgniter\CodeIgniter->run()
#8 {main}
CRITICAL - 2022-01-07 06:17:19 --> You must set the database table to be used with your query.
#0 C:\xampp\htdocs\CodeIgniter\system\Model.php(545): CodeIgniter\Database\BaseConnection->table(NULL)
#1 C:\xampp\htdocs\CodeIgniter\system\Model.php(688): CodeIgniter\Model->builder()
#2 C:\xampp\htdocs\CodeIgniter\app\Models\PersonenModel.php(22): CodeIgniter\Model->__get('input')
#3 C:\xampp\htdocs\CodeIgniter\app\Controllers\Personen.php(26): App\Models\PersonenModel->newEntry()
#4 C:\xampp\htdocs\CodeIgniter\system\CodeIgniter.php(824): App\Controllers\Personen->index()
#5 C:\xampp\htdocs\CodeIgniter\system\CodeIgniter.php(410): CodeIgniter\CodeIgniter->runController(Object(App\Controllers\Personen))
#6 C:\xampp\htdocs\CodeIgniter\system\CodeIgniter.php(318): CodeIgniter\CodeIgniter->handleRequest(NULL, Object(Config\Cache), false)
#7 C:\xampp\htdocs\CodeIgniter\public\index.php(39): CodeIgniter\CodeIgniter->run()
#8 {main}
CRITICAL - 2022-01-07 06:22:30 --> You must set the database table to be used with your query.
#0 C:\xampp\htdocs\CodeIgniter\system\Model.php(545): CodeIgniter\Database\BaseConnection->table(NULL)
#1 C:\xampp\htdocs\CodeIgniter\system\Model.php(688): CodeIgniter\Model->builder()
#2 C:\xampp\htdocs\CodeIgniter\app\Models\PersonenModel.php(22): CodeIgniter\Model->__get('input')
#3 C:\xampp\htdocs\CodeIgniter\app\Controllers\Personen.php(26): App\Models\PersonenModel->newEntry()
#4 C:\xampp\htdocs\CodeIgniter\system\CodeIgniter.php(824): App\Controllers\Personen->index()
#5 C:\xampp\htdocs\CodeIgniter\system\CodeIgniter.php(410): CodeIgniter\CodeIgniter->runController(Object(App\Controllers\Personen))
#6 C:\xampp\htdocs\CodeIgniter\system\CodeIgniter.php(318): CodeIgniter\CodeIgniter->handleRequest(NULL, Object(Config\Cache), false)
#7 C:\xampp\htdocs\CodeIgniter\public\index.php(39): CodeIgniter\CodeIgniter->run()
#8 {main}
CRITICAL - 2022-01-07 06:22:41 --> You must set the database table to be used with your query.
#0 C:\xampp\htdocs\CodeIgniter\system\Model.php(545): CodeIgniter\Database\BaseConnection->table(NULL)
#1 C:\xampp\htdocs\CodeIgniter\system\Model.php(688): CodeIgniter\Model->builder()
#2 C:\xampp\htdocs\CodeIgniter\app\Models\PersonenModel.php(22): CodeIgniter\Model->__get('input')
#3 C:\xampp\htdocs\CodeIgniter\app\Controllers\Personen.php(26): App\Models\PersonenModel->newEntry()
#4 C:\xampp\htdocs\CodeIgniter\system\CodeIgniter.php(824): App\Controllers\Personen->index()
#5 C:\xampp\htdocs\CodeIgniter\system\CodeIgniter.php(410): CodeIgniter\CodeIgniter->runController(Object(App\Controllers\Personen))
#6 C:\xampp\htdocs\CodeIgniter\system\CodeIgniter.php(318): CodeIgniter\CodeIgniter->handleRequest(NULL, Object(Config\Cache), false)
#7 C:\xampp\htdocs\CodeIgniter\public\index.php(39): CodeIgniter\CodeIgniter->run()
#8 {main}
CRITICAL - 2022-01-07 06:26:20 --> Call to undefined method CodeIgniter\Database\MySQLi\Connection::insert()
#0 C:\xampp\htdocs\CodeIgniter\app\Controllers\Personen.php(26): App\Models\PersonenModel->newEntry()
#1 C:\xampp\htdocs\CodeIgniter\system\CodeIgniter.php(824): App\Controllers\Personen->index()
#2 C:\xampp\htdocs\CodeIgniter\system\CodeIgniter.php(410): CodeIgniter\CodeIgniter->runController(Object(App\Controllers\Personen))
#3 C:\xampp\htdocs\CodeIgniter\system\CodeIgniter.php(318): CodeIgniter\CodeIgniter->handleRequest(NULL, Object(Config\Cache), false)
#4 C:\xampp\htdocs\CodeIgniter\public\index.php(39): CodeIgniter\CodeIgniter->run()
#5 {main}
CRITICAL - 2022-01-07 06:27:46 --> Call to undefined method CodeIgniter\Database\MySQLi\Connection::insert()
#0 C:\xampp\htdocs\CodeIgniter\app\Controllers\Personen.php(26): App\Models\PersonenModel->newEntry()
#1 C:\xampp\htdocs\CodeIgniter\system\CodeIgniter.php(824): App\Controllers\Personen->index()
#2 C:\xampp\htdocs\CodeIgniter\system\CodeIgniter.php(410): CodeIgniter\CodeIgniter->runController(Object(App\Controllers\Personen))
#3 C:\xampp\htdocs\CodeIgniter\system\CodeIgniter.php(318): CodeIgniter\CodeIgniter->handleRequest(NULL, Object(Config\Cache), false)
#4 C:\xampp\htdocs\CodeIgniter\public\index.php(39): CodeIgniter\CodeIgniter->run()
#5 {main}
CRITICAL - 2022-01-07 06:30:26 --> Call to undefined method CodeIgniter\Database\MySQLi\Connection::insert()
#0 C:\xampp\htdocs\CodeIgniter\app\Controllers\Personen.php(26): App\Models\PersonenModel->newEntry()
#1 C:\xampp\htdocs\CodeIgniter\system\CodeIgniter.php(824): App\Controllers\Personen->index()
#2 C:\xampp\htdocs\CodeIgniter\system\CodeIgniter.php(410): CodeIgniter\CodeIgniter->runController(Object(App\Controllers\Personen))
#3 C:\xampp\htdocs\CodeIgniter\system\CodeIgniter.php(318): CodeIgniter\CodeIgniter->handleRequest(NULL, Object(Config\Cache), false)
#4 C:\xampp\htdocs\CodeIgniter\public\index.php(39): CodeIgniter\CodeIgniter->run()
#5 {main}
CRITICAL - 2022-01-07 07:15:11 --> Undefined array key 1
#0 C:\xampp\htdocs\CodeIgniter\app\Views\pages\generate_table.php(40): CodeIgniter\Debug\Exceptions->errorHandler(2, 'Undefined array...', 'C:\\xampp\\htdocs...', 40)
#1 C:\xampp\htdocs\CodeIgniter\app\Views\pages\Personen.php(1): require_once('C:\\xampp\\htdocs...')
#2 C:\xampp\htdocs\CodeIgniter\system\View\View.php(214): include('C:\\xampp\\htdocs...')
#3 C:\xampp\htdocs\CodeIgniter\system\View\View.php(217): CodeIgniter\View\View->CodeIgniter\View\{closure}()
#4 C:\xampp\htdocs\CodeIgniter\system\Common.php(1097): CodeIgniter\View\View->render('pages/Personen', Array, true)
#5 C:\xampp\htdocs\CodeIgniter\app\Controllers\Personen.php(25): view('pages/Personen', Array)
#6 C:\xampp\htdocs\CodeIgniter\system\CodeIgniter.php(824): App\Controllers\Personen->index()
#7 C:\xampp\htdocs\CodeIgniter\system\CodeIgniter.php(410): CodeIgniter\CodeIgniter->runController(Object(App\Controllers\Personen))
#8 C:\xampp\htdocs\CodeIgniter\system\CodeIgniter.php(318): CodeIgniter\CodeIgniter->handleRequest(NULL, Object(Config\Cache), false)
#9 C:\xampp\htdocs\CodeIgniter\public\index.php(39): CodeIgniter\CodeIgniter->run()
#10 {main}
CRITICAL - 2022-01-07 07:15:28 --> Undefined array key 0
#0 C:\xampp\htdocs\CodeIgniter\app\Views\pages\generate_table.php(40): CodeIgniter\Debug\Exceptions->errorHandler(2, 'Undefined array...', 'C:\\xampp\\htdocs...', 40)
#1 C:\xampp\htdocs\CodeIgniter\app\Views\pages\Personen.php(1): require_once('C:\\xampp\\htdocs...')
#2 C:\xampp\htdocs\CodeIgniter\system\View\View.php(214): include('C:\\xampp\\htdocs...')
#3 C:\xampp\htdocs\CodeIgniter\system\View\View.php(217): CodeIgniter\View\View->CodeIgniter\View\{closure}()
#4 C:\xampp\htdocs\CodeIgniter\system\Common.php(1097): CodeIgniter\View\View->render('pages/Personen', Array, true)
#5 C:\xampp\htdocs\CodeIgniter\app\Controllers\Personen.php(25): view('pages/Personen', Array)
#6 C:\xampp\htdocs\CodeIgniter\system\CodeIgniter.php(824): App\Controllers\Personen->index()
#7 C:\xampp\htdocs\CodeIgniter\system\CodeIgniter.php(410): CodeIgniter\CodeIgniter->runController(Object(App\Controllers\Personen))
#8 C:\xampp\htdocs\CodeIgniter\system\CodeIgniter.php(318): CodeIgniter\CodeIgniter->handleRequest(NULL, Object(Config\Cache), false)
#9 C:\xampp\htdocs\CodeIgniter\public\index.php(39): CodeIgniter\CodeIgniter->run()
#10 {main}
CRITICAL - 2022-01-07 07:16:46 --> Array to string conversion
#0 C:\xampp\htdocs\CodeIgniter\app\Views\pages\generate_table.php(40): CodeIgniter\Debug\Exceptions->errorHandler(2, 'Array to string...', 'C:\\xampp\\htdocs...', 40)
#1 C:\xampp\htdocs\CodeIgniter\app\Views\pages\Personen.php(1): require_once('C:\\xampp\\htdocs...')
#2 C:\xampp\htdocs\CodeIgniter\system\View\View.php(214): include('C:\\xampp\\htdocs...')
#3 C:\xampp\htdocs\CodeIgniter\system\View\View.php(217): CodeIgniter\View\View->CodeIgniter\View\{closure}()
#4 C:\xampp\htdocs\CodeIgniter\system\Common.php(1097): CodeIgniter\View\View->render('pages/Personen', Array, true)
#5 C:\xampp\htdocs\CodeIgniter\app\Controllers\Personen.php(25): view('pages/Personen', Array)
#6 C:\xampp\htdocs\CodeIgniter\system\CodeIgniter.php(824): App\Controllers\Personen->index()
#7 C:\xampp\htdocs\CodeIgniter\system\CodeIgniter.php(410): CodeIgniter\CodeIgniter->runController(Object(App\Controllers\Personen))
#8 C:\xampp\htdocs\CodeIgniter\system\CodeIgniter.php(318): CodeIgniter\CodeIgniter->handleRequest(NULL, Object(Config\Cache), false)
#9 C:\xampp\htdocs\CodeIgniter\public\index.php(39): CodeIgniter\CodeIgniter->run()
#10 {main}
CRITICAL - 2022-01-07 07:17:16 --> array_keys(): Argument #1 ($array) must be of type array, int given
#0 C:\xampp\htdocs\CodeIgniter\app\Views\pages\generate_table.php(40): array_keys(0)
#1 C:\xampp\htdocs\CodeIgniter\app\Views\pages\Personen.php(1): require_once('C:\\xampp\\htdocs...')
#2 C:\xampp\htdocs\CodeIgniter\system\View\View.php(214): include('C:\\xampp\\htdocs...')
#3 C:\xampp\htdocs\CodeIgniter\system\View\View.php(217): CodeIgniter\View\View->CodeIgniter\View\{closure}()
#4 C:\xampp\htdocs\CodeIgniter\system\Common.php(1097): CodeIgniter\View\View->render('pages/Personen', Array, true)
#5 C:\xampp\htdocs\CodeIgniter\app\Controllers\Personen.php(25): view('pages/Personen', Array)
#6 C:\xampp\htdocs\CodeIgniter\system\CodeIgniter.php(824): App\Controllers\Personen->index()
#7 C:\xampp\htdocs\CodeIgniter\system\CodeIgniter.php(410): CodeIgniter\CodeIgniter->runController(Object(App\Controllers\Personen))
#8 C:\xampp\htdocs\CodeIgniter\system\CodeIgniter.php(318): CodeIgniter\CodeIgniter->handleRequest(NULL, Object(Config\Cache), false)
#9 C:\xampp\htdocs\CodeIgniter\public\index.php(39): CodeIgniter\CodeIgniter->run()
#10 {main}
CRITICAL - 2022-01-07 07:17:42 --> Array to string conversion
#0 C:\xampp\htdocs\CodeIgniter\app\Views\pages\generate_table.php(40): CodeIgniter\Debug\Exceptions->errorHandler(2, 'Array to string...', 'C:\\xampp\\htdocs...', 40)
#1 C:\xampp\htdocs\CodeIgniter\app\Views\pages\Personen.php(1): require_once('C:\\xampp\\htdocs...')
#2 C:\xampp\htdocs\CodeIgniter\system\View\View.php(214): include('C:\\xampp\\htdocs...')
#3 C:\xampp\htdocs\CodeIgniter\system\View\View.php(217): CodeIgniter\View\View->CodeIgniter\View\{closure}()
#4 C:\xampp\htdocs\CodeIgniter\system\Common.php(1097): CodeIgniter\View\View->render('pages/Personen', Array, true)
#5 C:\xampp\htdocs\CodeIgniter\app\Controllers\Personen.php(25): view('pages/Personen', Array)
#6 C:\xampp\htdocs\CodeIgniter\system\CodeIgniter.php(824): App\Controllers\Personen->index()
#7 C:\xampp\htdocs\CodeIgniter\system\CodeIgniter.php(410): CodeIgniter\CodeIgniter->runController(Object(App\Controllers\Personen))
#8 C:\xampp\htdocs\CodeIgniter\system\CodeIgniter.php(318): CodeIgniter\CodeIgniter->handleRequest(NULL, Object(Config\Cache), false)
#9 C:\xampp\htdocs\CodeIgniter\public\index.php(39): CodeIgniter\CodeIgniter->run()
#10 {main}
CRITICAL - 2022-01-07 07:18:13 --> Array to string conversion
#0 C:\xampp\htdocs\CodeIgniter\app\Views\pages\generate_table.php(40): CodeIgniter\Debug\Exceptions->errorHandler(2, 'Array to string...', 'C:\\xampp\\htdocs...', 40)
#1 C:\xampp\htdocs\CodeIgniter\app\Views\pages\Personen.php(1): require_once('C:\\xampp\\htdocs...')
#2 C:\xampp\htdocs\CodeIgniter\system\View\View.php(214): include('C:\\xampp\\htdocs...')
#3 C:\xampp\htdocs\CodeIgniter\system\View\View.php(217): CodeIgniter\View\View->CodeIgniter\View\{closure}()
#4 C:\xampp\htdocs\CodeIgniter\system\Common.php(1097): CodeIgniter\View\View->render('pages/Personen', Array, true)
#5 C:\xampp\htdocs\CodeIgniter\app\Controllers\Personen.php(25): view('pages/Personen', Array)
#6 C:\xampp\htdocs\CodeIgniter\system\CodeIgniter.php(824): App\Controllers\Personen->index()
#7 C:\xampp\htdocs\CodeIgniter\system\CodeIgniter.php(410): CodeIgniter\CodeIgniter->runController(Object(App\Controllers\Personen))
#8 C:\xampp\htdocs\CodeIgniter\system\CodeIgniter.php(318): CodeIgniter\CodeIgniter->handleRequest(NULL, Object(Config\Cache), false)
#9 C:\xampp\htdocs\CodeIgniter\public\index.php(39): CodeIgniter\CodeIgniter->run()
#10 {main}
CRITICAL - 2022-01-07 07:51:55 --> Undefined property: App\Controllers\Personen::$thisPersonenModel
#0 C:\xampp\htdocs\CodeIgniter\app\Controllers\Personen.php(16): CodeIgniter\Debug\Exceptions->errorHandler(2, 'Undefined prope...', 'C:\\xampp\\htdocs...', 16)
#1 C:\xampp\htdocs\CodeIgniter\system\CodeIgniter.php(824): App\Controllers\Personen->index()
#2 C:\xampp\htdocs\CodeIgniter\system\CodeIgniter.php(410): CodeIgniter\CodeIgniter->runController(Object(App\Controllers\Personen))
#3 C:\xampp\htdocs\CodeIgniter\system\CodeIgniter.php(318): CodeIgniter\CodeIgniter->handleRequest(NULL, Object(Config\Cache), false)
#4 C:\xampp\htdocs\CodeIgniter\public\index.php(39): CodeIgniter\CodeIgniter->run()
#5 {main}
CRITICAL - 2022-01-07 07:57:14 --> Object of class App\Models\PersonenModel could not be converted to string
#0 C:\xampp\htdocs\CodeIgniter\app\Views\pages\Personen.php(1): require_once()
#1 C:\xampp\htdocs\CodeIgniter\system\View\View.php(214): include('C:\\xampp\\htdocs...')
#2 C:\xampp\htdocs\CodeIgniter\system\View\View.php(217): CodeIgniter\View\View->CodeIgniter\View\{closure}()
#3 C:\xampp\htdocs\CodeIgniter\system\Common.php(1097): CodeIgniter\View\View->render('pages/Personen', Array, true)
#4 C:\xampp\htdocs\CodeIgniter\app\Controllers\Personen.php(26): view('pages/Personen', Array)
#5 C:\xampp\htdocs\CodeIgniter\system\CodeIgniter.php(824): App\Controllers\Personen->index()
#6 C:\xampp\htdocs\CodeIgniter\system\CodeIgniter.php(410): CodeIgniter\CodeIgniter->runController(Object(App\Controllers\Personen))
#7 C:\xampp\htdocs\CodeIgniter\system\CodeIgniter.php(318): CodeIgniter\CodeIgniter->handleRequest(NULL, Object(Config\Cache), false)
#8 C:\xampp\htdocs\CodeIgniter\public\index.php(39): CodeIgniter\CodeIgniter->run()
#9 {main}
CRITICAL - 2022-01-07 08:00:36 --> Call to undefined function removeEntry()
#0 C:\xampp\htdocs\CodeIgniter\app\Views\pages\Personen.php(1): require_once()
#1 C:\xampp\htdocs\CodeIgniter\system\View\View.php(214): include('C:\\xampp\\htdocs...')
#2 C:\xampp\htdocs\CodeIgniter\system\View\View.php(217): CodeIgniter\View\View->CodeIgniter\View\{closure}()
#3 C:\xampp\htdocs\CodeIgniter\system\Common.php(1097): CodeIgniter\View\View->render('pages/Personen', Array, true)
#4 C:\xampp\htdocs\CodeIgniter\app\Controllers\Personen.php(26): view('pages/Personen', Array)
#5 C:\xampp\htdocs\CodeIgniter\system\CodeIgniter.php(824): App\Controllers\Personen->index()
#6 C:\xampp\htdocs\CodeIgniter\system\CodeIgniter.php(410): CodeIgniter\CodeIgniter->runController(Object(App\Controllers\Personen))
#7 C:\xampp\htdocs\CodeIgniter\system\CodeIgniter.php(318): CodeIgniter\CodeIgniter->handleRequest(NULL, Object(Config\Cache), false)
#8 C:\xampp\htdocs\CodeIgniter\public\index.php(39): CodeIgniter\CodeIgniter->run()
#9 {main}
CRITICAL - 2022-01-07 08:03:24 --> Call to undefined function removeEntry()
#0 C:\xampp\htdocs\CodeIgniter\app\Views\pages\Personen.php(1): require_once()
#1 C:\xampp\htdocs\CodeIgniter\system\View\View.php(214): include('C:\\xampp\\htdocs...')
#2 C:\xampp\htdocs\CodeIgniter\system\View\View.php(217): CodeIgniter\View\View->CodeIgniter\View\{closure}()
#3 C:\xampp\htdocs\CodeIgniter\system\Common.php(1097): CodeIgniter\View\View->render('pages/Personen', Array, true)
#4 C:\xampp\htdocs\CodeIgniter\app\Controllers\Personen.php(26): view('pages/Personen', Array)
#5 C:\xampp\htdocs\CodeIgniter\system\CodeIgniter.php(824): App\Controllers\Personen->index()
#6 C:\xampp\htdocs\CodeIgniter\system\CodeIgniter.php(410): CodeIgniter\CodeIgniter->runController(Object(App\Controllers\Personen))
#7 C:\xampp\htdocs\CodeIgniter\system\CodeIgniter.php(318): CodeIgniter\CodeIgniter->handleRequest(NULL, Object(Config\Cache), false)
#8 C:\xampp\htdocs\CodeIgniter\public\index.php(39): CodeIgniter\CodeIgniter->run()
#9 {main}
CRITICAL - 2022-01-07 08:20:44 --> Object of class CodeIgniter\HTTP\RedirectResponse could not be converted to string
#0 C:\xampp\htdocs\CodeIgniter\app\Views\pages\Personen.php(1): require_once()
#1 C:\xampp\htdocs\CodeIgniter\system\View\View.php(214): include('C:\\xampp\\htdocs...')
#2 C:\xampp\htdocs\CodeIgniter\system\View\View.php(217): CodeIgniter\View\View->CodeIgniter\View\{closure}()
#3 C:\xampp\htdocs\CodeIgniter\system\Common.php(1097): CodeIgniter\View\View->render('pages/Personen', Array, true)
#4 C:\xampp\htdocs\CodeIgniter\app\Controllers\Personen.php(26): view('pages/Personen', Array)
#5 C:\xampp\htdocs\CodeIgniter\system\CodeIgniter.php(824): App\Controllers\Personen->index()
#6 C:\xampp\htdocs\CodeIgniter\system\CodeIgniter.php(410): CodeIgniter\CodeIgniter->runController(Object(App\Controllers\Personen))
#7 C:\xampp\htdocs\CodeIgniter\system\CodeIgniter.php(318): CodeIgniter\CodeIgniter->handleRequest(NULL, Object(Config\Cache), false)
#8 C:\xampp\htdocs\CodeIgniter\public\index.php(39): CodeIgniter\CodeIgniter->run()
#9 {main}
CRITICAL - 2022-01-07 08:34:58 --> Object of class CodeIgniter\HTTP\RedirectResponse could not be converted to string
#0 C:\xampp\htdocs\CodeIgniter\app\Views\pages\Personen.php(1): require_once()
#1 C:\xampp\htdocs\CodeIgniter\system\View\View.php(214): include('C:\\xampp\\htdocs...')
#2 C:\xampp\htdocs\CodeIgniter\system\View\View.php(217): CodeIgniter\View\View->CodeIgniter\View\{closure}()
#3 C:\xampp\htdocs\CodeIgniter\system\Common.php(1097): CodeIgniter\View\View->render('pages/Personen', Array, true)
#4 C:\xampp\htdocs\CodeIgniter\app\Controllers\Personen.php(26): view('pages/Personen', Array)
#5 C:\xampp\htdocs\CodeIgniter\system\CodeIgniter.php(824): App\Controllers\Personen->index()
#6 C:\xampp\htdocs\CodeIgniter\system\CodeIgniter.php(410): CodeIgniter\CodeIgniter->runController(Object(App\Controllers\Personen))
#7 C:\xampp\htdocs\CodeIgniter\system\CodeIgniter.php(318): CodeIgniter\CodeIgniter->handleRequest(NULL, Object(Config\Cache), false)
#8 C:\xampp\htdocs\CodeIgniter\public\index.php(39): CodeIgniter\CodeIgniter->run()
#9 {main}
CRITICAL - 2022-01-07 08:36:58 --> Object of class CodeIgniter\HTTP\RedirectResponse could not be converted to string
#0 C:\xampp\htdocs\CodeIgniter\app\Views\pages\Personen.php(1): require_once()
#1 C:\xampp\htdocs\CodeIgniter\system\View\View.php(214): include('C:\\xampp\\htdocs...')
#2 C:\xampp\htdocs\CodeIgniter\system\View\View.php(217): CodeIgniter\View\View->CodeIgniter\View\{closure}()
#3 C:\xampp\htdocs\CodeIgniter\system\Common.php(1097): CodeIgniter\View\View->render('pages/Personen', Array, true)
#4 C:\xampp\htdocs\CodeIgniter\app\Controllers\Personen.php(26): view('pages/Personen', Array)
#5 C:\xampp\htdocs\CodeIgniter\system\CodeIgniter.php(824): App\Controllers\Personen->index()
#6 C:\xampp\htdocs\CodeIgniter\system\CodeIgniter.php(410): CodeIgniter\CodeIgniter->runController(Object(App\Controllers\Personen))
#7 C:\xampp\htdocs\CodeIgniter\system\CodeIgniter.php(318): CodeIgniter\CodeIgniter->handleRequest(NULL, Object(Config\Cache), false)
#8 C:\xampp\htdocs\CodeIgniter\public\index.php(39): CodeIgniter\CodeIgniter->run()
#9 {main}
CRITICAL - 2022-01-07 08:47:22 --> Call to undefined function test()
#0 C:\xampp\htdocs\CodeIgniter\app\Views\pages\Personen.php(1): require_once()
#1 C:\xampp\htdocs\CodeIgniter\system\View\View.php(214): include('C:\\xampp\\htdocs...')
#2 C:\xampp\htdocs\CodeIgniter\system\View\View.php(217): CodeIgniter\View\View->CodeIgniter\View\{closure}()
#3 C:\xampp\htdocs\CodeIgniter\system\Common.php(1097): CodeIgniter\View\View->render('pages/Personen', Array, true)
#4 C:\xampp\htdocs\CodeIgniter\app\Controllers\Personen.php(26): view('pages/Personen', Array)
#5 C:\xampp\htdocs\CodeIgniter\system\CodeIgniter.php(824): App\Controllers\Personen->index()
#6 C:\xampp\htdocs\CodeIgniter\system\CodeIgniter.php(410): CodeIgniter\CodeIgniter->runController(Object(App\Controllers\Personen))
#7 C:\xampp\htdocs\CodeIgniter\system\CodeIgniter.php(318): CodeIgniter\CodeIgniter->handleRequest(NULL, Object(Config\Cache), false)
#8 C:\xampp\htdocs\CodeIgniter\public\index.php(39): CodeIgniter\CodeIgniter->run()
#9 {main}
CRITICAL - 2022-01-07 08:47:37 --> Object of class App\Controllers\Personen could not be converted to string
#0 C:\xampp\htdocs\CodeIgniter\app\Views\pages\Personen.php(1): require_once()
#1 C:\xampp\htdocs\CodeIgniter\system\View\View.php(214): include('C:\\xampp\\htdocs...')
#2 C:\xampp\htdocs\CodeIgniter\system\View\View.php(217): CodeIgniter\View\View->CodeIgniter\View\{closure}()
#3 C:\xampp\htdocs\CodeIgniter\system\Common.php(1097): CodeIgniter\View\View->render('pages/Personen', Array, true)
#4 C:\xampp\htdocs\CodeIgniter\app\Controllers\Personen.php(26): view('pages/Personen', Array)
#5 C:\xampp\htdocs\CodeIgniter\system\CodeIgniter.php(824): App\Controllers\Personen->index()
#6 C:\xampp\htdocs\CodeIgniter\system\CodeIgniter.php(410): CodeIgniter\CodeIgniter->runController(Object(App\Controllers\Personen))
#7 C:\xampp\htdocs\CodeIgniter\system\CodeIgniter.php(318): CodeIgniter\CodeIgniter->handleRequest(NULL, Object(Config\Cache), false)
#8 C:\xampp\htdocs\CodeIgniter\public\index.php(39): CodeIgniter\CodeIgniter->run()
#9 {main}
CRITICAL - 2022-01-07 08:48:47 --> syntax error, unexpected double-quoted string "2", expecting identifier or variable or "{" or "$"
#0 C:\xampp\htdocs\CodeIgniter\system\View\View.php(214): include()
#1 C:\xampp\htdocs\CodeIgniter\system\View\View.php(217): CodeIgniter\View\View->CodeIgniter\View\{closure}()
#2 C:\xampp\htdocs\CodeIgniter\system\Common.php(1097): CodeIgniter\View\View->render('pages/Personen', Array, true)
#3 C:\xampp\htdocs\CodeIgniter\app\Controllers\Personen.php(26): view('pages/Personen', Array)
#4 C:\xampp\htdocs\CodeIgniter\system\CodeIgniter.php(824): App\Controllers\Personen->index()
#5 C:\xampp\htdocs\CodeIgniter\system\CodeIgniter.php(410): CodeIgniter\CodeIgniter->runController(Object(App\Controllers\Personen))
#6 C:\xampp\htdocs\CodeIgniter\system\CodeIgniter.php(318): CodeIgniter\CodeIgniter->handleRequest(NULL, Object(Config\Cache), false)
#7 C:\xampp\htdocs\CodeIgniter\public\index.php(39): CodeIgniter\CodeIgniter->run()
#8 {main}
CRITICAL - 2022-01-07 08:49:02 --> syntax error, unexpected integer "2", expecting identifier or variable or "{" or "$"
#0 C:\xampp\htdocs\CodeIgniter\system\View\View.php(214): include()
#1 C:\xampp\htdocs\CodeIgniter\system\View\View.php(217): CodeIgniter\View\View->CodeIgniter\View\{closure}()
#2 C:\xampp\htdocs\CodeIgniter\system\Common.php(1097): CodeIgniter\View\View->render('pages/Personen', Array, true)
#3 C:\xampp\htdocs\CodeIgniter\app\Controllers\Personen.php(26): view('pages/Personen', Array)
#4 C:\xampp\htdocs\CodeIgniter\system\CodeIgniter.php(824): App\Controllers\Personen->index()
#5 C:\xampp\htdocs\CodeIgniter\system\CodeIgniter.php(410): CodeIgniter\CodeIgniter->runController(Object(App\Controllers\Personen))
#6 C:\xampp\htdocs\CodeIgniter\system\CodeIgniter.php(318): CodeIgniter\CodeIgniter->handleRequest(NULL, Object(Config\Cache), false)
#7 C:\xampp\htdocs\CodeIgniter\public\index.php(39): CodeIgniter\CodeIgniter->run()
#8 {main}
CRITICAL - 2022-01-07 08:49:21 --> Undefined variable $ID
#0 C:\xampp\htdocs\CodeIgniter\app\Views\pages\generate_table.php(42): CodeIgniter\Debug\Exceptions->errorHandler(2, 'Undefined varia...', 'C:\\xampp\\htdocs...', 42)
#1 C:\xampp\htdocs\CodeIgniter\app\Views\pages\Personen.php(1): require_once('C:\\xampp\\htdocs...')
#2 C:\xampp\htdocs\CodeIgniter\system\View\View.php(214): include('C:\\xampp\\htdocs...')
#3 C:\xampp\htdocs\CodeIgniter\system\View\View.php(217): CodeIgniter\View\View->CodeIgniter\View\{closure}()
#4 C:\xampp\htdocs\CodeIgniter\system\Common.php(1097): CodeIgniter\View\View->render('pages/Personen', Array, true)
#5 C:\xampp\htdocs\CodeIgniter\app\Controllers\Personen.php(26): view('pages/Personen', Array)
#6 C:\xampp\htdocs\CodeIgniter\system\CodeIgniter.php(824): App\Controllers\Personen->index()
#7 C:\xampp\htdocs\CodeIgniter\system\CodeIgniter.php(410): CodeIgniter\CodeIgniter->runController(Object(App\Controllers\Personen))
#8 C:\xampp\htdocs\CodeIgniter\system\CodeIgniter.php(318): CodeIgniter\CodeIgniter->handleRequest(NULL, Object(Config\Cache), false)
#9 C:\xampp\htdocs\CodeIgniter\public\index.php(39): CodeIgniter\CodeIgniter->run()
#10 {main}
CRITICAL - 2022-01-07 08:50:04 --> Undefined variable $ID
#0 C:\xampp\htdocs\CodeIgniter\app\Views\pages\generate_table.php(42): CodeIgniter\Debug\Exceptions->errorHandler(2, 'Undefined varia...', 'C:\\xampp\\htdocs...', 42)
#1 C:\xampp\htdocs\CodeIgniter\app\Views\pages\Personen.php(1): require_once('C:\\xampp\\htdocs...')
#2 C:\xampp\htdocs\CodeIgniter\system\View\View.php(214): include('C:\\xampp\\htdocs...')
#3 C:\xampp\htdocs\CodeIgniter\system\View\View.php(217): CodeIgniter\View\View->CodeIgniter\View\{closure}()
#4 C:\xampp\htdocs\CodeIgniter\system\Common.php(1097): CodeIgniter\View\View->render('pages/Personen', Array, true)
#5 C:\xampp\htdocs\CodeIgniter\app\Controllers\Personen.php(26): view('pages/Personen', Array)
#6 C:\xampp\htdocs\CodeIgniter\system\CodeIgniter.php(824): App\Controllers\Personen->index()
#7 C:\xampp\htdocs\CodeIgniter\system\CodeIgniter.php(410): CodeIgniter\CodeIgniter->runController(Object(App\Controllers\Personen))
#8 C:\xampp\htdocs\CodeIgniter\system\CodeIgniter.php(318): CodeIgniter\CodeIgniter->handleRequest(NULL, Object(Config\Cache), false)
#9 C:\xampp\htdocs\CodeIgniter\public\index.php(39): CodeIgniter\CodeIgniter->run()
#10 {main}
CRITICAL - 2022-01-07 08:50:07 --> Undefined variable $ID
#0 C:\xampp\htdocs\CodeIgniter\app\Views\pages\generate_table.php(42): CodeIgniter\Debug\Exceptions->errorHandler(2, 'Undefined varia...', 'C:\\xampp\\htdocs...', 42)
#1 C:\xampp\htdocs\CodeIgniter\app\Views\pages\Personen.php(1): require_once('C:\\xampp\\htdocs...')
#2 C:\xampp\htdocs\CodeIgniter\system\View\View.php(214): include('C:\\xampp\\htdocs...')
#3 C:\xampp\htdocs\CodeIgniter\system\View\View.php(217): CodeIgniter\View\View->CodeIgniter\View\{closure}()
#4 C:\xampp\htdocs\CodeIgniter\system\Common.php(1097): CodeIgniter\View\View->render('pages/Personen', Array, true)
#5 C:\xampp\htdocs\CodeIgniter\app\Controllers\Personen.php(26): view('pages/Personen', Array)
#6 C:\xampp\htdocs\CodeIgniter\system\CodeIgniter.php(824): App\Controllers\Personen->index()
#7 C:\xampp\htdocs\CodeIgniter\system\CodeIgniter.php(410): CodeIgniter\CodeIgniter->runController(Object(App\Controllers\Personen))
#8 C:\xampp\htdocs\CodeIgniter\system\CodeIgniter.php(318): CodeIgniter\CodeIgniter->handleRequest(NULL, Object(Config\Cache), false)
#9 C:\xampp\htdocs\CodeIgniter\public\index.php(39): CodeIgniter\CodeIgniter->run()
#10 {main}
CRITICAL - 2022-01-07 08:51:09 --> Undefined variable $ID
#0 C:\xampp\htdocs\CodeIgniter\app\Views\pages\generate_table.php(42): CodeIgniter\Debug\Exceptions->errorHandler(2, 'Undefined varia...', 'C:\\xampp\\htdocs...', 42)
#1 C:\xampp\htdocs\CodeIgniter\app\Views\pages\Personen.php(1): require_once('C:\\xampp\\htdocs...')
#2 C:\xampp\htdocs\CodeIgniter\system\View\View.php(214): include('C:\\xampp\\htdocs...')
#3 C:\xampp\htdocs\CodeIgniter\system\View\View.php(217): CodeIgniter\View\View->CodeIgniter\View\{closure}()
#4 C:\xampp\htdocs\CodeIgniter\system\Common.php(1097): CodeIgniter\View\View->render('pages/Personen', Array, true)
#5 C:\xampp\htdocs\CodeIgniter\app\Controllers\Personen.php(26): view('pages/Personen', Array)
#6 C:\xampp\htdocs\CodeIgniter\system\CodeIgniter.php(824): App\Controllers\Personen->index()
#7 C:\xampp\htdocs\CodeIgniter\system\CodeIgniter.php(410): CodeIgniter\CodeIgniter->runController(Object(App\Controllers\Personen))
#8 C:\xampp\htdocs\CodeIgniter\system\CodeIgniter.php(318): CodeIgniter\CodeIgniter->handleRequest(NULL, Object(Config\Cache), false)
#9 C:\xampp\htdocs\CodeIgniter\public\index.php(39): CodeIgniter\CodeIgniter->run()
#10 {main}
CRITICAL - 2022-01-07 08:52:18 --> Array to string conversion
#0 C:\xampp\htdocs\CodeIgniter\app\Views\pages\generate_table.php(42): CodeIgniter\Debug\Exceptions->errorHandler(2, 'Array to string...', 'C:\\xampp\\htdocs...', 42)
#1 C:\xampp\htdocs\CodeIgniter\app\Views\pages\Personen.php(1): require_once('C:\\xampp\\htdocs...')
#2 C:\xampp\htdocs\CodeIgniter\system\View\View.php(214): include('C:\\xampp\\htdocs...')
#3 C:\xampp\htdocs\CodeIgniter\system\View\View.php(217): CodeIgniter\View\View->CodeIgniter\View\{closure}()
#4 C:\xampp\htdocs\CodeIgniter\system\Common.php(1097): CodeIgniter\View\View->render('pages/Personen', Array, true)
#5 C:\xampp\htdocs\CodeIgniter\app\Controllers\Personen.php(26): view('pages/Personen', Array)
#6 C:\xampp\htdocs\CodeIgniter\system\CodeIgniter.php(824): App\Controllers\Personen->index()
#7 C:\xampp\htdocs\CodeIgniter\system\CodeIgniter.php(410): CodeIgniter\CodeIgniter->runController(Object(App\Controllers\Personen))
#8 C:\xampp\htdocs\CodeIgniter\system\CodeIgniter.php(318): CodeIgniter\CodeIgniter->handleRequest(NULL, Object(Config\Cache), false)
#9 C:\xampp\htdocs\CodeIgniter\public\index.php(39): CodeIgniter\CodeIgniter->run()
#10 {main}
CRITICAL - 2022-01-07 08:52:47 --> Array to string conversion
#0 C:\xampp\htdocs\CodeIgniter\app\Views\pages\generate_table.php(42): CodeIgniter\Debug\Exceptions->errorHandler(2, 'Array to string...', 'C:\\xampp\\htdocs...', 42)
#1 C:\xampp\htdocs\CodeIgniter\app\Views\pages\Personen.php(1): require_once('C:\\xampp\\htdocs...')
#2 C:\xampp\htdocs\CodeIgniter\system\View\View.php(214): include('C:\\xampp\\htdocs...')
#3 C:\xampp\htdocs\CodeIgniter\system\View\View.php(217): CodeIgniter\View\View->CodeIgniter\View\{closure}()
#4 C:\xampp\htdocs\CodeIgniter\system\Common.php(1097): CodeIgniter\View\View->render('pages/Personen', Array, true)
#5 C:\xampp\htdocs\CodeIgniter\app\Controllers\Personen.php(26): view('pages/Personen', Array)
#6 C:\xampp\htdocs\CodeIgniter\system\CodeIgniter.php(824): App\Controllers\Personen->index()
#7 C:\xampp\htdocs\CodeIgniter\system\CodeIgniter.php(410): CodeIgniter\CodeIgniter->runController(Object(App\Controllers\Personen))
#8 C:\xampp\htdocs\CodeIgniter\system\CodeIgniter.php(318): CodeIgniter\CodeIgniter->handleRequest(NULL, Object(Config\Cache), false)
#9 C:\xampp\htdocs\CodeIgniter\public\index.php(39): CodeIgniter\CodeIgniter->run()
#10 {main}
CRITICAL - 2022-01-07 09:06:42 --> Undefined constant "MitgliedID"
#0 C:\xampp\htdocs\CodeIgniter\app\Views\pages\Personen.php(1): require_once()
#1 C:\xampp\htdocs\CodeIgniter\system\View\View.php(214): include('C:\\xampp\\htdocs...')
#2 C:\xampp\htdocs\CodeIgniter\system\View\View.php(217): CodeIgniter\View\View->CodeIgniter\View\{closure}()
#3 C:\xampp\htdocs\CodeIgniter\system\Common.php(1097): CodeIgniter\View\View->render('pages/Personen', Array, true)
#4 C:\xampp\htdocs\CodeIgniter\app\Controllers\Personen.php(26): view('pages/Personen', Array)
#5 C:\xampp\htdocs\CodeIgniter\system\CodeIgniter.php(824): App\Controllers\Personen->index()
#6 C:\xampp\htdocs\CodeIgniter\system\CodeIgniter.php(410): CodeIgniter\CodeIgniter->runController(Object(App\Controllers\Personen))
#7 C:\xampp\htdocs\CodeIgniter\system\CodeIgniter.php(318): CodeIgniter\CodeIgniter->handleRequest(NULL, Object(Config\Cache), false)
#8 C:\xampp\htdocs\CodeIgniter\public\index.php(39): CodeIgniter\CodeIgniter->run()
#9 {main}
CRITICAL - 2022-01-07 09:08:00 --> syntax error, unexpected token ";"
#0 C:\xampp\htdocs\CodeIgniter\system\View\View.php(214): include()
#1 C:\xampp\htdocs\CodeIgniter\system\View\View.php(217): CodeIgniter\View\View->CodeIgniter\View\{closure}()
#2 C:\xampp\htdocs\CodeIgniter\system\Common.php(1097): CodeIgniter\View\View->render('pages/Personen', Array, true)
#3 C:\xampp\htdocs\CodeIgniter\app\Controllers\Personen.php(26): view('pages/Personen', Array)
#4 C:\xampp\htdocs\CodeIgniter\system\CodeIgniter.php(824): App\Controllers\Personen->index()
#5 C:\xampp\htdocs\CodeIgniter\system\CodeIgniter.php(410): CodeIgniter\CodeIgniter->runController(Object(App\Controllers\Personen))
#6 C:\xampp\htdocs\CodeIgniter\system\CodeIgniter.php(318): CodeIgniter\CodeIgniter->handleRequest(NULL, Object(Config\Cache), false)
#7 C:\xampp\htdocs\CodeIgniter\public\index.php(39): CodeIgniter\CodeIgniter->run()
#8 {main}
CRITICAL - 2022-01-07 09:09:35 --> Undefined property: App\Controllers\Personen::$db
#0 C:\xampp\htdocs\CodeIgniter\app\Controllers\Personen.php(31): CodeIgniter\Debug\Exceptions->errorHandler(2, 'Undefined prope...', 'C:\\xampp\\htdocs...', 31)
#1 C:\xampp\htdocs\CodeIgniter\system\CodeIgniter.php(824): App\Controllers\Personen->removeEntry('9')
#2 C:\xampp\htdocs\CodeIgniter\system\CodeIgniter.php(410): CodeIgniter\CodeIgniter->runController(Object(App\Controllers\Personen))
#3 C:\xampp\htdocs\CodeIgniter\system\CodeIgniter.php(318): CodeIgniter\CodeIgniter->handleRequest(NULL, Object(Config\Cache), false)
#4 C:\xampp\htdocs\CodeIgniter\public\index.php(39): CodeIgniter\CodeIgniter->run()
#5 {main}
CRITICAL - 2022-01-07 09:10:22 --> You must set the database table to be used with your query.
#0 C:\xampp\htdocs\CodeIgniter\system\Model.php(545): CodeIgniter\Database\BaseConnection->table(NULL)
#1 C:\xampp\htdocs\CodeIgniter\system\Model.php(717): CodeIgniter\Model->builder()
#2 C:\xampp\htdocs\CodeIgniter\app\Controllers\Personen.php(31): CodeIgniter\Model->__call('table', Array)
#3 C:\xampp\htdocs\CodeIgniter\system\CodeIgniter.php(824): App\Controllers\Personen->removeEntry('9')
#4 C:\xampp\htdocs\CodeIgniter\system\CodeIgniter.php(410): CodeIgniter\CodeIgniter->runController(Object(App\Controllers\Personen))
#5 C:\xampp\htdocs\CodeIgniter\system\CodeIgniter.php(318): CodeIgniter\CodeIgniter->handleRequest(NULL, Object(Config\Cache), false)
#6 C:\xampp\htdocs\CodeIgniter\public\index.php(39): CodeIgniter\CodeIgniter->run()
#7 {main}
ERROR - 2022-01-07 09:19:12 --> Cannot delete or update a parent row: a foreign key constraint fails (`webproject`.`projekt`, CONSTRAINT `Mitglied` FOREIGN KEY (`MitgliedID`) REFERENCES `mitglied` (`MitgliedID`))
CRITICAL - 2022-01-07 09:19:12 --> Cannot delete or update a parent row: a foreign key constraint fails (`webproject`.`projekt`, CONSTRAINT `Mitglied` FOREIGN KEY (`MitgliedID`) REFERENCES `mitglied` (`MitgliedID`))
#0 C:\xampp\htdocs\CodeIgniter\system\Database\MySQLi\Connection.php(292): mysqli->query('DELETE FROM `mi...', 0)
#1 C:\xampp\htdocs\CodeIgniter\system\Database\BaseConnection.php(670): CodeIgniter\Database\MySQLi\Connection->execute('DELETE FROM `mi...')
#2 C:\xampp\htdocs\CodeIgniter\system\Database\BaseConnection.php(598): CodeIgniter\Database\BaseConnection->simpleQuery('DELETE FROM `mi...')
#3 C:\xampp\htdocs\CodeIgniter\system\Database\BaseBuilder.php(2213): CodeIgniter\Database\BaseConnection->query('DELETE FROM `mi...', Array, false)
#4 C:\xampp\htdocs\CodeIgniter\app\Models\PersonenModel.php(41): CodeIgniter\Database\BaseBuilder->delete()
#5 C:\xampp\htdocs\CodeIgniter\app\Controllers\Personen.php(31): App\Models\PersonenModel->removeEntry('1')
#6 C:\xampp\htdocs\CodeIgniter\system\CodeIgniter.php(824): App\Controllers\Personen->removeEntry('1')
#7 C:\xampp\htdocs\CodeIgniter\system\CodeIgniter.php(410): CodeIgniter\CodeIgniter->runController(Object(App\Controllers\Personen))
#8 C:\xampp\htdocs\CodeIgniter\system\CodeIgniter.php(318): CodeIgniter\CodeIgniter->handleRequest(NULL, Object(Config\Cache), false)
#9 C:\xampp\htdocs\CodeIgniter\public\index.php(39): CodeIgniter\CodeIgniter->run()
#10 {main}
ERROR - 2022-01-07 09:21:57 --> Cannot delete or update a parent row: a foreign key constraint fails (`webproject`.`projekt`, CONSTRAINT `Mitglied` FOREIGN KEY (`MitgliedID`) REFERENCES `mitglied` (`MitgliedID`))
CRITICAL - 2022-01-07 09:21:57 --> Cannot delete or update a parent row: a foreign key constraint fails (`webproject`.`projekt`, CONSTRAINT `Mitglied` FOREIGN KEY (`MitgliedID`) REFERENCES `mitglied` (`MitgliedID`))
#0 C:\xampp\htdocs\CodeIgniter\system\Database\MySQLi\Connection.php(292): mysqli->query('DELETE FROM `mi...', 0)
#1 C:\xampp\htdocs\CodeIgniter\system\Database\BaseConnection.php(670): CodeIgniter\Database\MySQLi\Connection->execute('DELETE FROM `mi...')
#2 C:\xampp\htdocs\CodeIgniter\system\Database\BaseConnection.php(598): CodeIgniter\Database\BaseConnection->simpleQuery('DELETE FROM `mi...')
#3 C:\xampp\htdocs\CodeIgniter\system\Database\BaseBuilder.php(2213): CodeIgniter\Database\BaseConnection->query('DELETE FROM `mi...', Array, false)
#4 C:\xampp\htdocs\CodeIgniter\app\Models\PersonenModel.php(41): CodeIgniter\Database\BaseBuilder->delete()
#5 C:\xampp\htdocs\CodeIgniter\app\Controllers\Personen.php(31): App\Models\PersonenModel->removeEntry('1')
#6 C:\xampp\htdocs\CodeIgniter\system\CodeIgniter.php(824): App\Controllers\Personen->removeEntry('1')
#7 C:\xampp\htdocs\CodeIgniter\system\CodeIgniter.php(410): CodeIgniter\CodeIgniter->runController(Object(App\Controllers\Personen))
#8 C:\xampp\htdocs\CodeIgniter\system\CodeIgniter.php(318): CodeIgniter\CodeIgniter->handleRequest(NULL, Object(Config\Cache), false)
#9 C:\xampp\htdocs\CodeIgniter\public\index.php(39): CodeIgniter\CodeIgniter->run()
#10 {main}
ERROR - 2022-01-07 09:23:05 --> Cannot delete or update a parent row: a foreign key constraint fails (`webproject`.`projekt`, CONSTRAINT `Mitglied` FOREIGN KEY (`MitgliedID`) REFERENCES `mitglied` (`MitgliedID`))
CRITICAL - 2022-01-07 09:23:05 --> Cannot delete or update a parent row: a foreign key constraint fails (`webproject`.`projekt`, CONSTRAINT `Mitglied` FOREIGN KEY (`MitgliedID`) REFERENCES `mitglied` (`MitgliedID`))
#0 C:\xampp\htdocs\CodeIgniter\system\Database\MySQLi\Connection.php(292): mysqli->query('DELETE FROM `mi...', 0)
#1 C:\xampp\htdocs\CodeIgniter\system\Database\BaseConnection.php(670): CodeIgniter\Database\MySQLi\Connection->execute('DELETE FROM `mi...')
#2 C:\xampp\htdocs\CodeIgniter\system\Database\BaseConnection.php(598): CodeIgniter\Database\BaseConnection->simpleQuery('DELETE FROM `mi...')
#3 C:\xampp\htdocs\CodeIgniter\system\Database\BaseBuilder.php(2213): CodeIgniter\Database\BaseConnection->query('DELETE FROM `mi...', Array, false)
#4 C:\xampp\htdocs\CodeIgniter\app\Models\PersonenModel.php(41): CodeIgniter\Database\BaseBuilder->delete()
#5 C:\xampp\htdocs\CodeIgniter\app\Controllers\Personen.php(31): App\Models\PersonenModel->removeEntry('1')
#6 C:\xampp\htdocs\CodeIgniter\system\CodeIgniter.php(824): App\Controllers\Personen->removeEntry('1')
#7 C:\xampp\htdocs\CodeIgniter\system\CodeIgniter.php(410): CodeIgniter\CodeIgniter->runController(Object(App\Controllers\Personen))
#8 C:\xampp\htdocs\CodeIgniter\system\CodeIgniter.php(318): CodeIgniter\CodeIgniter->handleRequest(NULL, Object(Config\Cache), false)
#9 C:\xampp\htdocs\CodeIgniter\public\index.php(39): CodeIgniter\CodeIgniter->run()
#10 {main}
ERROR - 2022-01-07 09:23:17 --> Cannot delete or update a parent row: a foreign key constraint fails (`webproject`.`projekt`, CONSTRAINT `Mitglied` FOREIGN KEY (`MitgliedID`) REFERENCES `mitglied` (`MitgliedID`))
CRITICAL - 2022-01-07 09:23:17 --> Cannot delete or update a parent row: a foreign key constraint fails (`webproject`.`projekt`, CONSTRAINT `Mitglied` FOREIGN KEY (`MitgliedID`) REFERENCES `mitglied` (`MitgliedID`))
#0 C:\xampp\htdocs\CodeIgniter\system\Database\MySQLi\Connection.php(292): mysqli->query('DELETE FROM `mi...', 0)
#1 C:\xampp\htdocs\CodeIgniter\system\Database\BaseConnection.php(670): CodeIgniter\Database\MySQLi\Connection->execute('DELETE FROM `mi...')
#2 C:\xampp\htdocs\CodeIgniter\system\Database\BaseConnection.php(598): CodeIgniter\Database\BaseConnection->simpleQuery('DELETE FROM `mi...')
#3 C:\xampp\htdocs\CodeIgniter\system\Database\BaseBuilder.php(2213): CodeIgniter\Database\BaseConnection->query('DELETE FROM `mi...', Array, false)
#4 C:\xampp\htdocs\CodeIgniter\app\Models\PersonenModel.php(41): CodeIgniter\Database\BaseBuilder->delete()
#5 C:\xampp\htdocs\CodeIgniter\app\Controllers\Personen.php(31): App\Models\PersonenModel->removeEntry('1')
#6 C:\xampp\htdocs\CodeIgniter\system\CodeIgniter.php(824): App\Controllers\Personen->removeEntry('1')
#7 C:\xampp\htdocs\CodeIgniter\system\CodeIgniter.php(410): CodeIgniter\CodeIgniter->runController(Object(App\Controllers\Personen))
#8 C:\xampp\htdocs\CodeIgniter\system\CodeIgniter.php(318): CodeIgniter\CodeIgniter->handleRequest(NULL, Object(Config\Cache), false)
#9 C:\xampp\htdocs\CodeIgniter\public\index.php(39): CodeIgniter\CodeIgniter->run()
#10 {main}
ERROR - 2022-01-07 10:16:06 --> Cannot delete or update a parent row: a foreign key constraint fails (`webproject`.`projekt`, CONSTRAINT `Mitglied` FOREIGN KEY (`MitgliedID`) REFERENCES `mitglied` (`MitgliedID`))
CRITICAL - 2022-01-07 10:16:06 --> Cannot delete or update a parent row: a foreign key constraint fails (`webproject`.`projekt`, CONSTRAINT `Mitglied` FOREIGN KEY (`MitgliedID`) REFERENCES `mitglied` (`MitgliedID`))
#0 C:\xampp\htdocs\CodeIgniter\system\Database\MySQLi\Connection.php(292): mysqli->query('DELETE FROM `mi...', 0)
#1 C:\xampp\htdocs\CodeIgniter\system\Database\BaseConnection.php(670): CodeIgniter\Database\MySQLi\Connection->execute('DELETE FROM `mi...')
#2 C:\xampp\htdocs\CodeIgniter\system\Database\BaseConnection.php(598): CodeIgniter\Database\BaseConnection->simpleQuery('DELETE FROM `mi...')
#3 C:\xampp\htdocs\CodeIgniter\system\Database\BaseBuilder.php(2213): CodeIgniter\Database\BaseConnection->query('DELETE FROM `mi...', Array, false)
#4 C:\xampp\htdocs\CodeIgniter\app\Models\PersonenModel.php(41): CodeIgniter\Database\BaseBuilder->delete()
#5 C:\xampp\htdocs\CodeIgniter\app\Controllers\Personen.php(31): App\Models\PersonenModel->removeEntry('1')
#6 C:\xampp\htdocs\CodeIgniter\system\CodeIgniter.php(824): App\Controllers\Personen->removeEntry('1')
#7 C:\xampp\htdocs\CodeIgniter\system\CodeIgniter.php(410): CodeIgniter\CodeIgniter->runController(Object(App\Controllers\Personen))
#8 C:\xampp\htdocs\CodeIgniter\system\CodeIgniter.php(318): CodeIgniter\CodeIgniter->handleRequest(NULL, Object(Config\Cache), false)
#9 C:\xampp\htdocs\CodeIgniter\public\index.php(39): CodeIgniter\CodeIgniter->run()
#10 {main}
CRITICAL - 2022-01-07 10:37:29 --> syntax error, unexpected token "}"
#0 C:\xampp\htdocs\CodeIgniter\system\Router\Router.php(176): CodeIgniter\Router\Router->autoRoute('Personen')
#1 C:\xampp\htdocs\CodeIgniter\system\CodeIgniter.php(718): CodeIgniter\Router\Router->handle('Personen')
#2 C:\xampp\htdocs\CodeIgniter\system\CodeIgniter.php(359): CodeIgniter\CodeIgniter->tryToRouteIt(Object(CodeIgniter\Router\RouteCollection))
#3 C:\xampp\htdocs\CodeIgniter\system\CodeIgniter.php(318): CodeIgniter\CodeIgniter->handleRequest(NULL, Object(Config\Cache), false)
#4 C:\xampp\htdocs\CodeIgniter\public\index.php(39): CodeIgniter\CodeIgniter->run()
#5 {main}
CRITICAL - 2022-01-07 10:39:05 --> Undefined variable $title
#0 C:\xampp\htdocs\CodeIgniter\app\Views\templates\header.php(7): CodeIgniter\Debug\Exceptions->errorHandler(2, 'Undefined varia...', 'C:\\xampp\\htdocs...', 7)
#1 C:\xampp\htdocs\CodeIgniter\system\View\View.php(214): include('C:\\xampp\\htdocs...')
#2 C:\xampp\htdocs\CodeIgniter\system\View\View.php(217): CodeIgniter\View\View->CodeIgniter\View\{closure}()
#3 C:\xampp\htdocs\CodeIgniter\system\Common.php(1097): CodeIgniter\View\View->render('templates/heade...', Array, true)
#4 C:\xampp\htdocs\CodeIgniter\app\Controllers\Personen.php(39): view('templates/heade...', Array)
#5 C:\xampp\htdocs\CodeIgniter\system\CodeIgniter.php(824): App\Controllers\Personen->editEntry('1')
#6 C:\xampp\htdocs\CodeIgniter\system\CodeIgniter.php(410): CodeIgniter\CodeIgniter->runController(Object(App\Controllers\Personen))
#7 C:\xampp\htdocs\CodeIgniter\system\CodeIgniter.php(318): CodeIgniter\CodeIgniter->handleRequest(NULL, Object(Config\Cache), false)
#8 C:\xampp\htdocs\CodeIgniter\public\index.php(39): CodeIgniter\CodeIgniter->run()
#9 {main}
CRITICAL - 2022-01-07 10:39:59 --> Call to undefined function form_open()
#0 C:\xampp\htdocs\CodeIgniter\system\View\View.php(214): include()
#1 C:\xampp\htdocs\CodeIgniter\system\View\View.php(217): CodeIgniter\View\View->CodeIgniter\View\{closure}()
#2 C:\xampp\htdocs\CodeIgniter\system\Common.php(1097): CodeIgniter\View\View->render('pages/Personen', Array, true)
#3 C:\xampp\htdocs\CodeIgniter\app\Controllers\Personen.php(42): view('pages/Personen', Array)
#4 C:\xampp\htdocs\CodeIgniter\system\CodeIgniter.php(824): App\Controllers\Personen->editEntry('1')
#5 C:\xampp\htdocs\CodeIgniter\system\CodeIgniter.php(410): CodeIgniter\CodeIgniter->runController(Object(App\Controllers\Personen))
#6 C:\xampp\htdocs\CodeIgniter\system\CodeIgniter.php(318): CodeIgniter\CodeIgniter->handleRequest(NULL, Object(Config\Cache), false)
#7 C:\xampp\htdocs\CodeIgniter\public\index.php(39): CodeIgniter\CodeIgniter->run()
#8 {main}
CRITICAL - 2022-01-07 11:13:15 --> Undefined variable $entry
#0 C:\xampp\htdocs\CodeIgniter\app\Views\pages\Personen.php(8): CodeIgniter\Debug\Exceptions->errorHandler(2, 'Undefined varia...', 'C:\\xampp\\htdocs...', 8)
#1 C:\xampp\htdocs\CodeIgniter\system\View\View.php(214): include('C:\\xampp\\htdocs...')
#2 C:\xampp\htdocs\CodeIgniter\system\View\View.php(217): CodeIgniter\View\View->CodeIgniter\View\{closure}()
#3 C:\xampp\htdocs\CodeIgniter\system\Common.php(1097): CodeIgniter\View\View->render('pages/Personen', Array, true)
#4 C:\xampp\htdocs\CodeIgniter\app\Controllers\Personen.php(31): view('pages/Personen', Array)
#5 C:\xampp\htdocs\CodeIgniter\system\CodeIgniter.php(824): App\Controllers\Personen->index()
#6 C:\xampp\htdocs\CodeIgniter\system\CodeIgniter.php(410): CodeIgniter\CodeIgniter->runController(Object(App\Controllers\Personen))
#7 C:\xampp\htdocs\CodeIgniter\system\CodeIgniter.php(318): CodeIgniter\CodeIgniter->handleRequest(NULL, Object(Config\Cache), false)
#8 C:\xampp\htdocs\CodeIgniter\public\index.php(39): CodeIgniter\CodeIgniter->run()
#9 {main}
CRITICAL - 2022-01-07 11:13:29 --> Undefined variable $entry
#0 C:\xampp\htdocs\CodeIgniter\app\Views\pages\Personen.php(8): CodeIgniter\Debug\Exceptions->errorHandler(2, 'Undefined varia...', 'C:\\xampp\\htdocs...', 8)
#1 C:\xampp\htdocs\CodeIgniter\system\View\View.php(214): include('C:\\xampp\\htdocs...')
#2 C:\xampp\htdocs\CodeIgniter\system\View\View.php(217): CodeIgniter\View\View->CodeIgniter\View\{closure}()
#3 C:\xampp\htdocs\CodeIgniter\system\Common.php(1097): CodeIgniter\View\View->render('pages/Personen', Array, true)
#4 C:\xampp\htdocs\CodeIgniter\app\Controllers\Personen.php(31): view('pages/Personen', Array)
#5 C:\xampp\htdocs\CodeIgniter\system\CodeIgniter.php(824): App\Controllers\Personen->index()
#6 C:\xampp\htdocs\CodeIgniter\system\CodeIgniter.php(410): CodeIgniter\CodeIgniter->runController(Object(App\Controllers\Personen))
#7 C:\xampp\htdocs\CodeIgniter\system\CodeIgniter.php(318): CodeIgniter\CodeIgniter->handleRequest(NULL, Object(Config\Cache), false)
#8 C:\xampp\htdocs\CodeIgniter\public\index.php(39): CodeIgniter\CodeIgniter->run()
#9 {main}
CRITICAL - 2022-01-07 11:14:00 --> Undefined property: CodeIgniter\View\View::$entry
#0 C:\xampp\htdocs\CodeIgniter\app\Views\pages\Personen.php(8): CodeIgniter\Debug\Exceptions->errorHandler(2, 'Undefined prope...', 'C:\\xampp\\htdocs...', 8)
#1 C:\xampp\htdocs\CodeIgniter\system\View\View.php(214): include('C:\\xampp\\htdocs...')
#2 C:\xampp\htdocs\CodeIgniter\system\View\View.php(217): CodeIgniter\View\View->CodeIgniter\View\{closure}()
#3 C:\xampp\htdocs\CodeIgniter\system\Common.php(1097): CodeIgniter\View\View->render('pages/Personen', Array, true)
#4 C:\xampp\htdocs\CodeIgniter\app\Controllers\Personen.php(31): view('pages/Personen', Array)
#5 C:\xampp\htdocs\CodeIgniter\system\CodeIgniter.php(824): App\Controllers\Personen->index()
#6 C:\xampp\htdocs\CodeIgniter\system\CodeIgniter.php(410): CodeIgniter\CodeIgniter->runController(Object(App\Controllers\Personen))
#7 C:\xampp\htdocs\CodeIgniter\system\CodeIgniter.php(318): CodeIgniter\CodeIgniter->handleRequest(NULL, Object(Config\Cache), false)
#8 C:\xampp\htdocs\CodeIgniter\public\index.php(39): CodeIgniter\CodeIgniter->run()
#9 {main}
CRITICAL - 2022-01-07 11:28:17 --> Undefined variable $entry
#0 C:\xampp\htdocs\CodeIgniter\app\Views\pages\Personen.php(8): CodeIgniter\Debug\Exceptions->errorHandler(2, 'Undefined varia...', 'C:\\xampp\\htdocs...', 8)
#1 C:\xampp\htdocs\CodeIgniter\system\View\View.php(214): include('C:\\xampp\\htdocs...')
#2 C:\xampp\htdocs\CodeIgniter\system\View\View.php(217): CodeIgniter\View\View->CodeIgniter\View\{closure}()
#3 C:\xampp\htdocs\CodeIgniter\system\Common.php(1097): CodeIgniter\View\View->render('pages/Personen', Array, true)
#4 C:\xampp\htdocs\CodeIgniter\app\Controllers\Personen.php(32): view('pages/Personen', Array)
#5 C:\xampp\htdocs\CodeIgniter\system\CodeIgniter.php(824): App\Controllers\Personen->index()
#6 C:\xampp\htdocs\CodeIgniter\system\CodeIgniter.php(410): CodeIgniter\CodeIgniter->runController(Object(App\Controllers\Personen))
#7 C:\xampp\htdocs\CodeIgniter\system\CodeIgniter.php(318): CodeIgniter\CodeIgniter->handleRequest(NULL, Object(Config\Cache), false)
#8 C:\xampp\htdocs\CodeIgniter\public\index.php(39): CodeIgniter\CodeIgniter->run()
#9 {main}
CRITICAL - 2022-01-07 11:29:16 --> Undefined variable $entry
#0 C:\xampp\htdocs\CodeIgniter\app\Views\pages\Personen.php(8): CodeIgniter\Debug\Exceptions->errorHandler(2, 'Undefined varia...', 'C:\\xampp\\htdocs...', 8)
#1 C:\xampp\htdocs\CodeIgniter\system\View\View.php(214): include('C:\\xampp\\htdocs...')
#2 C:\xampp\htdocs\CodeIgniter\system\View\View.php(217): CodeIgniter\View\View->CodeIgniter\View\{closure}()
#3 C:\xampp\htdocs\CodeIgniter\system\Common.php(1097): CodeIgniter\View\View->render('pages/Personen', Array, true)
#4 C:\xampp\htdocs\CodeIgniter\app\Controllers\Personen.php(32): view('pages/Personen', Array)
#5 C:\xampp\htdocs\CodeIgniter\system\CodeIgniter.php(824): App\Controllers\Personen->index()
#6 C:\xampp\htdocs\CodeIgniter\system\CodeIgniter.php(410): CodeIgniter\CodeIgniter->runController(Object(App\Controllers\Personen))
#7 C:\xampp\htdocs\CodeIgniter\system\CodeIgniter.php(318): CodeIgniter\CodeIgniter->handleRequest(NULL, Object(Config\Cache), false)
#8 C:\xampp\htdocs\CodeIgniter\public\index.php(39): CodeIgniter\CodeIgniter->run()
#9 {main}
CRITICAL - 2022-01-07 11:29:30 --> Undefined variable $entry
#0 C:\xampp\htdocs\CodeIgniter\app\Views\pages\Personen.php(8): CodeIgniter\Debug\Exceptions->errorHandler(2, 'Undefined varia...', 'C:\\xampp\\htdocs...', 8)
#1 C:\xampp\htdocs\CodeIgniter\system\View\View.php(214): include('C:\\xampp\\htdocs...')
#2 C:\xampp\htdocs\CodeIgniter\system\View\View.php(217): CodeIgniter\View\View->CodeIgniter\View\{closure}()
#3 C:\xampp\htdocs\CodeIgniter\system\Common.php(1097): CodeIgniter\View\View->render('pages/Personen', Array, true)
#4 C:\xampp\htdocs\CodeIgniter\app\Controllers\Personen.php(32): view('pages/Personen', Array)
#5 C:\xampp\htdocs\CodeIgniter\system\CodeIgniter.php(824): App\Controllers\Personen->index()
#6 C:\xampp\htdocs\CodeIgniter\system\CodeIgniter.php(410): CodeIgniter\CodeIgniter->runController(Object(App\Controllers\Personen))
#7 C:\xampp\htdocs\CodeIgniter\system\CodeIgniter.php(318): CodeIgniter\CodeIgniter->handleRequest(NULL, Object(Config\Cache), false)
#8 C:\xampp\htdocs\CodeIgniter\public\index.php(39): CodeIgniter\CodeIgniter->run()
#9 {main}
CRITICAL - 2022-01-07 11:29:56 --> Undefined variable $entry
#0 C:\xampp\htdocs\CodeIgniter\app\Views\pages\Personen.php(20): CodeIgniter\Debug\Exceptions->errorHandler(2, 'Undefined varia...', 'C:\\xampp\\htdocs...', 20)
#1 C:\xampp\htdocs\CodeIgniter\system\View\View.php(214): include('C:\\xampp\\htdocs...')
#2 C:\xampp\htdocs\CodeIgniter\system\View\View.php(217): CodeIgniter\View\View->CodeIgniter\View\{closure}()
#3 C:\xampp\htdocs\CodeIgniter\system\Common.php(1097): CodeIgniter\View\View->render('pages/Personen', Array, true)
#4 C:\xampp\htdocs\CodeIgniter\app\Controllers\Personen.php(32): view('pages/Personen', Array)
#5 C:\xampp\htdocs\CodeIgniter\system\CodeIgniter.php(824): App\Controllers\Personen->index()
#6 C:\xampp\htdocs\CodeIgniter\system\CodeIgniter.php(410): CodeIgniter\CodeIgniter->runController(Object(App\Controllers\Personen))
#7 C:\xampp\htdocs\CodeIgniter\system\CodeIgniter.php(318): CodeIgniter\CodeIgniter->handleRequest(NULL, Object(Config\Cache), false)
#8 C:\xampp\htdocs\CodeIgniter\public\index.php(39): CodeIgniter\CodeIgniter->run()
#9 {main}
CRITICAL - 2022-01-07 12:00:06 --> Undefined array key "person_password"
#0 C:\xampp\htdocs\CodeIgniter\app\Views\pages\Personen.php(55): CodeIgniter\Debug\Exceptions->errorHandler(2, 'Undefined array...', 'C:\\xampp\\htdocs...', 55)
#1 C:\xampp\htdocs\CodeIgniter\system\View\View.php(214): include('C:\\xampp\\htdocs...')
#2 C:\xampp\htdocs\CodeIgniter\system\View\View.php(217): CodeIgniter\View\View->CodeIgniter\View\{closure}()
#3 C:\xampp\htdocs\CodeIgniter\system\Common.php(1097): CodeIgniter\View\View->render('pages/Personen', Array, true)
#4 C:\xampp\htdocs\CodeIgniter\app\Controllers\Personen.php(45): view('pages/Personen', Array)
#5 C:\xampp\htdocs\CodeIgniter\system\CodeIgniter.php(824): App\Controllers\Personen->editEntry('1')
#6 C:\xampp\htdocs\CodeIgniter\system\CodeIgniter.php(410): CodeIgniter\CodeIgniter->runController(Object(App\Controllers\Personen))
#7 C:\xampp\htdocs\CodeIgniter\system\CodeIgniter.php(318): CodeIgniter\CodeIgniter->handleRequest(NULL, Object(Config\Cache), false)
#8 C:\xampp\htdocs\CodeIgniter\public\index.php(39): CodeIgniter\CodeIgniter->run()
#9 {main}
CRITICAL - 2022-01-07 12:01:21 --> Undefined array key "person_password"
#0 C:\xampp\htdocs\CodeIgniter\app\Views\pages\Personen.php(55): CodeIgniter\Debug\Exceptions->errorHandler(2, 'Undefined array...', 'C:\\xampp\\htdocs...', 55)
#1 C:\xampp\htdocs\CodeIgniter\system\View\View.php(214): include('C:\\xampp\\htdocs...')
#2 C:\xampp\htdocs\CodeIgniter\system\View\View.php(217): CodeIgniter\View\View->CodeIgniter\View\{closure}()
#3 C:\xampp\htdocs\CodeIgniter\system\Common.php(1097): CodeIgniter\View\View->render('pages/Personen', Array, true)
#4 C:\xampp\htdocs\CodeIgniter\app\Controllers\Personen.php(45): view('pages/Personen', Array)
#5 C:\xampp\htdocs\CodeIgniter\system\CodeIgniter.php(824): App\Controllers\Personen->editEntry('1')
#6 C:\xampp\htdocs\CodeIgniter\system\CodeIgniter.php(410): CodeIgniter\CodeIgniter->runController(Object(App\Controllers\Personen))
#7 C:\xampp\htdocs\CodeIgniter\system\CodeIgniter.php(318): CodeIgniter\CodeIgniter->handleRequest(NULL, Object(Config\Cache), false)
#8 C:\xampp\htdocs\CodeIgniter\public\index.php(39): CodeIgniter\CodeIgniter->run()
#9 {main}
CRITICAL - 2022-01-07 12:02:16 --> Undefined array key "person_password"
#0 C:\xampp\htdocs\CodeIgniter\app\Views\pages\Personen.php(55): CodeIgniter\Debug\Exceptions->errorHandler(2, 'Undefined array...', 'C:\\xampp\\htdocs...', 55)
#1 C:\xampp\htdocs\CodeIgniter\system\View\View.php(214): include('C:\\xampp\\htdocs...')
#2 C:\xampp\htdocs\CodeIgniter\system\View\View.php(217): CodeIgniter\View\View->CodeIgniter\View\{closure}()
#3 C:\xampp\htdocs\CodeIgniter\system\Common.php(1097): CodeIgniter\View\View->render('pages/Personen', Array, true)
#4 C:\xampp\htdocs\CodeIgniter\app\Controllers\Personen.php(45): view('pages/Personen', Array)
#5 C:\xampp\htdocs\CodeIgniter\system\CodeIgniter.php(824): App\Controllers\Personen->editEntry('1')
#6 C:\xampp\htdocs\CodeIgniter\system\CodeIgniter.php(410): CodeIgniter\CodeIgniter->runController(Object(App\Controllers\Personen))
#7 C:\xampp\htdocs\CodeIgniter\system\CodeIgniter.php(318): CodeIgniter\CodeIgniter->handleRequest(NULL, Object(Config\Cache), false)
#8 C:\xampp\htdocs\CodeIgniter\public\index.php(39): CodeIgniter\CodeIgniter->run()
#9 {main}
CRITICAL - 2022-01-07 12:02:34 --> Undefined array key "person_password"
#0 C:\xampp\htdocs\CodeIgniter\app\Views\pages\Personen.php(51): CodeIgniter\Debug\Exceptions->errorHandler(2, 'Undefined array...', 'C:\\xampp\\htdocs...', 51)
#1 C:\xampp\htdocs\CodeIgniter\system\View\View.php(214): include('C:\\xampp\\htdocs...')
#2 C:\xampp\htdocs\CodeIgniter\system\View\View.php(217): CodeIgniter\View\View->CodeIgniter\View\{closure}()
#3 C:\xampp\htdocs\CodeIgniter\system\Common.php(1097): CodeIgniter\View\View->render('pages/Personen', Array, true)
#4 C:\xampp\htdocs\CodeIgniter\app\Controllers\Personen.php(27): view('pages/Personen', Array)
#5 C:\xampp\htdocs\CodeIgniter\system\CodeIgniter.php(824): App\Controllers\Personen->index()
#6 C:\xampp\htdocs\CodeIgniter\system\CodeIgniter.php(410): CodeIgniter\CodeIgniter->runController(Object(App\Controllers\Personen))
#7 C:\xampp\htdocs\CodeIgniter\system\CodeIgniter.php(318): CodeIgniter\CodeIgniter->handleRequest(NULL, Object(Config\Cache), false)
#8 C:\xampp\htdocs\CodeIgniter\public\index.php(39): CodeIgniter\CodeIgniter->run()
#9 {main}
CRITICAL - 2022-01-07 12:02:58 --> Undefined variable $place
#0 C:\xampp\htdocs\CodeIgniter\app\Views\pages\Personen.php(24): CodeIgniter\Debug\Exceptions->errorHandler(2, 'Undefined varia...', 'C:\\xampp\\htdocs...', 24)
#1 C:\xampp\htdocs\CodeIgniter\system\View\View.php(214): include('C:\\xampp\\htdocs...')
#2 C:\xampp\htdocs\CodeIgniter\system\View\View.php(217): CodeIgniter\View\View->CodeIgniter\View\{closure}()
#3 C:\xampp\htdocs\CodeIgniter\system\Common.php(1097): CodeIgniter\View\View->render('pages/Personen', Array, true)
#4 C:\xampp\htdocs\CodeIgniter\app\Controllers\Personen.php(27): view('pages/Personen', Array)
#5 C:\xampp\htdocs\CodeIgniter\system\CodeIgniter.php(824): App\Controllers\Personen->index()
#6 C:\xampp\htdocs\CodeIgniter\system\CodeIgniter.php(410): CodeIgniter\CodeIgniter->runController(Object(App\Controllers\Personen))
#7 C:\xampp\htdocs\CodeIgniter\system\CodeIgniter.php(318): CodeIgniter\CodeIgniter->handleRequest(NULL, Object(Config\Cache), false)
#8 C:\xampp\htdocs\CodeIgniter\public\index.php(39): CodeIgniter\CodeIgniter->run()
#9 {main}
CRITICAL - 2022-01-07 12:09:22 --> Call to undefined function form_open()
#0 C:\xampp\htdocs\CodeIgniter\system\View\View.php(214): include()
#1 C:\xampp\htdocs\CodeIgniter\system\View\View.php(217): CodeIgniter\View\View->CodeIgniter\View\{closure}()
#2 C:\xampp\htdocs\CodeIgniter\system\Common.php(1097): CodeIgniter\View\View->render('pages/Personen', Array, true)
#3 C:\xampp\htdocs\CodeIgniter\app\Controllers\Personen.php(44): view('pages/Personen', Array)
#4 C:\xampp\htdocs\CodeIgniter\system\CodeIgniter.php(824): App\Controllers\Personen->editEntry('1')
#5 C:\xampp\htdocs\CodeIgniter\system\CodeIgniter.php(410): CodeIgniter\CodeIgniter->runController(Object(App\Controllers\Personen))
#6 C:\xampp\htdocs\CodeIgniter\system\CodeIgniter.php(318): CodeIgniter\CodeIgniter->handleRequest(NULL, Object(Config\Cache), false)
#7 C:\xampp\htdocs\CodeIgniter\public\index.php(39): CodeIgniter\CodeIgniter->run()
#8 {main}
CRITICAL - 2022-01-07 12:09:55 --> Call to undefined function form_open()
#0 C:\xampp\htdocs\CodeIgniter\system\View\View.php(214): include()
#1 C:\xampp\htdocs\CodeIgniter\system\View\View.php(217): CodeIgniter\View\View->CodeIgniter\View\{closure}()
#2 C:\xampp\htdocs\CodeIgniter\system\Common.php(1097): CodeIgniter\View\View->render('pages/Personen', Array, true)
#3 C:\xampp\htdocs\CodeIgniter\app\Controllers\Personen.php(44): view('pages/Personen', Array)
#4 C:\xampp\htdocs\CodeIgniter\system\CodeIgniter.php(824): App\Controllers\Personen->editEntry('1')
#5 C:\xampp\htdocs\CodeIgniter\system\CodeIgniter.php(410): CodeIgniter\CodeIgniter->runController(Object(App\Controllers\Personen))
#6 C:\xampp\htdocs\CodeIgniter\system\CodeIgniter.php(318): CodeIgniter\CodeIgniter->handleRequest(NULL, Object(Config\Cache), false)
#7 C:\xampp\htdocs\CodeIgniter\public\index.php(39): CodeIgniter\CodeIgniter->run()
#8 {main}
CRITICAL - 2022-01-07 12:18:51 --> Call to undefined function App\Controllers\why()
#0 C:\xampp\htdocs\CodeIgniter\system\CodeIgniter.php(824): App\Controllers\Personen->editEntry('1')
#1 C:\xampp\htdocs\CodeIgniter\system\CodeIgniter.php(410): CodeIgniter\CodeIgniter->runController(Object(App\Controllers\Personen))
#2 C:\xampp\htdocs\CodeIgniter\system\CodeIgniter.php(318): CodeIgniter\CodeIgniter->handleRequest(NULL, Object(Config\Cache), false)
#3 C:\xampp\htdocs\CodeIgniter\public\index.php(39): CodeIgniter\CodeIgniter->run()
#4 {main}
CRITICAL - 2022-01-07 12:19:31 --> Call to undefined function App\Controllers\why()
#0 C:\xampp\htdocs\CodeIgniter\system\CodeIgniter.php(824): App\Controllers\Personen->editEntry('1')
#1 C:\xampp\htdocs\CodeIgniter\system\CodeIgniter.php(410): CodeIgniter\CodeIgniter->runController(Object(App\Controllers\Personen))
#2 C:\xampp\htdocs\CodeIgniter\system\CodeIgniter.php(318): CodeIgniter\CodeIgniter->handleRequest(NULL, Object(Config\Cache), false)
#3 C:\xampp\htdocs\CodeIgniter\public\index.php(39): CodeIgniter\CodeIgniter->run()
#4 {main}
CRITICAL - 2022-01-07 12:34:18 --> Trying to access array offset on value of type int
#0 C:\xampp\htdocs\CodeIgniter\app\Views\pages\Personen.php(28): CodeIgniter\Debug\Exceptions->errorHandler(2, 'Trying to acces...', 'C:\\xampp\\htdocs...', 28)
#1 C:\xampp\htdocs\CodeIgniter\system\View\View.php(214): include('C:\\xampp\\htdocs...')
#2 C:\xampp\htdocs\CodeIgniter\system\View\View.php(217): CodeIgniter\View\View->CodeIgniter\View\{closure}()
#3 C:\xampp\htdocs\CodeIgniter\system\Common.php(1097): CodeIgniter\View\View->render('pages/Personen', Array, true)
#4 C:\xampp\htdocs\CodeIgniter\app\Controllers\Personen.php(48): view('pages/Personen', Array)
#5 C:\xampp\htdocs\CodeIgniter\system\CodeIgniter.php(824): App\Controllers\Personen->editEntry('1')
#6 C:\xampp\htdocs\CodeIgniter\system\CodeIgniter.php(410): CodeIgniter\CodeIgniter->runController(Object(App\Controllers\Personen))
#7 C:\xampp\htdocs\CodeIgniter\system\CodeIgniter.php(318): CodeIgniter\CodeIgniter->handleRequest(NULL, Object(Config\Cache), false)
#8 C:\xampp\htdocs\CodeIgniter\public\index.php(39): CodeIgniter\CodeIgniter->run()
#9 {main}
CRITICAL - 2022-01-07 12:39:03 --> Trying to access array offset on value of type int
#0 C:\xampp\htdocs\CodeIgniter\app\Views\pages\Personen.php(23): CodeIgniter\Debug\Exceptions->errorHandler(2, 'Trying to acces...', 'C:\\xampp\\htdocs...', 23)
#1 C:\xampp\htdocs\CodeIgniter\system\View\View.php(214): include('C:\\xampp\\htdocs...')
#2 C:\xampp\htdocs\CodeIgniter\system\View\View.php(217): CodeIgniter\View\View->CodeIgniter\View\{closure}()
#3 C:\xampp\htdocs\CodeIgniter\system\Common.php(1097): CodeIgniter\View\View->render('pages/Personen', Array, true)
#4 C:\xampp\htdocs\CodeIgniter\app\Controllers\Personen.php(48): view('pages/Personen', Array)
#5 C:\xampp\htdocs\CodeIgniter\system\CodeIgniter.php(824): App\Controllers\Personen->editEntry('1')
#6 C:\xampp\htdocs\CodeIgniter\system\CodeIgniter.php(410): CodeIgniter\CodeIgniter->runController(Object(App\Controllers\Personen))
#7 C:\xampp\htdocs\CodeIgniter\system\CodeIgniter.php(318): CodeIgniter\CodeIgniter->handleRequest(NULL, Object(Config\Cache), false)
#8 C:\xampp\htdocs\CodeIgniter\public\index.php(39): CodeIgniter\CodeIgniter->run()
#9 {main}
CRITICAL - 2022-01-07 12:48:30 --> Too few arguments to function App\Controllers\Personen::editEntry(), 0 passed in C:\xampp\htdocs\CodeIgniter\system\CodeIgniter.php on line 824 and exactly 1 expected
#0 C:\xampp\htdocs\CodeIgniter\system\CodeIgniter.php(824): App\Controllers\Personen->editEntry()
#1 C:\xampp\htdocs\CodeIgniter\system\CodeIgniter.php(410): CodeIgniter\CodeIgniter->runController(Object(App\Controllers\Personen))
#2 C:\xampp\htdocs\CodeIgniter\system\CodeIgniter.php(318): CodeIgniter\CodeIgniter->handleRequest(NULL, Object(Config\Cache), false)
#3 C:\xampp\htdocs\CodeIgniter\public\index.php(39): CodeIgniter\CodeIgniter->run()
#4 {main}
CRITICAL - 2022-01-07 12:48:47 --> Too few arguments to function App\Controllers\Personen::editEntry(), 0 passed in C:\xampp\htdocs\CodeIgniter\system\CodeIgniter.php on line 824 and exactly 1 expected
#0 C:\xampp\htdocs\CodeIgniter\system\CodeIgniter.php(824): App\Controllers\Personen->editEntry()
#1 C:\xampp\htdocs\CodeIgniter\system\CodeIgniter.php(410): CodeIgniter\CodeIgniter->runController(Object(App\Controllers\Personen))
#2 C:\xampp\htdocs\CodeIgniter\system\CodeIgniter.php(318): CodeIgniter\CodeIgniter->handleRequest(NULL, Object(Config\Cache), false)
#3 C:\xampp\htdocs\CodeIgniter\public\index.php(39): CodeIgniter\CodeIgniter->run()
#4 {main}
CRITICAL - 2022-01-07 12:50:45 --> syntax error, unexpected token "<", expecting end of file
#0 C:\xampp\htdocs\CodeIgniter\system\View\View.php(217): CodeIgniter\View\View->CodeIgniter\View\{closure}()
#1 C:\xampp\htdocs\CodeIgniter\system\Common.php(1097): CodeIgniter\View\View->render('pages/Personen', Array, true)
#2 C:\xampp\htdocs\CodeIgniter\app\Controllers\Personen.php(52): view('pages/Personen', Array)
#3 C:\xampp\htdocs\CodeIgniter\system\CodeIgniter.php(824): App\Controllers\Personen->editEntry('2')
#4 C:\xampp\htdocs\CodeIgniter\system\CodeIgniter.php(410): CodeIgniter\CodeIgniter->runController(Object(App\Controllers\Personen))
#5 C:\xampp\htdocs\CodeIgniter\system\CodeIgniter.php(318): CodeIgniter\CodeIgniter->handleRequest(NULL, Object(Config\Cache), false)
#6 C:\xampp\htdocs\CodeIgniter\public\index.php(39): CodeIgniter\CodeIgniter->run()
#7 {main}
CRITICAL - 2022-01-07 12:51:08 --> Too few arguments to function App\Controllers\Personen::editEntry(), 0 passed in C:\xampp\htdocs\CodeIgniter\system\CodeIgniter.php on line 824 and exactly 1 expected
#0 C:\xampp\htdocs\CodeIgniter\system\CodeIgniter.php(824): App\Controllers\Personen->editEntry()
#1 C:\xampp\htdocs\CodeIgniter\system\CodeIgniter.php(410): CodeIgniter\CodeIgniter->runController(Object(App\Controllers\Personen))
#2 C:\xampp\htdocs\CodeIgniter\system\CodeIgniter.php(318): CodeIgniter\CodeIgniter->handleRequest(NULL, Object(Config\Cache), false)
#3 C:\xampp\htdocs\CodeIgniter\public\index.php(39): CodeIgniter\CodeIgniter->run()
#4 {main}
CRITICAL - 2022-01-07 12:51:54 --> Too few arguments to function App\Controllers\Personen::editEntry(), 0 passed in C:\xampp\htdocs\CodeIgniter\system\CodeIgniter.php on line 824 and exactly 1 expected
#0 C:\xampp\htdocs\CodeIgniter\system\CodeIgniter.php(824): App\Controllers\Personen->editEntry()
#1 C:\xampp\htdocs\CodeIgniter\system\CodeIgniter.php(410): CodeIgniter\CodeIgniter->runController(Object(App\Controllers\Personen))
#2 C:\xampp\htdocs\CodeIgniter\system\CodeIgniter.php(318): CodeIgniter\CodeIgniter->handleRequest(NULL, Object(Config\Cache), false)
#3 C:\xampp\htdocs\CodeIgniter\public\index.php(39): CodeIgniter\CodeIgniter->run()
#4 {main}
CRITICAL - 2022-01-07 12:51:58 --> syntax error, unexpected token ","
#0 C:\xampp\htdocs\CodeIgniter\system\View\View.php(217): CodeIgniter\View\View->CodeIgniter\View\{closure}()
#1 C:\xampp\htdocs\CodeIgniter\system\Common.php(1097): CodeIgniter\View\View->render('pages/Personen', Array, true)
#2 C:\xampp\htdocs\CodeIgniter\app\Controllers\Personen.php(28): view('pages/Personen', Array)
#3 C:\xampp\htdocs\CodeIgniter\system\CodeIgniter.php(824): App\Controllers\Personen->index()
#4 C:\xampp\htdocs\CodeIgniter\system\CodeIgniter.php(410): CodeIgniter\CodeIgniter->runController(Object(App\Controllers\Personen))
#5 C:\xampp\htdocs\CodeIgniter\system\CodeIgniter.php(318): CodeIgniter\CodeIgniter->handleRequest(NULL, Object(Config\Cache), false)
#6 C:\xampp\htdocs\CodeIgniter\public\index.php(39): CodeIgniter\CodeIgniter->run()
#7 {main}
CRITICAL - 2022-01-07 14:42:46 --> Undefined variable $NR
#0 C:\xampp\htdocs\CodeIgniter\app\Views\pages\Personen.php(19): CodeIgniter\Debug\Exceptions->errorHandler(2, 'Undefined varia...', 'C:\\xampp\\htdocs...', 19)
#1 C:\xampp\htdocs\CodeIgniter\system\View\View.php(214): include('C:\\xampp\\htdocs...')
#2 C:\xampp\htdocs\CodeIgniter\system\View\View.php(217): CodeIgniter\View\View->CodeIgniter\View\{closure}()
#3 C:\xampp\htdocs\CodeIgniter\system\Common.php(1097): CodeIgniter\View\View->render('pages/Personen', Array, true)
#4 C:\xampp\htdocs\CodeIgniter\app\Controllers\Personen.php(27): view('pages/Personen', Array)
#5 C:\xampp\htdocs\CodeIgniter\system\CodeIgniter.php(824): App\Controllers\Personen->index()
#6 C:\xampp\htdocs\CodeIgniter\system\CodeIgniter.php(410): CodeIgniter\CodeIgniter->runController(Object(App\Controllers\Personen))
#7 C:\xampp\htdocs\CodeIgniter\system\CodeIgniter.php(318): CodeIgniter\CodeIgniter->handleRequest(NULL, Object(Config\Cache), false)
#8 C:\xampp\htdocs\CodeIgniter\public\index.php(39): CodeIgniter\CodeIgniter->run()
#9 {main}
CRITICAL - 2022-01-07 14:55:21 --> Undefined array key "person_username"
#0 C:\xampp\htdocs\CodeIgniter\app\Models\PersonenModel.php(52): CodeIgniter\Debug\Exceptions->errorHandler(2, 'Undefined array...', 'C:\\xampp\\htdocs...', 52)
#1 C:\xampp\htdocs\CodeIgniter\app\Controllers\Personen.php(46): App\Models\PersonenModel->changeEntry(Array)
#2 C:\xampp\htdocs\CodeIgniter\system\CodeIgniter.php(824): App\Controllers\Personen->editEntry('2')
#3 C:\xampp\htdocs\CodeIgniter\system\CodeIgniter.php(410): CodeIgniter\CodeIgniter->runController(Object(App\Controllers\Personen))
#4 C:\xampp\htdocs\CodeIgniter\system\CodeIgniter.php(318): CodeIgniter\CodeIgniter->handleRequest(NULL, Object(Config\Cache), false)
#5 C:\xampp\htdocs\CodeIgniter\public\index.php(39): CodeIgniter\CodeIgniter->run()
#6 {main}
CRITICAL - 2022-01-07 14:57:30 --> Undefined constant "App\Models\aa"
#0 C:\xampp\htdocs\CodeIgniter\app\Controllers\Personen.php(47): App\Models\PersonenModel->changeEntry(Array)
#1 C:\xampp\htdocs\CodeIgniter\system\CodeIgniter.php(824): App\Controllers\Personen->editEntry('2')
#2 C:\xampp\htdocs\CodeIgniter\system\CodeIgniter.php(410): CodeIgniter\CodeIgniter->runController(Object(App\Controllers\Personen))
#3 C:\xampp\htdocs\CodeIgniter\system\CodeIgniter.php(318): CodeIgniter\CodeIgniter->handleRequest(NULL, Object(Config\Cache), false)
#4 C:\xampp\htdocs\CodeIgniter\public\index.php(39): CodeIgniter\CodeIgniter->run()
#5 {main}
CRITICAL - 2022-01-07 14:58:39 --> Undefined array key "person_username"
#0 C:\xampp\htdocs\CodeIgniter\app\Controllers\Personen.php(44): CodeIgniter\Debug\Exceptions->errorHandler(2, 'Undefined array...', 'C:\\xampp\\htdocs...', 44)
#1 C:\xampp\htdocs\CodeIgniter\system\CodeIgniter.php(824): App\Controllers\Personen->editEntry('1')
#2 C:\xampp\htdocs\CodeIgniter\system\CodeIgniter.php(410): CodeIgniter\CodeIgniter->runController(Object(App\Controllers\Personen))
#3 C:\xampp\htdocs\CodeIgniter\system\CodeIgniter.php(318): CodeIgniter\CodeIgniter->handleRequest(NULL, Object(Config\Cache), false)
#4 C:\xampp\htdocs\CodeIgniter\public\index.php(39): CodeIgniter\CodeIgniter->run()
#5 {main}
CRITICAL - 2022-01-07 14:59:35 --> Undefined variable $NR
#0 C:\xampp\htdocs\CodeIgniter\app\Views\pages\Personen.php(19): CodeIgniter\Debug\Exceptions->errorHandler(2, 'Undefined varia...', 'C:\\xampp\\htdocs...', 19)
#1 C:\xampp\htdocs\CodeIgniter\system\View\View.php(214): include('C:\\xampp\\htdocs...')
#2 C:\xampp\htdocs\CodeIgniter\system\View\View.php(217): CodeIgniter\View\View->CodeIgniter\View\{closure}()
#3 C:\xampp\htdocs\CodeIgniter\system\Common.php(1097): CodeIgniter\View\View->render('pages/Personen', Array, true)
#4 C:\xampp\htdocs\CodeIgniter\app\Controllers\Personen.php(49): view('pages/Personen', Array)
#5 C:\xampp\htdocs\CodeIgniter\system\CodeIgniter.php(824): App\Controllers\Personen->editEntry('1')
#6 C:\xampp\htdocs\CodeIgniter\system\CodeIgniter.php(410): CodeIgniter\CodeIgniter->runController(Object(App\Controllers\Personen))
#7 C:\xampp\htdocs\CodeIgniter\system\CodeIgniter.php(318): CodeIgniter\CodeIgniter->handleRequest(NULL, Object(Config\Cache), false)
#8 C:\xampp\htdocs\CodeIgniter\public\index.php(39): CodeIgniter\CodeIgniter->run()
#9 {main}
CRITICAL - 2022-01-07 15:09:11 --> Undefined variable $entry
#0 C:\xampp\htdocs\CodeIgniter\app\Views\pages\Personen.php(8): CodeIgniter\Debug\Exceptions->errorHandler(2, 'Undefined varia...', 'C:\\xampp\\htdocs...', 8)
#1 C:\xampp\htdocs\CodeIgniter\system\View\View.php(214): include('C:\\xampp\\htdocs...')
#2 C:\xampp\htdocs\CodeIgniter\system\View\View.php(217): CodeIgniter\View\View->CodeIgniter\View\{closure}()
#3 C:\xampp\htdocs\CodeIgniter\system\Common.php(1097): CodeIgniter\View\View->render('pages/Personen', Array, true)
#4 C:\xampp\htdocs\CodeIgniter\app\Controllers\Personen.php(25): view('pages/Personen', Array)
#5 C:\xampp\htdocs\CodeIgniter\system\CodeIgniter.php(824): App\Controllers\Personen->index()
#6 C:\xampp\htdocs\CodeIgniter\system\CodeIgniter.php(410): CodeIgniter\CodeIgniter->runController(Object(App\Controllers\Personen))
#7 C:\xampp\htdocs\CodeIgniter\system\CodeIgniter.php(318): CodeIgniter\CodeIgniter->handleRequest(NULL, Object(Config\Cache), false)
#8 C:\xampp\htdocs\CodeIgniter\public\index.php(39): CodeIgniter\CodeIgniter->run()
#9 {main}
CRITICAL - 2022-01-07 15:09:53 --> Undefined variable $entry
#0 C:\xampp\htdocs\CodeIgniter\app\Views\pages\Personen.php(8): CodeIgniter\Debug\Exceptions->errorHandler(2, 'Undefined varia...', 'C:\\xampp\\htdocs...', 8)
#1 C:\xampp\htdocs\CodeIgniter\system\View\View.php(214): include('C:\\xampp\\htdocs...')
#2 C:\xampp\htdocs\CodeIgniter\system\View\View.php(217): CodeIgniter\View\View->CodeIgniter\View\{closure}()
#3 C:\xampp\htdocs\CodeIgniter\system\Common.php(1097): CodeIgniter\View\View->render('pages/Personen', Array, true)
#4 C:\xampp\htdocs\CodeIgniter\app\Controllers\Personen.php(25): view('pages/Personen', Array)
#5 C:\xampp\htdocs\CodeIgniter\system\CodeIgniter.php(824): App\Controllers\Personen->index()
#6 C:\xampp\htdocs\CodeIgniter\system\CodeIgniter.php(410): CodeIgniter\CodeIgniter->runController(Object(App\Controllers\Personen))
#7 C:\xampp\htdocs\CodeIgniter\system\CodeIgniter.php(318): CodeIgniter\CodeIgniter->handleRequest(NULL, Object(Config\Cache), false)
#8 C:\xampp\htdocs\CodeIgniter\public\index.php(39): CodeIgniter\CodeIgniter->run()
#9 {main}
CRITICAL - 2022-01-07 15:09:56 --> Undefined variable $entry
#0 C:\xampp\htdocs\CodeIgniter\app\Views\pages\Personen.php(8): CodeIgniter\Debug\Exceptions->errorHandler(2, 'Undefined varia...', 'C:\\xampp\\htdocs...', 8)
#1 C:\xampp\htdocs\CodeIgniter\system\View\View.php(214): include('C:\\xampp\\htdocs...')
#2 C:\xampp\htdocs\CodeIgniter\system\View\View.php(217): CodeIgniter\View\View->CodeIgniter\View\{closure}()
#3 C:\xampp\htdocs\CodeIgniter\system\Common.php(1097): CodeIgniter\View\View->render('pages/Personen', Array, true)
#4 C:\xampp\htdocs\CodeIgniter\app\Controllers\Personen.php(25): view('pages/Personen', Array)
#5 C:\xampp\htdocs\CodeIgniter\system\CodeIgniter.php(824): App\Controllers\Personen->index()
#6 C:\xampp\htdocs\CodeIgniter\system\CodeIgniter.php(410): CodeIgniter\CodeIgniter->runController(Object(App\Controllers\Personen))
#7 C:\xampp\htdocs\CodeIgniter\system\CodeIgniter.php(318): CodeIgniter\CodeIgniter->handleRequest(NULL, Object(Config\Cache), false)
#8 C:\xampp\htdocs\CodeIgniter\public\index.php(39): CodeIgniter\CodeIgniter->run()
#9 {main}
CRITICAL - 2022-01-07 15:10:21 --> Undefined variable $NR
#0 C:\xampp\htdocs\CodeIgniter\app\Views\pages\Personen.php(23): CodeIgniter\Debug\Exceptions->errorHandler(2, 'Undefined varia...', 'C:\\xampp\\htdocs...', 23)
#1 C:\xampp\htdocs\CodeIgniter\system\View\View.php(214): include('C:\\xampp\\htdocs...')
#2 C:\xampp\htdocs\CodeIgniter\system\View\View.php(217): CodeIgniter\View\View->CodeIgniter\View\{closure}()
#3 C:\xampp\htdocs\CodeIgniter\system\Common.php(1097): CodeIgniter\View\View->render('pages/Personen', Array, true)
#4 C:\xampp\htdocs\CodeIgniter\app\Controllers\Personen.php(25): view('pages/Personen', Array)
#5 C:\xampp\htdocs\CodeIgniter\system\CodeIgniter.php(824): App\Controllers\Personen->index()
#6 C:\xampp\htdocs\CodeIgniter\system\CodeIgniter.php(410): CodeIgniter\CodeIgniter->runController(Object(App\Controllers\Personen))
#7 C:\xampp\htdocs\CodeIgniter\system\CodeIgniter.php(318): CodeIgniter\CodeIgniter->handleRequest(NULL, Object(Config\Cache), false)
#8 C:\xampp\htdocs\CodeIgniter\public\index.php(39): CodeIgniter\CodeIgniter->run()
#9 {main}
CRITICAL - 2022-01-07 15:10:52 --> Undefined variable $entry
#0 C:\xampp\htdocs\CodeIgniter\app\Views\pages\Personen.php(31): CodeIgniter\Debug\Exceptions->errorHandler(2, 'Undefined varia...', 'C:\\xampp\\htdocs...', 31)
#1 C:\xampp\htdocs\CodeIgniter\system\View\View.php(214): include('C:\\xampp\\htdocs...')
#2 C:\xampp\htdocs\CodeIgniter\system\View\View.php(217): CodeIgniter\View\View->CodeIgniter\View\{closure}()
#3 C:\xampp\htdocs\CodeIgniter\system\Common.php(1097): CodeIgniter\View\View->render('pages/Personen', Array, true)
#4 C:\xampp\htdocs\CodeIgniter\app\Controllers\Personen.php(25): view('pages/Personen', Array)
#5 C:\xampp\htdocs\CodeIgniter\system\CodeIgniter.php(824): App\Controllers\Personen->index()
#6 C:\xampp\htdocs\CodeIgniter\system\CodeIgniter.php(410): CodeIgniter\CodeIgniter->runController(Object(App\Controllers\Personen))
#7 C:\xampp\htdocs\CodeIgniter\system\CodeIgniter.php(318): CodeIgniter\CodeIgniter->handleRequest(NULL, Object(Config\Cache), false)
#8 C:\xampp\htdocs\CodeIgniter\public\index.php(39): CodeIgniter\CodeIgniter->run()
#9 {main}
CRITICAL - 2022-01-07 15:11:16 --> Undefined variable $entry
#0 C:\xampp\htdocs\CodeIgniter\app\Views\pages\Personen.php(38): CodeIgniter\Debug\Exceptions->errorHandler(2, 'Undefined varia...', 'C:\\xampp\\htdocs...', 38)
#1 C:\xampp\htdocs\CodeIgniter\system\View\View.php(214): include('C:\\xampp\\htdocs...')
#2 C:\xampp\htdocs\CodeIgniter\system\View\View.php(217): CodeIgniter\View\View->CodeIgniter\View\{closure}()
#3 C:\xampp\htdocs\CodeIgniter\system\Common.php(1097): CodeIgniter\View\View->render('pages/Personen', Array, true)
#4 C:\xampp\htdocs\CodeIgniter\app\Controllers\Personen.php(25): view('pages/Personen', Array)
#5 C:\xampp\htdocs\CodeIgniter\system\CodeIgniter.php(824): App\Controllers\Personen->index()
#6 C:\xampp\htdocs\CodeIgniter\system\CodeIgniter.php(410): CodeIgniter\CodeIgniter->runController(Object(App\Controllers\Personen))
#7 C:\xampp\htdocs\CodeIgniter\system\CodeIgniter.php(318): CodeIgniter\CodeIgniter->handleRequest(NULL, Object(Config\Cache), false)
#8 C:\xampp\htdocs\CodeIgniter\public\index.php(39): CodeIgniter\CodeIgniter->run()
#9 {main}
CRITICAL - 2022-01-07 15:11:33 --> Undefined variable $entry
#0 C:\xampp\htdocs\CodeIgniter\app\Views\pages\Personen.php(54): CodeIgniter\Debug\Exceptions->errorHandler(2, 'Undefined varia...', 'C:\\xampp\\htdocs...', 54)
#1 C:\xampp\htdocs\CodeIgniter\system\View\View.php(214): include('C:\\xampp\\htdocs...')
#2 C:\xampp\htdocs\CodeIgniter\system\View\View.php(217): CodeIgniter\View\View->CodeIgniter\View\{closure}()
#3 C:\xampp\htdocs\CodeIgniter\system\Common.php(1097): CodeIgniter\View\View->render('pages/Personen', Array, true)
#4 C:\xampp\htdocs\CodeIgniter\app\Controllers\Personen.php(25): view('pages/Personen', Array)
#5 C:\xampp\htdocs\CodeIgniter\system\CodeIgniter.php(824): App\Controllers\Personen->index()
#6 C:\xampp\htdocs\CodeIgniter\system\CodeIgniter.php(410): CodeIgniter\CodeIgniter->runController(Object(App\Controllers\Personen))
#7 C:\xampp\htdocs\CodeIgniter\system\CodeIgniter.php(318): CodeIgniter\CodeIgniter->handleRequest(NULL, Object(Config\Cache), false)
#8 C:\xampp\htdocs\CodeIgniter\public\index.php(39): CodeIgniter\CodeIgniter->run()
#9 {main}
CRITICAL - 2022-01-07 15:21:49 --> Undefined variable $NR
#0 C:\xampp\htdocs\CodeIgniter\app\Views\pages\Personen.php(20): CodeIgniter\Debug\Exceptions->errorHandler(2, 'Undefined varia...', 'C:\\xampp\\htdocs...', 20)
#1 C:\xampp\htdocs\CodeIgniter\system\View\View.php(214): include('C:\\xampp\\htdocs...')
#2 C:\xampp\htdocs\CodeIgniter\system\View\View.php(217): CodeIgniter\View\View->CodeIgniter\View\{closure}()
#3 C:\xampp\htdocs\CodeIgniter\system\Common.php(1097): CodeIgniter\View\View->render('pages/Personen', Array, true)
#4 C:\xampp\htdocs\CodeIgniter\app\Controllers\Personen.php(24): view('pages/Personen', Array)
#5 C:\xampp\htdocs\CodeIgniter\system\CodeIgniter.php(824): App\Controllers\Personen->index()
#6 C:\xampp\htdocs\CodeIgniter\system\CodeIgniter.php(410): CodeIgniter\CodeIgniter->runController(Object(App\Controllers\Personen))
#7 C:\xampp\htdocs\CodeIgniter\system\CodeIgniter.php(318): CodeIgniter\CodeIgniter->handleRequest(NULL, Object(Config\Cache), false)
#8 C:\xampp\htdocs\CodeIgniter\public\index.php(39): CodeIgniter\CodeIgniter->run()
#9 {main}
CRITICAL - 2022-01-07 15:22:12 --> Undefined variable $NR
#0 C:\xampp\htdocs\CodeIgniter\app\Views\pages\Personen.php(20): CodeIgniter\Debug\Exceptions->errorHandler(2, 'Undefined varia...', 'C:\\xampp\\htdocs...', 20)
#1 C:\xampp\htdocs\CodeIgniter\system\View\View.php(214): include('C:\\xampp\\htdocs...')
#2 C:\xampp\htdocs\CodeIgniter\system\View\View.php(217): CodeIgniter\View\View->CodeIgniter\View\{closure}()
#3 C:\xampp\htdocs\CodeIgniter\system\Common.php(1097): CodeIgniter\View\View->render('pages/Personen', Array, true)
#4 C:\xampp\htdocs\CodeIgniter\app\Controllers\Personen.php(24): view('pages/Personen', Array)
#5 C:\xampp\htdocs\CodeIgniter\system\CodeIgniter.php(824): App\Controllers\Personen->index()
#6 C:\xampp\htdocs\CodeIgniter\system\CodeIgniter.php(410): CodeIgniter\CodeIgniter->runController(Object(App\Controllers\Personen))
#7 C:\xampp\htdocs\CodeIgniter\system\CodeIgniter.php(318): CodeIgniter\CodeIgniter->handleRequest(NULL, Object(Config\Cache), false)
#8 C:\xampp\htdocs\CodeIgniter\public\index.php(39): CodeIgniter\CodeIgniter->run()
#9 {main}
CRITICAL - 2022-01-07 15:34:48 --> syntax error, unexpected token "<"
#0 C:\xampp\htdocs\CodeIgniter\system\View\View.php(217): CodeIgniter\View\View->CodeIgniter\View\{closure}()
#1 C:\xampp\htdocs\CodeIgniter\system\Common.php(1097): CodeIgniter\View\View->render('pages/Personen', Array, true)
#2 C:\xampp\htdocs\CodeIgniter\app\Controllers\Personen.php(49): view('pages/Personen', Array)
#3 C:\xampp\htdocs\CodeIgniter\system\CodeIgniter.php(824): App\Controllers\Personen->editEntry('16')
#4 C:\xampp\htdocs\CodeIgniter\system\CodeIgniter.php(410): CodeIgniter\CodeIgniter->runController(Object(App\Controllers\Personen))
#5 C:\xampp\htdocs\CodeIgniter\system\CodeIgniter.php(318): CodeIgniter\CodeIgniter->handleRequest(NULL, Object(Config\Cache), false)
#6 C:\xampp\htdocs\CodeIgniter\public\index.php(39): CodeIgniter\CodeIgniter->run()
#7 {main}
