CRITICAL - 2022-01-20 04:24:08 --> Undefined array key "MitgliedID"
#0 C:\xampp\htdocs\CodeIgniter\app\Views\pages\Aufgaben.php(38): CodeIgniter\Debug\Exceptions->errorHandler(2, 'Undefined array...', 'C:\\xampp\\htdocs...', 38)
#1 C:\xampp\htdocs\CodeIgniter\system\View\View.php(214): include('C:\\xampp\\htdocs...')
#2 C:\xampp\htdocs\CodeIgniter\system\View\View.php(217): CodeIgniter\View\View->CodeIgniter\View\{closure}()
#3 C:\xampp\htdocs\CodeIgniter\system\Common.php(1097): CodeIgniter\View\View->render('pages/Aufgaben', Array, true)
#4 C:\xampp\htdocs\CodeIgniter\app\Controllers\Aufgaben.php(37): view('pages/Aufgaben', Array)
#5 C:\xampp\htdocs\CodeIgniter\system\CodeIgniter.php(824): App\Controllers\Aufgaben->index()
#6 C:\xampp\htdocs\CodeIgniter\system\CodeIgniter.php(410): CodeIgniter\CodeIgniter->runController(Object(App\Controllers\Aufgaben))
#7 C:\xampp\htdocs\CodeIgniter\system\CodeIgniter.php(318): CodeIgniter\CodeIgniter->handleRequest(NULL, Object(Config\Cache), false)
#8 C:\xampp\htdocs\CodeIgniter\public\index.php(39): CodeIgniter\CodeIgniter->run()
#9 {main}
CRITICAL - 2022-01-20 05:14:01 --> Undefined variable $a
#0 C:\xampp\htdocs\CodeIgniter\app\Views\pages\Personen.php(32): CodeIgniter\Debug\Exceptions->errorHandler(2, 'Undefined varia...', 'C:\\xampp\\htdocs...', 32)
#1 C:\xampp\htdocs\CodeIgniter\system\View\View.php(214): include('C:\\xampp\\htdocs...')
#2 C:\xampp\htdocs\CodeIgniter\system\View\View.php(217): CodeIgniter\View\View->CodeIgniter\View\{closure}()
#3 C:\xampp\htdocs\CodeIgniter\system\Common.php(1097): CodeIgniter\View\View->render('pages/Personen', Array, true)
#4 C:\xampp\htdocs\CodeIgniter\app\Controllers\Personen.php(42): view('pages/Personen', Array)
#5 C:\xampp\htdocs\CodeIgniter\system\CodeIgniter.php(824): App\Controllers\Personen->index()
#6 C:\xampp\htdocs\CodeIgniter\system\CodeIgniter.php(410): CodeIgniter\CodeIgniter->runController(Object(App\Controllers\Personen))
#7 C:\xampp\htdocs\CodeIgniter\system\CodeIgniter.php(318): CodeIgniter\CodeIgniter->handleRequest(NULL, Object(Config\Cache), false)
#8 C:\xampp\htdocs\CodeIgniter\public\index.php(39): CodeIgniter\CodeIgniter->run()
#9 {main}
CRITICAL - 2022-01-20 05:26:15 --> Undefined variable $aufruf
#0 C:\xampp\htdocs\CodeIgniter\app\Views\pages\Personen.php(5): CodeIgniter\Debug\Exceptions->errorHandler(2, 'Undefined varia...', 'C:\\xampp\\htdocs...', 5)
#1 C:\xampp\htdocs\CodeIgniter\system\View\View.php(214): include('C:\\xampp\\htdocs...')
#2 C:\xampp\htdocs\CodeIgniter\system\View\View.php(217): CodeIgniter\View\View->CodeIgniter\View\{closure}()
#3 C:\xampp\htdocs\CodeIgniter\system\Common.php(1097): CodeIgniter\View\View->render('pages/Personen', Array, true)
#4 C:\xampp\htdocs\CodeIgniter\app\Controllers\Personen.php(123): view('pages/Personen', Array)
#5 C:\xampp\htdocs\CodeIgniter\system\CodeIgniter.php(824): App\Controllers\Personen->index()
#6 C:\xampp\htdocs\CodeIgniter\system\CodeIgniter.php(410): CodeIgniter\CodeIgniter->runController(Object(App\Controllers\Personen))
#7 C:\xampp\htdocs\CodeIgniter\system\CodeIgniter.php(318): CodeIgniter\CodeIgniter->handleRequest(NULL, Object(Config\Cache), false)
#8 C:\xampp\htdocs\CodeIgniter\public\index.php(39): CodeIgniter\CodeIgniter->run()
#9 {main}
CRITICAL - 2022-01-20 05:27:09 --> Undefined variable $sameUser
#0 C:\xampp\htdocs\CodeIgniter\app\Views\pages\Personen.php(21): CodeIgniter\Debug\Exceptions->errorHandler(2, 'Undefined varia...', 'C:\\xampp\\htdocs...', 21)
#1 C:\xampp\htdocs\CodeIgniter\system\View\View.php(214): include('C:\\xampp\\htdocs...')
#2 C:\xampp\htdocs\CodeIgniter\system\View\View.php(217): CodeIgniter\View\View->CodeIgniter\View\{closure}()
#3 C:\xampp\htdocs\CodeIgniter\system\Common.php(1097): CodeIgniter\View\View->render('pages/Personen', Array, true)
#4 C:\xampp\htdocs\CodeIgniter\app\Controllers\Personen.php(123): view('pages/Personen', Array)
#5 C:\xampp\htdocs\CodeIgniter\system\CodeIgniter.php(824): App\Controllers\Personen->index()
#6 C:\xampp\htdocs\CodeIgniter\system\CodeIgniter.php(410): CodeIgniter\CodeIgniter->runController(Object(App\Controllers\Personen))
#7 C:\xampp\htdocs\CodeIgniter\system\CodeIgniter.php(318): CodeIgniter\CodeIgniter->handleRequest(NULL, Object(Config\Cache), false)
#8 C:\xampp\htdocs\CodeIgniter\public\index.php(39): CodeIgniter\CodeIgniter->run()
#9 {main}
CRITICAL - 2022-01-20 05:28:23 --> Undefined array key "mitgliedID"
#0 C:\xampp\htdocs\CodeIgniter\app\Models\PersonenModel.php(99): CodeIgniter\Debug\Exceptions->errorHandler(2, 'Undefined array...', 'C:\\xampp\\htdocs...', 99)
#1 C:\xampp\htdocs\CodeIgniter\app\Controllers\Personen.php(110): App\Models\PersonenModel->changeEntry()
#2 C:\xampp\htdocs\CodeIgniter\system\CodeIgniter.php(824): App\Controllers\Personen->index()
#3 C:\xampp\htdocs\CodeIgniter\system\CodeIgniter.php(410): CodeIgniter\CodeIgniter->runController(Object(App\Controllers\Personen))
#4 C:\xampp\htdocs\CodeIgniter\system\CodeIgniter.php(318): CodeIgniter\CodeIgniter->handleRequest(NULL, Object(Config\Cache), false)
#5 C:\xampp\htdocs\CodeIgniter\public\index.php(39): CodeIgniter\CodeIgniter->run()
#6 {main}
CRITICAL - 2022-01-20 05:29:20 --> Undefined array key "mitgliedID"
#0 C:\xampp\htdocs\CodeIgniter\app\Models\PersonenModel.php(99): CodeIgniter\Debug\Exceptions->errorHandler(2, 'Undefined array...', 'C:\\xampp\\htdocs...', 99)
#1 C:\xampp\htdocs\CodeIgniter\app\Controllers\Personen.php(110): App\Models\PersonenModel->changeEntry()
#2 C:\xampp\htdocs\CodeIgniter\system\CodeIgniter.php(824): App\Controllers\Personen->index()
#3 C:\xampp\htdocs\CodeIgniter\system\CodeIgniter.php(410): CodeIgniter\CodeIgniter->runController(Object(App\Controllers\Personen))
#4 C:\xampp\htdocs\CodeIgniter\system\CodeIgniter.php(318): CodeIgniter\CodeIgniter->handleRequest(NULL, Object(Config\Cache), false)
#5 C:\xampp\htdocs\CodeIgniter\public\index.php(39): CodeIgniter\CodeIgniter->run()
#6 {main}
CRITICAL - 2022-01-20 05:29:38 --> Undefined array key "mitgliedID"
#0 C:\xampp\htdocs\CodeIgniter\app\Models\PersonenModel.php(99): CodeIgniter\Debug\Exceptions->errorHandler(2, 'Undefined array...', 'C:\\xampp\\htdocs...', 99)
#1 C:\xampp\htdocs\CodeIgniter\app\Controllers\Personen.php(110): App\Models\PersonenModel->changeEntry()
#2 C:\xampp\htdocs\CodeIgniter\system\CodeIgniter.php(824): App\Controllers\Personen->index()
#3 C:\xampp\htdocs\CodeIgniter\system\CodeIgniter.php(410): CodeIgniter\CodeIgniter->runController(Object(App\Controllers\Personen))
#4 C:\xampp\htdocs\CodeIgniter\system\CodeIgniter.php(318): CodeIgniter\CodeIgniter->handleRequest(NULL, Object(Config\Cache), false)
#5 C:\xampp\htdocs\CodeIgniter\public\index.php(39): CodeIgniter\CodeIgniter->run()
#6 {main}
CRITICAL - 2022-01-20 05:30:12 --> Undefined array key "mitgliedID"
#0 C:\xampp\htdocs\CodeIgniter\app\Models\PersonenModel.php(99): CodeIgniter\Debug\Exceptions->errorHandler(2, 'Undefined array...', 'C:\\xampp\\htdocs...', 99)
#1 C:\xampp\htdocs\CodeIgniter\app\Controllers\Personen.php(110): App\Models\PersonenModel->changeEntry()
#2 C:\xampp\htdocs\CodeIgniter\system\CodeIgniter.php(824): App\Controllers\Personen->index()
#3 C:\xampp\htdocs\CodeIgniter\system\CodeIgniter.php(410): CodeIgniter\CodeIgniter->runController(Object(App\Controllers\Personen))
#4 C:\xampp\htdocs\CodeIgniter\system\CodeIgniter.php(318): CodeIgniter\CodeIgniter->handleRequest(NULL, Object(Config\Cache), false)
#5 C:\xampp\htdocs\CodeIgniter\public\index.php(39): CodeIgniter\CodeIgniter->run()
#6 {main}
CRITICAL - 2022-01-20 05:31:06 --> Undefined array key "mitgliedID"
#0 C:\xampp\htdocs\CodeIgniter\app\Models\PersonenModel.php(99): CodeIgniter\Debug\Exceptions->errorHandler(2, 'Undefined array...', 'C:\\xampp\\htdocs...', 99)
#1 C:\xampp\htdocs\CodeIgniter\app\Controllers\Personen.php(110): App\Models\PersonenModel->changeEntry()
#2 C:\xampp\htdocs\CodeIgniter\system\CodeIgniter.php(824): App\Controllers\Personen->index()
#3 C:\xampp\htdocs\CodeIgniter\system\CodeIgniter.php(410): CodeIgniter\CodeIgniter->runController(Object(App\Controllers\Personen))
#4 C:\xampp\htdocs\CodeIgniter\system\CodeIgniter.php(318): CodeIgniter\CodeIgniter->handleRequest(NULL, Object(Config\Cache), false)
#5 C:\xampp\htdocs\CodeIgniter\public\index.php(39): CodeIgniter\CodeIgniter->run()
#6 {main}
ERROR - 2022-01-20 05:42:58 --> Unknown column 'Username' in 'where clause'
CRITICAL - 2022-01-20 05:42:58 --> Unknown column 'Username' in 'where clause'
#0 C:\xampp\htdocs\CodeIgniter\system\Database\MySQLi\Connection.php(292): mysqli->query('SELECT *\nFROM `...', 0)
#1 C:\xampp\htdocs\CodeIgniter\system\Database\BaseConnection.php(670): CodeIgniter\Database\MySQLi\Connection->execute('SELECT *\nFROM `...')
#2 C:\xampp\htdocs\CodeIgniter\system\Database\BaseConnection.php(598): CodeIgniter\Database\BaseConnection->simpleQuery('SELECT *\nFROM `...')
#3 C:\xampp\htdocs\CodeIgniter\system\Database\BaseBuilder.php(1443): CodeIgniter\Database\BaseConnection->query('SELECT *\nFROM `...', Array, false)
#4 C:\xampp\htdocs\CodeIgniter\app\Models\PersonenModel.php(16): CodeIgniter\Database\BaseBuilder->get()
#5 C:\xampp\htdocs\CodeIgniter\app\Controllers\Login.php(25): App\Models\PersonenModel->getUser()
#6 C:\xampp\htdocs\CodeIgniter\system\CodeIgniter.php(824): App\Controllers\Login->index()
#7 C:\xampp\htdocs\CodeIgniter\system\CodeIgniter.php(410): CodeIgniter\CodeIgniter->runController(Object(App\Controllers\Login))
#8 C:\xampp\htdocs\CodeIgniter\system\CodeIgniter.php(318): CodeIgniter\CodeIgniter->handleRequest(NULL, Object(Config\Cache), false)
#9 C:\xampp\htdocs\CodeIgniter\public\index.php(39): CodeIgniter\CodeIgniter->run()
#10 {main}
CRITICAL - 2022-01-20 05:49:46 --> Cannot redeclare App\Controllers\Reiter::index()
#0 [internal function]: CodeIgniter\Debug\Exceptions->shutdownHandler()
#1 {main}
CRITICAL - 2022-01-20 05:57:16 --> Undefined variable $aufruf
#0 C:\xampp\htdocs\CodeIgniter\app\Views\pages\Reiter.php(7): CodeIgniter\Debug\Exceptions->errorHandler(2, 'Undefined varia...', 'C:\\xampp\\htdocs...', 7)
#1 C:\xampp\htdocs\CodeIgniter\system\View\View.php(214): include('C:\\xampp\\htdocs...')
#2 C:\xampp\htdocs\CodeIgniter\system\View\View.php(217): CodeIgniter\View\View->CodeIgniter\View\{closure}()
#3 C:\xampp\htdocs\CodeIgniter\system\Common.php(1097): CodeIgniter\View\View->render('pages/Reiter', Array, true)
#4 C:\xampp\htdocs\CodeIgniter\app\Controllers\Reiter.php(115): view('pages/Reiter', Array)
#5 C:\xampp\htdocs\CodeIgniter\system\CodeIgniter.php(824): App\Controllers\Reiter->index()
#6 C:\xampp\htdocs\CodeIgniter\system\CodeIgniter.php(410): CodeIgniter\CodeIgniter->runController(Object(App\Controllers\Reiter))
#7 C:\xampp\htdocs\CodeIgniter\system\CodeIgniter.php(318): CodeIgniter\CodeIgniter->handleRequest(NULL, Object(Config\Cache), false)
#8 C:\xampp\htdocs\CodeIgniter\public\index.php(39): CodeIgniter\CodeIgniter->run()
#9 {main}
CRITICAL - 2022-01-20 05:57:43 --> Undefined variable $aufruf
#0 C:\xampp\htdocs\CodeIgniter\app\Views\pages\Reiter.php(15): CodeIgniter\Debug\Exceptions->errorHandler(2, 'Undefined varia...', 'C:\\xampp\\htdocs...', 15)
#1 C:\xampp\htdocs\CodeIgniter\system\View\View.php(214): include('C:\\xampp\\htdocs...')
#2 C:\xampp\htdocs\CodeIgniter\system\View\View.php(217): CodeIgniter\View\View->CodeIgniter\View\{closure}()
#3 C:\xampp\htdocs\CodeIgniter\system\Common.php(1097): CodeIgniter\View\View->render('pages/Reiter', Array, true)
#4 C:\xampp\htdocs\CodeIgniter\app\Controllers\Reiter.php(115): view('pages/Reiter', Array)
#5 C:\xampp\htdocs\CodeIgniter\system\CodeIgniter.php(824): App\Controllers\Reiter->index()
#6 C:\xampp\htdocs\CodeIgniter\system\CodeIgniter.php(410): CodeIgniter\CodeIgniter->runController(Object(App\Controllers\Reiter))
#7 C:\xampp\htdocs\CodeIgniter\system\CodeIgniter.php(318): CodeIgniter\CodeIgniter->handleRequest(NULL, Object(Config\Cache), false)
#8 C:\xampp\htdocs\CodeIgniter\public\index.php(39): CodeIgniter\CodeIgniter->run()
#9 {main}
CRITICAL - 2022-01-20 05:58:12 --> Undefined array key "reiterID"
#0 C:\xampp\htdocs\CodeIgniter\app\Models\ReiterModel.php(60): CodeIgniter\Debug\Exceptions->errorHandler(2, 'Undefined array...', 'C:\\xampp\\htdocs...', 60)
#1 C:\xampp\htdocs\CodeIgniter\app\Controllers\Reiter.php(108): App\Models\ReiterModel->getEntry()
#2 C:\xampp\htdocs\CodeIgniter\system\CodeIgniter.php(824): App\Controllers\Reiter->index()
#3 C:\xampp\htdocs\CodeIgniter\system\CodeIgniter.php(410): CodeIgniter\CodeIgniter->runController(Object(App\Controllers\Reiter))
#4 C:\xampp\htdocs\CodeIgniter\system\CodeIgniter.php(318): CodeIgniter\CodeIgniter->handleRequest(NULL, Object(Config\Cache), false)
#5 C:\xampp\htdocs\CodeIgniter\public\index.php(39): CodeIgniter\CodeIgniter->run()
#6 {main}
CRITICAL - 2022-01-20 05:59:28 --> Undefined array key "reiterID"
#0 C:\xampp\htdocs\CodeIgniter\app\Models\ReiterModel.php(60): CodeIgniter\Debug\Exceptions->errorHandler(2, 'Undefined array...', 'C:\\xampp\\htdocs...', 60)
#1 C:\xampp\htdocs\CodeIgniter\app\Controllers\Reiter.php(108): App\Models\ReiterModel->getEntry()
#2 C:\xampp\htdocs\CodeIgniter\system\CodeIgniter.php(824): App\Controllers\Reiter->index()
#3 C:\xampp\htdocs\CodeIgniter\system\CodeIgniter.php(410): CodeIgniter\CodeIgniter->runController(Object(App\Controllers\Reiter))
#4 C:\xampp\htdocs\CodeIgniter\system\CodeIgniter.php(318): CodeIgniter\CodeIgniter->handleRequest(NULL, Object(Config\Cache), false)
#5 C:\xampp\htdocs\CodeIgniter\public\index.php(39): CodeIgniter\CodeIgniter->run()
#6 {main}
CRITICAL - 2022-01-20 05:59:46 --> Undefined array key "reiterID"
#0 C:\xampp\htdocs\CodeIgniter\app\Models\ReiterModel.php(60): CodeIgniter\Debug\Exceptions->errorHandler(2, 'Undefined array...', 'C:\\xampp\\htdocs...', 60)
#1 C:\xampp\htdocs\CodeIgniter\app\Controllers\Reiter.php(108): App\Models\ReiterModel->getEntry()
#2 C:\xampp\htdocs\CodeIgniter\system\CodeIgniter.php(824): App\Controllers\Reiter->index()
#3 C:\xampp\htdocs\CodeIgniter\system\CodeIgniter.php(410): CodeIgniter\CodeIgniter->runController(Object(App\Controllers\Reiter))
#4 C:\xampp\htdocs\CodeIgniter\system\CodeIgniter.php(318): CodeIgniter\CodeIgniter->handleRequest(NULL, Object(Config\Cache), false)
#5 C:\xampp\htdocs\CodeIgniter\public\index.php(39): CodeIgniter\CodeIgniter->run()
#6 {main}
ERROR - 2022-01-20 06:00:31 --> Unknown column 'MitgliedID' in 'where clause'
CRITICAL - 2022-01-20 06:00:31 --> Unknown column 'MitgliedID' in 'where clause'
#0 C:\xampp\htdocs\CodeIgniter\system\Database\MySQLi\Connection.php(292): mysqli->query('SELECT *\nFROM `...', 0)
#1 C:\xampp\htdocs\CodeIgniter\system\Database\BaseConnection.php(670): CodeIgniter\Database\MySQLi\Connection->execute('SELECT *\nFROM `...')
#2 C:\xampp\htdocs\CodeIgniter\system\Database\BaseConnection.php(598): CodeIgniter\Database\BaseConnection->simpleQuery('SELECT *\nFROM `...')
#3 C:\xampp\htdocs\CodeIgniter\system\Database\BaseBuilder.php(1443): CodeIgniter\Database\BaseConnection->query('SELECT *\nFROM `...', Array, false)
#4 C:\xampp\htdocs\CodeIgniter\app\Models\ReiterModel.php(61): CodeIgniter\Database\BaseBuilder->get()
#5 C:\xampp\htdocs\CodeIgniter\app\Controllers\Reiter.php(108): App\Models\ReiterModel->getEntry()
#6 C:\xampp\htdocs\CodeIgniter\system\CodeIgniter.php(824): App\Controllers\Reiter->index()
#7 C:\xampp\htdocs\CodeIgniter\system\CodeIgniter.php(410): CodeIgniter\CodeIgniter->runController(Object(App\Controllers\Reiter))
#8 C:\xampp\htdocs\CodeIgniter\system\CodeIgniter.php(318): CodeIgniter\CodeIgniter->handleRequest(NULL, Object(Config\Cache), false)
#9 C:\xampp\htdocs\CodeIgniter\public\index.php(39): CodeIgniter\CodeIgniter->run()
#10 {main}
CRITICAL - 2022-01-20 06:11:33 --> Undefined array key "MitgliedID"
#0 C:\xampp\htdocs\CodeIgniter\app\Controllers\Personen.php(108): CodeIgniter\Debug\Exceptions->errorHandler(2, 'Undefined array...', 'C:\\xampp\\htdocs...', 108)
#1 C:\xampp\htdocs\CodeIgniter\system\CodeIgniter.php(824): App\Controllers\Personen->index()
#2 C:\xampp\htdocs\CodeIgniter\system\CodeIgniter.php(410): CodeIgniter\CodeIgniter->runController(Object(App\Controllers\Personen))
#3 C:\xampp\htdocs\CodeIgniter\system\CodeIgniter.php(318): CodeIgniter\CodeIgniter->handleRequest(NULL, Object(Config\Cache), false)
#4 C:\xampp\htdocs\CodeIgniter\public\index.php(39): CodeIgniter\CodeIgniter->run()
#5 {main}
CRITICAL - 2022-01-20 06:13:43 --> Undefined variable $sameUser
#0 C:\xampp\htdocs\CodeIgniter\app\Views\pages\Personen.php(23): CodeIgniter\Debug\Exceptions->errorHandler(2, 'Undefined varia...', 'C:\\xampp\\htdocs...', 23)
#1 C:\xampp\htdocs\CodeIgniter\system\View\View.php(214): include('C:\\xampp\\htdocs...')
#2 C:\xampp\htdocs\CodeIgniter\system\View\View.php(217): CodeIgniter\View\View->CodeIgniter\View\{closure}()
#3 C:\xampp\htdocs\CodeIgniter\system\Common.php(1097): CodeIgniter\View\View->render('pages/Personen', Array, true)
#4 C:\xampp\htdocs\CodeIgniter\app\Controllers\Personen.php(117): view('pages/Personen', Array)
#5 C:\xampp\htdocs\CodeIgniter\system\CodeIgniter.php(824): App\Controllers\Personen->index()
#6 C:\xampp\htdocs\CodeIgniter\system\CodeIgniter.php(410): CodeIgniter\CodeIgniter->runController(Object(App\Controllers\Personen))
#7 C:\xampp\htdocs\CodeIgniter\system\CodeIgniter.php(318): CodeIgniter\CodeIgniter->handleRequest(NULL, Object(Config\Cache), false)
#8 C:\xampp\htdocs\CodeIgniter\public\index.php(39): CodeIgniter\CodeIgniter->run()
#9 {main}
CRITICAL - 2022-01-20 06:14:18 --> Undefined array key "entry"
#0 C:\xampp\htdocs\CodeIgniter\app\Controllers\Personen.php(109): CodeIgniter\Debug\Exceptions->errorHandler(2, 'Undefined array...', 'C:\\xampp\\htdocs...', 109)
#1 C:\xampp\htdocs\CodeIgniter\system\CodeIgniter.php(824): App\Controllers\Personen->index()
#2 C:\xampp\htdocs\CodeIgniter\system\CodeIgniter.php(410): CodeIgniter\CodeIgniter->runController(Object(App\Controllers\Personen))
#3 C:\xampp\htdocs\CodeIgniter\system\CodeIgniter.php(318): CodeIgniter\CodeIgniter->handleRequest(NULL, Object(Config\Cache), false)
#4 C:\xampp\htdocs\CodeIgniter\public\index.php(39): CodeIgniter\CodeIgniter->run()
#5 {main}
CRITICAL - 2022-01-20 06:14:46 --> Undefined array key "ReiterID"
#0 C:\xampp\htdocs\CodeIgniter\app\Controllers\Personen.php(109): CodeIgniter\Debug\Exceptions->errorHandler(2, 'Undefined array...', 'C:\\xampp\\htdocs...', 109)
#1 C:\xampp\htdocs\CodeIgniter\system\CodeIgniter.php(824): App\Controllers\Personen->index()
#2 C:\xampp\htdocs\CodeIgniter\system\CodeIgniter.php(410): CodeIgniter\CodeIgniter->runController(Object(App\Controllers\Personen))
#3 C:\xampp\htdocs\CodeIgniter\system\CodeIgniter.php(318): CodeIgniter\CodeIgniter->handleRequest(NULL, Object(Config\Cache), false)
#4 C:\xampp\htdocs\CodeIgniter\public\index.php(39): CodeIgniter\CodeIgniter->run()
#5 {main}
CRITICAL - 2022-01-20 06:15:16 --> Undefined array key "MitgliedID"
#0 C:\xampp\htdocs\CodeIgniter\app\Controllers\Personen.php(109): CodeIgniter\Debug\Exceptions->errorHandler(2, 'Undefined array...', 'C:\\xampp\\htdocs...', 109)
#1 C:\xampp\htdocs\CodeIgniter\system\CodeIgniter.php(824): App\Controllers\Personen->index()
#2 C:\xampp\htdocs\CodeIgniter\system\CodeIgniter.php(410): CodeIgniter\CodeIgniter->runController(Object(App\Controllers\Personen))
#3 C:\xampp\htdocs\CodeIgniter\system\CodeIgniter.php(318): CodeIgniter\CodeIgniter->handleRequest(NULL, Object(Config\Cache), false)
#4 C:\xampp\htdocs\CodeIgniter\public\index.php(39): CodeIgniter\CodeIgniter->run()
#5 {main}
CRITICAL - 2022-01-20 06:15:25 --> Undefined array key "mitgliedID"
#0 C:\xampp\htdocs\CodeIgniter\app\Controllers\Personen.php(109): CodeIgniter\Debug\Exceptions->errorHandler(2, 'Undefined array...', 'C:\\xampp\\htdocs...', 109)
#1 C:\xampp\htdocs\CodeIgniter\system\CodeIgniter.php(824): App\Controllers\Personen->index()
#2 C:\xampp\htdocs\CodeIgniter\system\CodeIgniter.php(410): CodeIgniter\CodeIgniter->runController(Object(App\Controllers\Personen))
#3 C:\xampp\htdocs\CodeIgniter\system\CodeIgniter.php(318): CodeIgniter\CodeIgniter->handleRequest(NULL, Object(Config\Cache), false)
#4 C:\xampp\htdocs\CodeIgniter\public\index.php(39): CodeIgniter\CodeIgniter->run()
#5 {main}
CRITICAL - 2022-01-20 06:15:32 --> Undefined array key "mitgliedID"
#0 C:\xampp\htdocs\CodeIgniter\app\Controllers\Personen.php(109): CodeIgniter\Debug\Exceptions->errorHandler(2, 'Undefined array...', 'C:\\xampp\\htdocs...', 109)
#1 C:\xampp\htdocs\CodeIgniter\system\CodeIgniter.php(824): App\Controllers\Personen->index()
#2 C:\xampp\htdocs\CodeIgniter\system\CodeIgniter.php(410): CodeIgniter\CodeIgniter->runController(Object(App\Controllers\Personen))
#3 C:\xampp\htdocs\CodeIgniter\system\CodeIgniter.php(318): CodeIgniter\CodeIgniter->handleRequest(NULL, Object(Config\Cache), false)
#4 C:\xampp\htdocs\CodeIgniter\public\index.php(39): CodeIgniter\CodeIgniter->run()
#5 {main}
CRITICAL - 2022-01-20 06:16:17 --> Undefined array key "MitgliedID"
#0 C:\xampp\htdocs\CodeIgniter\app\Controllers\Personen.php(109): CodeIgniter\Debug\Exceptions->errorHandler(2, 'Undefined array...', 'C:\\xampp\\htdocs...', 109)
#1 C:\xampp\htdocs\CodeIgniter\system\CodeIgniter.php(824): App\Controllers\Personen->index()
#2 C:\xampp\htdocs\CodeIgniter\system\CodeIgniter.php(410): CodeIgniter\CodeIgniter->runController(Object(App\Controllers\Personen))
#3 C:\xampp\htdocs\CodeIgniter\system\CodeIgniter.php(318): CodeIgniter\CodeIgniter->handleRequest(NULL, Object(Config\Cache), false)
#4 C:\xampp\htdocs\CodeIgniter\public\index.php(39): CodeIgniter\CodeIgniter->run()
#5 {main}
CRITICAL - 2022-01-20 06:16:59 --> Undefined array key "mitgliedID"
#0 C:\xampp\htdocs\CodeIgniter\app\Controllers\Personen.php(109): CodeIgniter\Debug\Exceptions->errorHandler(2, 'Undefined array...', 'C:\\xampp\\htdocs...', 109)
#1 C:\xampp\htdocs\CodeIgniter\system\CodeIgniter.php(824): App\Controllers\Personen->index()
#2 C:\xampp\htdocs\CodeIgniter\system\CodeIgniter.php(410): CodeIgniter\CodeIgniter->runController(Object(App\Controllers\Personen))
#3 C:\xampp\htdocs\CodeIgniter\system\CodeIgniter.php(318): CodeIgniter\CodeIgniter->handleRequest(NULL, Object(Config\Cache), false)
#4 C:\xampp\htdocs\CodeIgniter\public\index.php(39): CodeIgniter\CodeIgniter->run()
#5 {main}
CRITICAL - 2022-01-20 06:27:54 --> Undefined array key "entry"
#0 C:\xampp\htdocs\CodeIgniter\app\Controllers\Personen.php(27): CodeIgniter\Debug\Exceptions->errorHandler(2, 'Undefined array...', 'C:\\xampp\\htdocs...', 27)
#1 C:\xampp\htdocs\CodeIgniter\system\CodeIgniter.php(824): App\Controllers\Personen->index()
#2 C:\xampp\htdocs\CodeIgniter\system\CodeIgniter.php(410): CodeIgniter\CodeIgniter->runController(Object(App\Controllers\Personen))
#3 C:\xampp\htdocs\CodeIgniter\system\CodeIgniter.php(318): CodeIgniter\CodeIgniter->handleRequest(NULL, Object(Config\Cache), false)
#4 C:\xampp\htdocs\CodeIgniter\public\index.php(39): CodeIgniter\CodeIgniter->run()
#5 {main}
CRITICAL - 2022-01-20 06:30:28 --> Trying to access array offset on value of type null
#0 C:\xampp\htdocs\CodeIgniter\app\Controllers\Personen.php(28): CodeIgniter\Debug\Exceptions->errorHandler(2, 'Trying to acces...', 'C:\\xampp\\htdocs...', 28)
#1 C:\xampp\htdocs\CodeIgniter\system\CodeIgniter.php(824): App\Controllers\Personen->index()
#2 C:\xampp\htdocs\CodeIgniter\system\CodeIgniter.php(410): CodeIgniter\CodeIgniter->runController(Object(App\Controllers\Personen))
#3 C:\xampp\htdocs\CodeIgniter\system\CodeIgniter.php(318): CodeIgniter\CodeIgniter->handleRequest(NULL, Object(Config\Cache), false)
#4 C:\xampp\htdocs\CodeIgniter\public\index.php(39): CodeIgniter\CodeIgniter->run()
#5 {main}
CRITICAL - 2022-01-20 06:43:26 --> Invalid file: pages/Projekt.php
#0 C:\xampp\htdocs\CodeIgniter\system\View\View.php(198): CodeIgniter\Exceptions\FrameworkException::forInvalidFile('pages/Projekt.p...')
#1 C:\xampp\htdocs\CodeIgniter\system\Common.php(1097): CodeIgniter\View\View->render('pages/Projekt', Array, true)
#2 C:\xampp\htdocs\CodeIgniter\app\Controllers\Projekte.php(81): view('pages/Projekt', Array)
#3 C:\xampp\htdocs\CodeIgniter\system\CodeIgniter.php(824): App\Controllers\Projekte->index()
#4 C:\xampp\htdocs\CodeIgniter\system\CodeIgniter.php(410): CodeIgniter\CodeIgniter->runController(Object(App\Controllers\Projekte))
#5 C:\xampp\htdocs\CodeIgniter\system\CodeIgniter.php(318): CodeIgniter\CodeIgniter->handleRequest(NULL, Object(Config\Cache), false)
#6 C:\xampp\htdocs\CodeIgniter\public\index.php(39): CodeIgniter\CodeIgniter->run()
#7 {main}
CRITICAL - 2022-01-20 06:43:43 --> Undefined variable $dataSet
#0 C:\xampp\htdocs\CodeIgniter\app\Views\pages\Projekte.php(16): CodeIgniter\Debug\Exceptions->errorHandler(2, 'Undefined varia...', 'C:\\xampp\\htdocs...', 16)
#1 C:\xampp\htdocs\CodeIgniter\system\View\View.php(214): include('C:\\xampp\\htdocs...')
#2 C:\xampp\htdocs\CodeIgniter\system\View\View.php(217): CodeIgniter\View\View->CodeIgniter\View\{closure}()
#3 C:\xampp\htdocs\CodeIgniter\system\Common.php(1097): CodeIgniter\View\View->render('pages/Projekte', Array, true)
#4 C:\xampp\htdocs\CodeIgniter\app\Controllers\Projekte.php(81): view('pages/Projekte', Array)
#5 C:\xampp\htdocs\CodeIgniter\system\CodeIgniter.php(824): App\Controllers\Projekte->index()
#6 C:\xampp\htdocs\CodeIgniter\system\CodeIgniter.php(410): CodeIgniter\CodeIgniter->runController(Object(App\Controllers\Projekte))
#7 C:\xampp\htdocs\CodeIgniter\system\CodeIgniter.php(318): CodeIgniter\CodeIgniter->handleRequest(NULL, Object(Config\Cache), false)
#8 C:\xampp\htdocs\CodeIgniter\public\index.php(39): CodeIgniter\CodeIgniter->run()
#9 {main}
CRITICAL - 2022-01-20 06:44:44 --> You must set the database table to be used with your query.
#0 C:\xampp\htdocs\CodeIgniter\system\Model.php(545): CodeIgniter\Database\BaseConnection->table(NULL)
#1 C:\xampp\htdocs\CodeIgniter\system\Model.php(717): CodeIgniter\Model->builder()
#2 C:\xampp\htdocs\CodeIgniter\app\Controllers\Projekte.php(70): CodeIgniter\Model->__call('createEntry', Array)
#3 C:\xampp\htdocs\CodeIgniter\system\CodeIgniter.php(824): App\Controllers\Projekte->index()
#4 C:\xampp\htdocs\CodeIgniter\system\CodeIgniter.php(410): CodeIgniter\CodeIgniter->runController(Object(App\Controllers\Projekte))
#5 C:\xampp\htdocs\CodeIgniter\system\CodeIgniter.php(318): CodeIgniter\CodeIgniter->handleRequest(NULL, Object(Config\Cache), false)
#6 C:\xampp\htdocs\CodeIgniter\public\index.php(39): CodeIgniter\CodeIgniter->run()
#7 {main}
CRITICAL - 2022-01-20 06:59:34 --> Undefined variable $entry
#0 C:\xampp\htdocs\CodeIgniter\app\Views\pages\Projekte.php(11): CodeIgniter\Debug\Exceptions->errorHandler(2, 'Undefined varia...', 'C:\\xampp\\htdocs...', 11)
#1 C:\xampp\htdocs\CodeIgniter\system\View\View.php(214): include('C:\\xampp\\htdocs...')
#2 C:\xampp\htdocs\CodeIgniter\system\View\View.php(217): CodeIgniter\View\View->CodeIgniter\View\{closure}()
#3 C:\xampp\htdocs\CodeIgniter\system\Common.php(1097): CodeIgniter\View\View->render('pages/Projekte', Array, true)
#4 C:\xampp\htdocs\CodeIgniter\app\Controllers\Projekte.php(81): view('pages/Projekte', Array)
#5 C:\xampp\htdocs\CodeIgniter\system\CodeIgniter.php(824): App\Controllers\Projekte->index()
#6 C:\xampp\htdocs\CodeIgniter\system\CodeIgniter.php(410): CodeIgniter\CodeIgniter->runController(Object(App\Controllers\Projekte))
#7 C:\xampp\htdocs\CodeIgniter\system\CodeIgniter.php(318): CodeIgniter\CodeIgniter->handleRequest(NULL, Object(Config\Cache), false)
#8 C:\xampp\htdocs\CodeIgniter\public\index.php(39): CodeIgniter\CodeIgniter->run()
#9 {main}
CRITICAL - 2022-01-20 07:02:24 --> Undefined array key "projektID"
#0 C:\xampp\htdocs\CodeIgniter\app\Models\ProjektModel.php(94): CodeIgniter\Debug\Exceptions->errorHandler(2, 'Undefined array...', 'C:\\xampp\\htdocs...', 94)
#1 C:\xampp\htdocs\CodeIgniter\app\Controllers\Projekte.php(69): App\Models\ProjektModel->deleteEntry()
#2 C:\xampp\htdocs\CodeIgniter\system\CodeIgniter.php(824): App\Controllers\Projekte->index()
#3 C:\xampp\htdocs\CodeIgniter\system\CodeIgniter.php(410): CodeIgniter\CodeIgniter->runController(Object(App\Controllers\Projekte))
#4 C:\xampp\htdocs\CodeIgniter\system\CodeIgniter.php(318): CodeIgniter\CodeIgniter->handleRequest(NULL, Object(Config\Cache), false)
#5 C:\xampp\htdocs\CodeIgniter\public\index.php(39): CodeIgniter\CodeIgniter->run()
#6 {main}
CRITICAL - 2022-01-20 07:03:01 --> Undefined array key "projektID"
#0 C:\xampp\htdocs\CodeIgniter\app\Models\ProjektModel.php(74): CodeIgniter\Debug\Exceptions->errorHandler(2, 'Undefined array...', 'C:\\xampp\\htdocs...', 74)
#1 C:\xampp\htdocs\CodeIgniter\app\Controllers\Projekte.php(68): App\Models\ProjektModel->changeEntry()
#2 C:\xampp\htdocs\CodeIgniter\system\CodeIgniter.php(824): App\Controllers\Projekte->index()
#3 C:\xampp\htdocs\CodeIgniter\system\CodeIgniter.php(410): CodeIgniter\CodeIgniter->runController(Object(App\Controllers\Projekte))
#4 C:\xampp\htdocs\CodeIgniter\system\CodeIgniter.php(318): CodeIgniter\CodeIgniter->handleRequest(NULL, Object(Config\Cache), false)
#5 C:\xampp\htdocs\CodeIgniter\public\index.php(39): CodeIgniter\CodeIgniter->run()
#6 {main}
