CRITICAL - 2022-01-26 07:54:34 --> Invalid file: http://localhost/CodeIgniter/publicpages/modal.php
#0 C:\xampp\htdocs\CodeIgniter\system\View\View.php(198): CodeIgniter\Exceptions\FrameworkException::forInvalidFile('http://localhos...')
#1 C:\xampp\htdocs\CodeIgniter\system\Common.php(1097): CodeIgniter\View\View->render('http://localhos...', Array, true)
#2 C:\xampp\htdocs\CodeIgniter\app\Views\pages\test.php(5): view('http://localhos...')
#3 C:\xampp\htdocs\CodeIgniter\system\View\View.php(214): include('C:\\xampp\\htdocs...')
#4 C:\xampp\htdocs\CodeIgniter\system\View\View.php(217): CodeIgniter\View\View->CodeIgniter\View\{closure}()
#5 C:\xampp\htdocs\CodeIgniter\system\Common.php(1097): CodeIgniter\View\View->render('pages/test', Array, true)
#6 C:\xampp\htdocs\CodeIgniter\app\Controllers\test.php(15): view('pages/test')
#7 C:\xampp\htdocs\CodeIgniter\system\CodeIgniter.php(824): App\Controllers\test->index()
#8 C:\xampp\htdocs\CodeIgniter\system\CodeIgniter.php(410): CodeIgniter\CodeIgniter->runController(Object(App\Controllers\test))
#9 C:\xampp\htdocs\CodeIgniter\system\CodeIgniter.php(318): CodeIgniter\CodeIgniter->handleRequest(NULL, Object(Config\Cache), false)
#10 C:\xampp\htdocs\CodeIgniter\public\index.php(39): CodeIgniter\CodeIgniter->run()
#11 {main}
CRITICAL - 2022-01-26 07:54:54 --> Invalid file: http://localhost/CodeIgniter/public/pages/modal.php
#0 C:\xampp\htdocs\CodeIgniter\system\View\View.php(198): CodeIgniter\Exceptions\FrameworkException::forInvalidFile('http://localhos...')
#1 C:\xampp\htdocs\CodeIgniter\system\Common.php(1097): CodeIgniter\View\View->render('http://localhos...', Array, true)
#2 C:\xampp\htdocs\CodeIgniter\app\Views\pages\test.php(5): view('http://localhos...')
#3 C:\xampp\htdocs\CodeIgniter\system\View\View.php(214): include('C:\\xampp\\htdocs...')
#4 C:\xampp\htdocs\CodeIgniter\system\View\View.php(217): CodeIgniter\View\View->CodeIgniter\View\{closure}()
#5 C:\xampp\htdocs\CodeIgniter\system\Common.php(1097): CodeIgniter\View\View->render('pages/test', Array, true)
#6 C:\xampp\htdocs\CodeIgniter\app\Controllers\test.php(15): view('pages/test')
#7 C:\xampp\htdocs\CodeIgniter\system\CodeIgniter.php(824): App\Controllers\test->index()
#8 C:\xampp\htdocs\CodeIgniter\system\CodeIgniter.php(410): CodeIgniter\CodeIgniter->runController(Object(App\Controllers\test))
#9 C:\xampp\htdocs\CodeIgniter\system\CodeIgniter.php(318): CodeIgniter\CodeIgniter->handleRequest(NULL, Object(Config\Cache), false)
#10 C:\xampp\htdocs\CodeIgniter\public\index.php(39): CodeIgniter\CodeIgniter->run()
#11 {main}
CRITICAL - 2022-01-26 07:59:07 --> require_once(dynamic/generate_table.php): Failed to open stream: No such file or directory
#0 C:\xampp\htdocs\CodeIgniter\app\Views\pages\Aufgaben.php(1): CodeIgniter\Debug\Exceptions->errorHandler(2, 'require_once(dy...', 'C:\\xampp\\htdocs...', 1)
#1 C:\xampp\htdocs\CodeIgniter\app\Views\pages\Aufgaben.php(1): require_once()
#2 C:\xampp\htdocs\CodeIgniter\system\View\View.php(214): include('C:\\xampp\\htdocs...')
#3 C:\xampp\htdocs\CodeIgniter\system\View\View.php(217): CodeIgniter\View\View->CodeIgniter\View\{closure}()
#4 C:\xampp\htdocs\CodeIgniter\system\Common.php(1097): CodeIgniter\View\View->render('pages/Aufgaben', Array, true)
#5 C:\xampp\htdocs\CodeIgniter\app\Controllers\Aufgaben.php(34): view('pages/Aufgaben', Array)
#6 C:\xampp\htdocs\CodeIgniter\system\CodeIgniter.php(824): App\Controllers\Aufgaben->index()
#7 C:\xampp\htdocs\CodeIgniter\system\CodeIgniter.php(410): CodeIgniter\CodeIgniter->runController(Object(App\Controllers\Aufgaben))
#8 C:\xampp\htdocs\CodeIgniter\system\CodeIgniter.php(318): CodeIgniter\CodeIgniter->handleRequest(NULL, Object(Config\Cache), false)
#9 C:\xampp\htdocs\CodeIgniter\public\index.php(39): CodeIgniter\CodeIgniter->run()
#10 {main}
CRITICAL - 2022-01-26 08:05:11 --> Invalid file: dynamic/generate_table.php
#0 C:\xampp\htdocs\CodeIgniter\system\View\View.php(198): CodeIgniter\Exceptions\FrameworkException::forInvalidFile('dynamic/generat...')
#1 C:\xampp\htdocs\CodeIgniter\system\Common.php(1097): CodeIgniter\View\View->render('dynamic/generat...', Array, true)
#2 C:\xampp\htdocs\CodeIgniter\app\Views\pages\Reiter.php(1): view('dynamic/generat...')
#3 C:\xampp\htdocs\CodeIgniter\system\View\View.php(214): include('C:\\xampp\\htdocs...')
#4 C:\xampp\htdocs\CodeIgniter\system\View\View.php(217): CodeIgniter\View\View->CodeIgniter\View\{closure}()
#5 C:\xampp\htdocs\CodeIgniter\system\Common.php(1097): CodeIgniter\View\View->render('pages/Reiter', Array, true)
#6 C:\xampp\htdocs\CodeIgniter\app\Controllers\Reiter.php(31): view('pages/Reiter', Array)
#7 C:\xampp\htdocs\CodeIgniter\system\CodeIgniter.php(824): App\Controllers\Reiter->index()
#8 C:\xampp\htdocs\CodeIgniter\system\CodeIgniter.php(410): CodeIgniter\CodeIgniter->runController(Object(App\Controllers\Reiter))
#9 C:\xampp\htdocs\CodeIgniter\system\CodeIgniter.php(318): CodeIgniter\CodeIgniter->handleRequest(NULL, Object(Config\Cache), false)
#10 C:\xampp\htdocs\CodeIgniter\public\index.php(39): CodeIgniter\CodeIgniter->run()
#11 {main}
CRITICAL - 2022-01-26 08:11:12 --> Undefined variable $a
#0 C:\xampp\htdocs\CodeIgniter\app\Views\modals\modal.php(6): CodeIgniter\Debug\Exceptions->errorHandler(2, 'Undefined varia...', 'C:\\xampp\\htdocs...', 6)
#1 C:\xampp\htdocs\CodeIgniter\system\View\View.php(214): include('C:\\xampp\\htdocs...')
#2 C:\xampp\htdocs\CodeIgniter\system\View\View.php(217): CodeIgniter\View\View->CodeIgniter\View\{closure}()
#3 C:\xampp\htdocs\CodeIgniter\system\Common.php(1097): CodeIgniter\View\View->render('modals/modal', Array, true)
#4 C:\xampp\htdocs\CodeIgniter\app\Views\pages\test.php(5): view('modals/modal')
#5 C:\xampp\htdocs\CodeIgniter\system\View\View.php(214): include('C:\\xampp\\htdocs...')
#6 C:\xampp\htdocs\CodeIgniter\system\View\View.php(217): CodeIgniter\View\View->CodeIgniter\View\{closure}()
#7 C:\xampp\htdocs\CodeIgniter\system\Common.php(1097): CodeIgniter\View\View->render('pages/test', Array, true)
#8 C:\xampp\htdocs\CodeIgniter\app\Controllers\test.php(15): view('pages/test')
#9 C:\xampp\htdocs\CodeIgniter\system\CodeIgniter.php(824): App\Controllers\test->index()
#10 C:\xampp\htdocs\CodeIgniter\system\CodeIgniter.php(410): CodeIgniter\CodeIgniter->runController(Object(App\Controllers\test))
#11 C:\xampp\htdocs\CodeIgniter\system\CodeIgniter.php(318): CodeIgniter\CodeIgniter->handleRequest(NULL, Object(Config\Cache), false)
#12 C:\xampp\htdocs\CodeIgniter\public\index.php(39): CodeIgniter\CodeIgniter->run()
#13 {main}
