CRITICAL - 2022-01-21 04:59:04 --> Undefined variable $InputZustaendig
#0 C:\xampp\htdocs\CodeIgniter\app\Models\AufgabenModel.php(33): CodeIgniter\Debug\Exceptions->errorHandler(2, 'Undefined varia...', 'C:\\xampp\\htdocs...', 33)
#1 C:\xampp\htdocs\CodeIgniter\app\Controllers\Aufgaben.php(26): App\Models\AufgabenModel->createEntry()
#2 C:\xampp\htdocs\CodeIgniter\system\CodeIgniter.php(824): App\Controllers\Aufgaben->index()
#3 C:\xampp\htdocs\CodeIgniter\system\CodeIgniter.php(410): CodeIgniter\CodeIgniter->runController(Object(App\Controllers\Aufgaben))
#4 C:\xampp\htdocs\CodeIgniter\system\CodeIgniter.php(318): CodeIgniter\CodeIgniter->handleRequest(NULL, Object(Config\Cache), false)
#5 C:\xampp\htdocs\CodeIgniter\public\index.php(39): CodeIgniter\CodeIgniter->run()
#6 {main}
ERROR - 2022-01-21 05:07:47 --> You have an error in your SQL syntax; check the manual that corresponds to your MariaDB server version for the right syntax to use near '0, 1, 2) VALUES (('1',15), ('2',15), ('3',15))' at line 1
CRITICAL - 2022-01-21 05:07:47 --> You have an error in your SQL syntax; check the manual that corresponds to your MariaDB server version for the right syntax to use near '0, 1, 2) VALUES (('1',15), ('2',15), ('3',15))' at line 1
#0 C:\xampp\htdocs\CodeIgniter\system\Database\MySQLi\Connection.php(292): mysqli->query('INSERT INTO `zu...', 0)
#1 C:\xampp\htdocs\CodeIgniter\system\Database\BaseConnection.php(670): CodeIgniter\Database\MySQLi\Connection->execute('INSERT INTO `zu...')
#2 C:\xampp\htdocs\CodeIgniter\system\Database\BaseConnection.php(598): CodeIgniter\Database\BaseConnection->simpleQuery('INSERT INTO `zu...')
#3 C:\xampp\htdocs\CodeIgniter\system\Database\BaseBuilder.php(1759): CodeIgniter\Database\BaseConnection->query('INSERT INTO `zu...', Array, false)
#4 C:\xampp\htdocs\CodeIgniter\app\Models\AufgabenModel.php(41): CodeIgniter\Database\BaseBuilder->insert(Array)
#5 C:\xampp\htdocs\CodeIgniter\app\Controllers\Aufgaben.php(26): App\Models\AufgabenModel->createEntry()
#6 C:\xampp\htdocs\CodeIgniter\system\CodeIgniter.php(824): App\Controllers\Aufgaben->index()
#7 C:\xampp\htdocs\CodeIgniter\system\CodeIgniter.php(410): CodeIgniter\CodeIgniter->runController(Object(App\Controllers\Aufgaben))
#8 C:\xampp\htdocs\CodeIgniter\system\CodeIgniter.php(318): CodeIgniter\CodeIgniter->handleRequest(NULL, Object(Config\Cache), false)
#9 C:\xampp\htdocs\CodeIgniter\public\index.php(39): CodeIgniter\CodeIgniter->run()
#10 {main}
ERROR - 2022-01-21 05:19:26 --> You have an error in your SQL syntax; check the manual that corresponds to your MariaDB server version for the right syntax to use near '0, 1, 2) VALUES (('1',16), ('2',16), ('3',16))' at line 1
CRITICAL - 2022-01-21 05:19:26 --> You have an error in your SQL syntax; check the manual that corresponds to your MariaDB server version for the right syntax to use near '0, 1, 2) VALUES (('1',16), ('2',16), ('3',16))' at line 1
#0 C:\xampp\htdocs\CodeIgniter\system\Database\MySQLi\Connection.php(292): mysqli->query('INSERT INTO `zu...', 0)
#1 C:\xampp\htdocs\CodeIgniter\system\Database\BaseConnection.php(670): CodeIgniter\Database\MySQLi\Connection->execute('INSERT INTO `zu...')
#2 C:\xampp\htdocs\CodeIgniter\system\Database\BaseConnection.php(598): CodeIgniter\Database\BaseConnection->simpleQuery('INSERT INTO `zu...')
#3 C:\xampp\htdocs\CodeIgniter\system\Database\BaseBuilder.php(1759): CodeIgniter\Database\BaseConnection->query('INSERT INTO `zu...', Array, false)
#4 C:\xampp\htdocs\CodeIgniter\app\Models\AufgabenModel.php(41): CodeIgniter\Database\BaseBuilder->insert(Array)
#5 C:\xampp\htdocs\CodeIgniter\app\Controllers\Aufgaben.php(26): App\Models\AufgabenModel->createEntry()
#6 C:\xampp\htdocs\CodeIgniter\system\CodeIgniter.php(824): App\Controllers\Aufgaben->index()
#7 C:\xampp\htdocs\CodeIgniter\system\CodeIgniter.php(410): CodeIgniter\CodeIgniter->runController(Object(App\Controllers\Aufgaben))
#8 C:\xampp\htdocs\CodeIgniter\system\CodeIgniter.php(318): CodeIgniter\CodeIgniter->handleRequest(NULL, Object(Config\Cache), false)
#9 C:\xampp\htdocs\CodeIgniter\public\index.php(39): CodeIgniter\CodeIgniter->run()
#10 {main}
ERROR - 2022-01-21 05:19:39 --> You have an error in your SQL syntax; check the manual that corresponds to your MariaDB server version for the right syntax to use near '0, 1, 2) VALUES ((1,17), (2,17), (3,17))' at line 1
CRITICAL - 2022-01-21 05:19:39 --> You have an error in your SQL syntax; check the manual that corresponds to your MariaDB server version for the right syntax to use near '0, 1, 2) VALUES ((1,17), (2,17), (3,17))' at line 1
#0 C:\xampp\htdocs\CodeIgniter\system\Database\MySQLi\Connection.php(292): mysqli->query('INSERT INTO `zu...', 0)
#1 C:\xampp\htdocs\CodeIgniter\system\Database\BaseConnection.php(670): CodeIgniter\Database\MySQLi\Connection->execute('INSERT INTO `zu...')
#2 C:\xampp\htdocs\CodeIgniter\system\Database\BaseConnection.php(598): CodeIgniter\Database\BaseConnection->simpleQuery('INSERT INTO `zu...')
#3 C:\xampp\htdocs\CodeIgniter\system\Database\BaseBuilder.php(1759): CodeIgniter\Database\BaseConnection->query('INSERT INTO `zu...', Array, false)
#4 C:\xampp\htdocs\CodeIgniter\app\Models\AufgabenModel.php(41): CodeIgniter\Database\BaseBuilder->insert(Array)
#5 C:\xampp\htdocs\CodeIgniter\app\Controllers\Aufgaben.php(26): App\Models\AufgabenModel->createEntry()
#6 C:\xampp\htdocs\CodeIgniter\system\CodeIgniter.php(824): App\Controllers\Aufgaben->index()
#7 C:\xampp\htdocs\CodeIgniter\system\CodeIgniter.php(410): CodeIgniter\CodeIgniter->runController(Object(App\Controllers\Aufgaben))
#8 C:\xampp\htdocs\CodeIgniter\system\CodeIgniter.php(318): CodeIgniter\CodeIgniter->handleRequest(NULL, Object(Config\Cache), false)
#9 C:\xampp\htdocs\CodeIgniter\public\index.php(39): CodeIgniter\CodeIgniter->run()
#10 {main}
CRITICAL - 2022-01-21 05:30:56 --> syntax error, unexpected token ","
#0 C:\xampp\htdocs\CodeIgniter\system\View\View.php(217): CodeIgniter\View\View->CodeIgniter\View\{closure}()
#1 C:\xampp\htdocs\CodeIgniter\system\Common.php(1097): CodeIgniter\View\View->render('pages/Aufgaben', Array, true)
#2 C:\xampp\htdocs\CodeIgniter\app\Controllers\Aufgaben.php(36): view('pages/Aufgaben', Array)
#3 C:\xampp\htdocs\CodeIgniter\system\CodeIgniter.php(824): App\Controllers\Aufgaben->index()
#4 C:\xampp\htdocs\CodeIgniter\system\CodeIgniter.php(410): CodeIgniter\CodeIgniter->runController(Object(App\Controllers\Aufgaben))
#5 C:\xampp\htdocs\CodeIgniter\system\CodeIgniter.php(318): CodeIgniter\CodeIgniter->handleRequest(NULL, Object(Config\Cache), false)
#6 C:\xampp\htdocs\CodeIgniter\public\index.php(39): CodeIgniter\CodeIgniter->run()
#7 {main}
CRITICAL - 2022-01-21 05:31:33 --> syntax error, unexpected token ","
#0 C:\xampp\htdocs\CodeIgniter\system\View\View.php(217): CodeIgniter\View\View->CodeIgniter\View\{closure}()
#1 C:\xampp\htdocs\CodeIgniter\system\Common.php(1097): CodeIgniter\View\View->render('pages/Aufgaben', Array, true)
#2 C:\xampp\htdocs\CodeIgniter\app\Controllers\Aufgaben.php(36): view('pages/Aufgaben', Array)
#3 C:\xampp\htdocs\CodeIgniter\system\CodeIgniter.php(824): App\Controllers\Aufgaben->index()
#4 C:\xampp\htdocs\CodeIgniter\system\CodeIgniter.php(410): CodeIgniter\CodeIgniter->runController(Object(App\Controllers\Aufgaben))
#5 C:\xampp\htdocs\CodeIgniter\system\CodeIgniter.php(318): CodeIgniter\CodeIgniter->handleRequest(NULL, Object(Config\Cache), false)
#6 C:\xampp\htdocs\CodeIgniter\public\index.php(39): CodeIgniter\CodeIgniter->run()
#7 {main}
CRITICAL - 2022-01-21 05:31:50 --> syntax error, unexpected token ";"
#0 C:\xampp\htdocs\CodeIgniter\system\View\View.php(217): CodeIgniter\View\View->CodeIgniter\View\{closure}()
#1 C:\xampp\htdocs\CodeIgniter\system\Common.php(1097): CodeIgniter\View\View->render('pages/Aufgaben', Array, true)
#2 C:\xampp\htdocs\CodeIgniter\app\Controllers\Aufgaben.php(36): view('pages/Aufgaben', Array)
#3 C:\xampp\htdocs\CodeIgniter\system\CodeIgniter.php(824): App\Controllers\Aufgaben->index()
#4 C:\xampp\htdocs\CodeIgniter\system\CodeIgniter.php(410): CodeIgniter\CodeIgniter->runController(Object(App\Controllers\Aufgaben))
#5 C:\xampp\htdocs\CodeIgniter\system\CodeIgniter.php(318): CodeIgniter\CodeIgniter->handleRequest(NULL, Object(Config\Cache), false)
#6 C:\xampp\htdocs\CodeIgniter\public\index.php(39): CodeIgniter\CodeIgniter->run()
#7 {main}
CRITICAL - 2022-01-21 05:33:52 --> Undefined array key "Benutzername"
#0 C:\xampp\htdocs\CodeIgniter\app\Views\pages\Aufgaben.php(37): CodeIgniter\Debug\Exceptions->errorHandler(2, 'Undefined array...', 'C:\\xampp\\htdocs...', 37)
#1 C:\xampp\htdocs\CodeIgniter\system\View\View.php(214): include('C:\\xampp\\htdocs...')
#2 C:\xampp\htdocs\CodeIgniter\system\View\View.php(217): CodeIgniter\View\View->CodeIgniter\View\{closure}()
#3 C:\xampp\htdocs\CodeIgniter\system\Common.php(1097): CodeIgniter\View\View->render('pages/Aufgaben', Array, true)
#4 C:\xampp\htdocs\CodeIgniter\app\Controllers\Aufgaben.php(36): view('pages/Aufgaben', Array)
#5 C:\xampp\htdocs\CodeIgniter\system\CodeIgniter.php(824): App\Controllers\Aufgaben->index()
#6 C:\xampp\htdocs\CodeIgniter\system\CodeIgniter.php(410): CodeIgniter\CodeIgniter->runController(Object(App\Controllers\Aufgaben))
#7 C:\xampp\htdocs\CodeIgniter\system\CodeIgniter.php(318): CodeIgniter\CodeIgniter->handleRequest(NULL, Object(Config\Cache), false)
#8 C:\xampp\htdocs\CodeIgniter\public\index.php(39): CodeIgniter\CodeIgniter->run()
#9 {main}
CRITICAL - 2022-01-21 05:37:37 --> You must set the database table to be used with your query.
#0 C:\xampp\htdocs\CodeIgniter\system\Model.php(545): CodeIgniter\Database\BaseConnection->table(NULL)
#1 C:\xampp\htdocs\CodeIgniter\system\Model.php(717): CodeIgniter\Model->builder()
#2 C:\xampp\htdocs\CodeIgniter\app\Controllers\Aufgaben.php(20): CodeIgniter\Model->__call('getinPro', Array)
#3 C:\xampp\htdocs\CodeIgniter\system\CodeIgniter.php(824): App\Controllers\Aufgaben->index()
#4 C:\xampp\htdocs\CodeIgniter\system\CodeIgniter.php(410): CodeIgniter\CodeIgniter->runController(Object(App\Controllers\Aufgaben))
#5 C:\xampp\htdocs\CodeIgniter\system\CodeIgniter.php(318): CodeIgniter\CodeIgniter->handleRequest(NULL, Object(Config\Cache), false)
#6 C:\xampp\htdocs\CodeIgniter\public\index.php(39): CodeIgniter\CodeIgniter->run()
#7 {main}
CRITICAL - 2022-01-21 05:38:01 --> You must set the database table to be used with your query.
#0 C:\xampp\htdocs\CodeIgniter\system\Model.php(545): CodeIgniter\Database\BaseConnection->table(NULL)
#1 C:\xampp\htdocs\CodeIgniter\system\Model.php(717): CodeIgniter\Model->builder()
#2 C:\xampp\htdocs\CodeIgniter\app\Controllers\Aufgaben.php(20): CodeIgniter\Model->__call('getinPro', Array)
#3 C:\xampp\htdocs\CodeIgniter\system\CodeIgniter.php(824): App\Controllers\Aufgaben->index()
#4 C:\xampp\htdocs\CodeIgniter\system\CodeIgniter.php(410): CodeIgniter\CodeIgniter->runController(Object(App\Controllers\Aufgaben))
#5 C:\xampp\htdocs\CodeIgniter\system\CodeIgniter.php(318): CodeIgniter\CodeIgniter->handleRequest(NULL, Object(Config\Cache), false)
#6 C:\xampp\htdocs\CodeIgniter\public\index.php(39): CodeIgniter\CodeIgniter->run()
#7 {main}
CRITICAL - 2022-01-21 05:38:06 --> You must set the database table to be used with your query.
#0 C:\xampp\htdocs\CodeIgniter\system\Model.php(545): CodeIgniter\Database\BaseConnection->table(NULL)
#1 C:\xampp\htdocs\CodeIgniter\system\Model.php(717): CodeIgniter\Model->builder()
#2 C:\xampp\htdocs\CodeIgniter\app\Controllers\Aufgaben.php(20): CodeIgniter\Model->__call('getinPro', Array)
#3 C:\xampp\htdocs\CodeIgniter\system\CodeIgniter.php(824): App\Controllers\Aufgaben->index()
#4 C:\xampp\htdocs\CodeIgniter\system\CodeIgniter.php(410): CodeIgniter\CodeIgniter->runController(Object(App\Controllers\Aufgaben))
#5 C:\xampp\htdocs\CodeIgniter\system\CodeIgniter.php(318): CodeIgniter\CodeIgniter->handleRequest(NULL, Object(Config\Cache), false)
#6 C:\xampp\htdocs\CodeIgniter\public\index.php(39): CodeIgniter\CodeIgniter->run()
#7 {main}
CRITICAL - 2022-01-21 05:39:30 --> Undefined variable $inPro
#0 C:\xampp\htdocs\CodeIgniter\app\Views\pages\Aufgaben.php(37): CodeIgniter\Debug\Exceptions->errorHandler(2, 'Undefined varia...', 'C:\\xampp\\htdocs...', 37)
#1 C:\xampp\htdocs\CodeIgniter\system\View\View.php(214): include('C:\\xampp\\htdocs...')
#2 C:\xampp\htdocs\CodeIgniter\system\View\View.php(217): CodeIgniter\View\View->CodeIgniter\View\{closure}()
#3 C:\xampp\htdocs\CodeIgniter\system\Common.php(1097): CodeIgniter\View\View->render('pages/Aufgaben', Array, true)
#4 C:\xampp\htdocs\CodeIgniter\app\Controllers\Aufgaben.php(36): view('pages/Aufgaben', Array)
#5 C:\xampp\htdocs\CodeIgniter\system\CodeIgniter.php(824): App\Controllers\Aufgaben->index()
#6 C:\xampp\htdocs\CodeIgniter\system\CodeIgniter.php(410): CodeIgniter\CodeIgniter->runController(Object(App\Controllers\Aufgaben))
#7 C:\xampp\htdocs\CodeIgniter\system\CodeIgniter.php(318): CodeIgniter\CodeIgniter->handleRequest(NULL, Object(Config\Cache), false)
#8 C:\xampp\htdocs\CodeIgniter\public\index.php(39): CodeIgniter\CodeIgniter->run()
#9 {main}
CRITICAL - 2022-01-21 05:40:00 --> Undefined array key "aufgabeID"
#0 C:\xampp\htdocs\CodeIgniter\app\Models\AufgabenModel.php(21): CodeIgniter\Debug\Exceptions->errorHandler(2, 'Undefined array...', 'C:\\xampp\\htdocs...', 21)
#1 C:\xampp\htdocs\CodeIgniter\app\Controllers\Aufgaben.php(20): App\Models\AufgabenModel->getinPro()
#2 C:\xampp\htdocs\CodeIgniter\system\CodeIgniter.php(824): App\Controllers\Aufgaben->index()
#3 C:\xampp\htdocs\CodeIgniter\system\CodeIgniter.php(410): CodeIgniter\CodeIgniter->runController(Object(App\Controllers\Aufgaben))
#4 C:\xampp\htdocs\CodeIgniter\system\CodeIgniter.php(318): CodeIgniter\CodeIgniter->handleRequest(NULL, Object(Config\Cache), false)
#5 C:\xampp\htdocs\CodeIgniter\public\index.php(39): CodeIgniter\CodeIgniter->run()
#6 {main}
CRITICAL - 2022-01-21 05:40:22 --> Undefined array key "aufgabeID"
#0 C:\xampp\htdocs\CodeIgniter\app\Models\AufgabenModel.php(21): CodeIgniter\Debug\Exceptions->errorHandler(2, 'Undefined array...', 'C:\\xampp\\htdocs...', 21)
#1 C:\xampp\htdocs\CodeIgniter\app\Controllers\Aufgaben.php(20): App\Models\AufgabenModel->getinPro()
#2 C:\xampp\htdocs\CodeIgniter\system\CodeIgniter.php(824): App\Controllers\Aufgaben->index()
#3 C:\xampp\htdocs\CodeIgniter\system\CodeIgniter.php(410): CodeIgniter\CodeIgniter->runController(Object(App\Controllers\Aufgaben))
#4 C:\xampp\htdocs\CodeIgniter\system\CodeIgniter.php(318): CodeIgniter\CodeIgniter->handleRequest(NULL, Object(Config\Cache), false)
#5 C:\xampp\htdocs\CodeIgniter\public\index.php(39): CodeIgniter\CodeIgniter->run()
#6 {main}
CRITICAL - 2022-01-21 12:14:32 --> Call to undefined method CodeIgniter\Database\MySQLi\Connection::insert_id()
#0 C:\xampp\htdocs\CodeIgniter\app\Controllers\Aufgaben.php(25): App\Models\AufgabenModel->changeEntry()
#1 C:\xampp\htdocs\CodeIgniter\system\CodeIgniter.php(824): App\Controllers\Aufgaben->index()
#2 C:\xampp\htdocs\CodeIgniter\system\CodeIgniter.php(410): CodeIgniter\CodeIgniter->runController(Object(App\Controllers\Aufgaben))
#3 C:\xampp\htdocs\CodeIgniter\system\CodeIgniter.php(318): CodeIgniter\CodeIgniter->handleRequest(NULL, Object(Config\Cache), false)
#4 C:\xampp\htdocs\CodeIgniter\public\index.php(39): CodeIgniter\CodeIgniter->run()
#5 {main}
CRITICAL - 2022-01-21 12:15:31 --> Undefined variable $InputZustaendig
#0 C:\xampp\htdocs\CodeIgniter\app\Models\AufgabenModel.php(65): CodeIgniter\Debug\Exceptions->errorHandler(2, 'Undefined varia...', 'C:\\xampp\\htdocs...', 65)
#1 C:\xampp\htdocs\CodeIgniter\app\Controllers\Aufgaben.php(25): App\Models\AufgabenModel->changeEntry()
#2 C:\xampp\htdocs\CodeIgniter\system\CodeIgniter.php(824): App\Controllers\Aufgaben->index()
#3 C:\xampp\htdocs\CodeIgniter\system\CodeIgniter.php(410): CodeIgniter\CodeIgniter->runController(Object(App\Controllers\Aufgaben))
#4 C:\xampp\htdocs\CodeIgniter\system\CodeIgniter.php(318): CodeIgniter\CodeIgniter->handleRequest(NULL, Object(Config\Cache), false)
#5 C:\xampp\htdocs\CodeIgniter\public\index.php(39): CodeIgniter\CodeIgniter->run()
#6 {main}
CRITICAL - 2022-01-21 12:15:47 --> Undefined variable $InputZustaendig
#0 C:\xampp\htdocs\CodeIgniter\app\Models\AufgabenModel.php(65): CodeIgniter\Debug\Exceptions->errorHandler(2, 'Undefined varia...', 'C:\\xampp\\htdocs...', 65)
#1 C:\xampp\htdocs\CodeIgniter\app\Controllers\Aufgaben.php(25): App\Models\AufgabenModel->changeEntry()
#2 C:\xampp\htdocs\CodeIgniter\system\CodeIgniter.php(824): App\Controllers\Aufgaben->index()
#3 C:\xampp\htdocs\CodeIgniter\system\CodeIgniter.php(410): CodeIgniter\CodeIgniter->runController(Object(App\Controllers\Aufgaben))
#4 C:\xampp\htdocs\CodeIgniter\system\CodeIgniter.php(318): CodeIgniter\CodeIgniter->handleRequest(NULL, Object(Config\Cache), false)
#5 C:\xampp\htdocs\CodeIgniter\public\index.php(39): CodeIgniter\CodeIgniter->run()
#6 {main}
